CRITICAL - 2021-07-01 20:03:20 --> syntax error, unexpected ''type'' (T_CONSTANT_ENCAPSED_STRING), expecting ']'
#0 D:\projects\gtren\system\Autoloader\Autoloader.php(282): CodeIgniter\Autoloader\Autoloader->includeFile('D:\\projects\\gtr...')
#1 D:\projects\gtren\system\Autoloader\Autoloader.php(247): CodeIgniter\Autoloader\Autoloader->loadInNamespace('App\\Controllers...')
#2 [internal function]: CodeIgniter\Autoloader\Autoloader->loadClass('App\\Controllers...')
#3 [internal function]: spl_autoload_call('App\\Controllers...')
#4 D:\projects\gtren\system\CodeIgniter.php(888): class_exists('\\App\\Controller...', true)
#5 D:\projects\gtren\system\CodeIgniter.php(424): CodeIgniter\CodeIgniter->startController()
#6 D:\projects\gtren\system\CodeIgniter.php(339): CodeIgniter\CodeIgniter->handleRequest(NULL, Object(Config\Cache), false)
#7 D:\projects\gtren\public\index.php(36): CodeIgniter\CodeIgniter->run()
#8 D:\projects\gtren\system\Commands\Server\rewrite.php(45): require_once('D:\\projects\\gtr...')
#9 {main}
CRITICAL - 2021-07-01 20:03:58 --> Undefined property: App\Controllers\User::$model
#0 D:\projects\gtren\app\Controllers\User.php(176): CodeIgniter\Debug\Exceptions->errorHandler(8, 'Undefined prope...', 'D:\\projects\\gtr...', 176, Array)
#1 D:\projects\gtren\system\CodeIgniter.php(931): App\Controllers\User->save_billing('50')
#2 D:\projects\gtren\system\CodeIgniter.php(439): CodeIgniter\CodeIgniter->runController(Object(App\Controllers\User))
#3 D:\projects\gtren\system\CodeIgniter.php(339): CodeIgniter\CodeIgniter->handleRequest(NULL, Object(Config\Cache), false)
#4 D:\projects\gtren\public\index.php(36): CodeIgniter\CodeIgniter->run()
#5 D:\projects\gtren\system\Commands\Server\rewrite.php(45): require_once('D:\\projects\\gtr...')
#6 {main}
CRITICAL - 2021-07-01 20:18:21 --> syntax error, unexpected 'return' (T_RETURN)
#0 D:\projects\gtren\system\Autoloader\Autoloader.php(282): CodeIgniter\Autoloader\Autoloader->includeFile('D:\\projects\\gtr...')
#1 D:\projects\gtren\system\Autoloader\Autoloader.php(247): CodeIgniter\Autoloader\Autoloader->loadInNamespace('App\\Controllers...')
#2 [internal function]: CodeIgniter\Autoloader\Autoloader->loadClass('App\\Controllers...')
#3 [internal function]: spl_autoload_call('App\\Controllers...')
#4 D:\projects\gtren\system\CodeIgniter.php(888): class_exists('\\App\\Controller...', true)
#5 D:\projects\gtren\system\CodeIgniter.php(424): CodeIgniter\CodeIgniter->startController()
#6 D:\projects\gtren\system\CodeIgniter.php(339): CodeIgniter\CodeIgniter->handleRequest(NULL, Object(Config\Cache), false)
#7 D:\projects\gtren\public\index.php(36): CodeIgniter\CodeIgniter->run()
#8 D:\projects\gtren\system\Commands\Server\rewrite.php(45): require_once('D:\\projects\\gtr...')
#9 {main}
CRITICAL - 2021-07-01 20:20:17 --> Undefined index: address
#0 D:\projects\gtren\app\Controllers\User.php(92): CodeIgniter\Debug\Exceptions->errorHandler(8, 'Undefined index...', 'D:\\projects\\gtr...', 92, Array)
#1 D:\projects\gtren\system\CodeIgniter.php(931): App\Controllers\User->address()
#2 D:\projects\gtren\system\CodeIgniter.php(439): CodeIgniter\CodeIgniter->runController(Object(App\Controllers\User))
#3 D:\projects\gtren\system\CodeIgniter.php(339): CodeIgniter\CodeIgniter->handleRequest(NULL, Object(Config\Cache), false)
#4 D:\projects\gtren\public\index.php(36): CodeIgniter\CodeIgniter->run()
#5 D:\projects\gtren\system\Commands\Server\rewrite.php(45): require_once('D:\\projects\\gtr...')
#6 {main}
CRITICAL - 2021-07-01 20:29:39 --> syntax error, unexpected 'endforeach' (T_ENDFOREACH), expecting elseif (T_ELSEIF) or else (T_ELSE) or endif (T_ENDIF)
#0 D:\projects\gtren\system\View\View.php(232): CodeIgniter\View\View->CodeIgniter\View\{closure}()
#1 D:\projects\gtren\system\Common.php(1250): CodeIgniter\View\View->render('commerce/accoun...', Array, true)
#2 D:\projects\gtren\app\Controllers\User.php(92): view('commerce/accoun...', Array)
#3 D:\projects\gtren\system\CodeIgniter.php(931): App\Controllers\User->address()
#4 D:\projects\gtren\system\CodeIgniter.php(439): CodeIgniter\CodeIgniter->runController(Object(App\Controllers\User))
#5 D:\projects\gtren\system\CodeIgniter.php(339): CodeIgniter\CodeIgniter->handleRequest(NULL, Object(Config\Cache), false)
#6 D:\projects\gtren\public\index.php(36): CodeIgniter\CodeIgniter->run()
#7 D:\projects\gtren\system\Commands\Server\rewrite.php(45): require_once('D:\\projects\\gtr...')
#8 {main}
ERROR - 2021-07-01 20:34:13 --> Column 'provinsi' cannot be null
CRITICAL - 2021-07-01 20:34:13 --> Column 'provinsi' cannot be null
#0 D:\projects\gtren\system\Database\MySQLi\Connection.php(329): mysqli->query('INSERT INTO `ad...')
#1 D:\projects\gtren\system\Database\BaseConnection.php(732): CodeIgniter\Database\MySQLi\Connection->execute('INSERT INTO `ad...')
#2 D:\projects\gtren\system\Database\BaseConnection.php(647): CodeIgniter\Database\BaseConnection->simpleQuery('INSERT INTO `ad...')
#3 D:\projects\gtren\system\Database\BaseBuilder.php(2277): CodeIgniter\Database\BaseConnection->query('INSERT INTO `ad...', Array, false)
#4 D:\projects\gtren\system\Model.php(259): CodeIgniter\Database\BaseBuilder->insert()
#5 D:\projects\gtren\system\BaseModel.php(774): CodeIgniter\Model->doInsert(Array)
#6 D:\projects\gtren\system\Model.php(686): CodeIgniter\BaseModel->insert(Array, false)
#7 D:\projects\gtren\system\BaseModel.php(687): CodeIgniter\Model->insert(Array, false)
#8 D:\projects\gtren\app\Controllers\User.php(204): CodeIgniter\BaseModel->save(Array)
#9 D:\projects\gtren\system\CodeIgniter.php(931): App\Controllers\User->save_shipping('50')
#10 D:\projects\gtren\system\CodeIgniter.php(439): CodeIgniter\CodeIgniter->runController(Object(App\Controllers\User))
#11 D:\projects\gtren\system\CodeIgniter.php(339): CodeIgniter\CodeIgniter->handleRequest(NULL, Object(Config\Cache), false)
#12 D:\projects\gtren\public\index.php(36): CodeIgniter\CodeIgniter->run()
#13 D:\projects\gtren\system\Commands\Server\rewrite.php(45): require_once('D:\\projects\\gtr...')
#14 {main}
CRITICAL - 2021-07-01 20:38:18 --> Undefined variable: segments
#0 D:\projects\gtren\app\Views\commerce\account.php(12): CodeIgniter\Debug\Exceptions->errorHandler(8, 'Undefined varia...', 'D:\\projects\\gtr...', 12, Array)
#1 D:\projects\gtren\system\View\View.php(230): include('D:\\projects\\gtr...')
#2 D:\projects\gtren\system\View\View.php(232): CodeIgniter\View\View->CodeIgniter\View\{closure}()
#3 D:\projects\gtren\system\Common.php(1250): CodeIgniter\View\View->render('commerce/accoun...', Array, true)
#4 D:\projects\gtren\app\Controllers\User.php(92): view('commerce/accoun...')
#5 D:\projects\gtren\system\CodeIgniter.php(931): App\Controllers\User->address()
#6 D:\projects\gtren\system\CodeIgniter.php(439): CodeIgniter\CodeIgniter->runController(Object(App\Controllers\User))
#7 D:\projects\gtren\system\CodeIgniter.php(339): CodeIgniter\CodeIgniter->handleRequest(NULL, Object(Config\Cache), false)
#8 D:\projects\gtren\public\index.php(36): CodeIgniter\CodeIgniter->run()
#9 D:\projects\gtren\system\Commands\Server\rewrite.php(45): require_once('D:\\projects\\gtr...')
#10 {main}
CRITICAL - 2021-07-01 20:38:29 --> Undefined variable: addresses
#0 D:\projects\gtren\app\Views\commerce\account.php(128): CodeIgniter\Debug\Exceptions->errorHandler(8, 'Undefined varia...', 'D:\\projects\\gtr...', 128, Array)
#1 D:\projects\gtren\system\View\View.php(230): include('D:\\projects\\gtr...')
#2 D:\projects\gtren\system\View\View.php(232): CodeIgniter\View\View->CodeIgniter\View\{closure}()
#3 D:\projects\gtren\system\Common.php(1250): CodeIgniter\View\View->render('commerce/accoun...', Array, true)
#4 D:\projects\gtren\app\Controllers\User.php(91): view('commerce/accoun...', Array)
#5 D:\projects\gtren\system\CodeIgniter.php(931): App\Controllers\User->address()
#6 D:\projects\gtren\system\CodeIgniter.php(439): CodeIgniter\CodeIgniter->runController(Object(App\Controllers\User))
#7 D:\projects\gtren\system\CodeIgniter.php(339): CodeIgniter\CodeIgniter->handleRequest(NULL, Object(Config\Cache), false)
#8 D:\projects\gtren\public\index.php(36): CodeIgniter\CodeIgniter->run()
#9 D:\projects\gtren\system\Commands\Server\rewrite.php(45): require_once('D:\\projects\\gtr...')
#10 {main}
CRITICAL - 2021-07-01 20:39:03 --> syntax error, unexpected '>'
#0 D:\projects\gtren\system\View\View.php(232): CodeIgniter\View\View->CodeIgniter\View\{closure}()
#1 D:\projects\gtren\system\Common.php(1250): CodeIgniter\View\View->render('commerce/accoun...', Array, true)
#2 D:\projects\gtren\app\Controllers\User.php(92): view('commerce/accoun...', Array)
#3 D:\projects\gtren\system\CodeIgniter.php(931): App\Controllers\User->address()
#4 D:\projects\gtren\system\CodeIgniter.php(439): CodeIgniter\CodeIgniter->runController(Object(App\Controllers\User))
#5 D:\projects\gtren\system\CodeIgniter.php(339): CodeIgniter\CodeIgniter->handleRequest(NULL, Object(Config\Cache), false)
#6 D:\projects\gtren\public\index.php(36): CodeIgniter\CodeIgniter->run()
#7 D:\projects\gtren\system\Commands\Server\rewrite.php(45): require_once('D:\\projects\\gtr...')
#8 {main}
CRITICAL - 2021-07-01 20:49:58 --> syntax error, unexpected '$segments' (T_VARIABLE)
#0 D:\projects\gtren\system\View\View.php(232): CodeIgniter\View\View->CodeIgniter\View\{closure}()
#1 D:\projects\gtren\system\Common.php(1250): CodeIgniter\View\View->render('commerce/accoun...', Array, true)
#2 D:\projects\gtren\app\Controllers\User.php(92): view('commerce/accoun...', Array)
#3 D:\projects\gtren\system\CodeIgniter.php(931): App\Controllers\User->address()
#4 D:\projects\gtren\system\CodeIgniter.php(439): CodeIgniter\CodeIgniter->runController(Object(App\Controllers\User))
#5 D:\projects\gtren\system\CodeIgniter.php(339): CodeIgniter\CodeIgniter->handleRequest(NULL, Object(Config\Cache), false)
#6 D:\projects\gtren\public\index.php(36): CodeIgniter\CodeIgniter->run()
#7 D:\projects\gtren\system\Commands\Server\rewrite.php(45): require_once('D:\\projects\\gtr...')
#8 {main}
CRITICAL - 2021-07-01 20:50:33 --> syntax error, unexpected end of file
#0 D:\projects\gtren\system\View\View.php(232): CodeIgniter\View\View->CodeIgniter\View\{closure}()
#1 D:\projects\gtren\system\Common.php(1250): CodeIgniter\View\View->render('commerce/accoun...', Array, true)
#2 D:\projects\gtren\app\Controllers\User.php(92): view('commerce/accoun...', Array)
#3 D:\projects\gtren\system\CodeIgniter.php(931): App\Controllers\User->address()
#4 D:\projects\gtren\system\CodeIgniter.php(439): CodeIgniter\CodeIgniter->runController(Object(App\Controllers\User))
#5 D:\projects\gtren\system\CodeIgniter.php(339): CodeIgniter\CodeIgniter->handleRequest(NULL, Object(Config\Cache), false)
#6 D:\projects\gtren\public\index.php(36): CodeIgniter\CodeIgniter->run()
#7 D:\projects\gtren\system\Commands\Server\rewrite.php(45): require_once('D:\\projects\\gtr...')
#8 {main}
CRITICAL - 2021-07-01 20:51:06 --> syntax error, unexpected 'endforeach' (T_ENDFOREACH), expecting elseif (T_ELSEIF) or else (T_ELSE) or endif (T_ENDIF)
#0 D:\projects\gtren\system\View\View.php(232): CodeIgniter\View\View->CodeIgniter\View\{closure}()
#1 D:\projects\gtren\system\Common.php(1250): CodeIgniter\View\View->render('commerce/accoun...', Array, true)
#2 D:\projects\gtren\app\Controllers\User.php(92): view('commerce/accoun...', Array)
#3 D:\projects\gtren\system\CodeIgniter.php(931): App\Controllers\User->address()
#4 D:\projects\gtren\system\CodeIgniter.php(439): CodeIgniter\CodeIgniter->runController(Object(App\Controllers\User))
#5 D:\projects\gtren\system\CodeIgniter.php(339): CodeIgniter\CodeIgniter->handleRequest(NULL, Object(Config\Cache), false)
#6 D:\projects\gtren\public\index.php(36): CodeIgniter\CodeIgniter->run()
#7 D:\projects\gtren\system\Commands\Server\rewrite.php(45): require_once('D:\\projects\\gtr...')
#8 {main}
CRITICAL - 2021-07-01 21:01:18 --> Undefined property: App\Controllers\User::$addresses
#0 D:\projects\gtren\app\Controllers\User.php(264): CodeIgniter\Debug\Exceptions->errorHandler(8, 'Undefined prope...', 'D:\\projects\\gtr...', 264, Array)
#1 D:\projects\gtren\system\CodeIgniter.php(931): App\Controllers\User->delete('3')
#2 D:\projects\gtren\system\CodeIgniter.php(439): CodeIgniter\CodeIgniter->runController(Object(App\Controllers\User))
#3 D:\projects\gtren\system\CodeIgniter.php(339): CodeIgniter\CodeIgniter->handleRequest(NULL, Object(Config\Cache), false)
#4 D:\projects\gtren\public\index.php(36): CodeIgniter\CodeIgniter->run()
#5 D:\projects\gtren\system\Commands\Server\rewrite.php(45): require_once('D:\\projects\\gtr...')
#6 {main}
