ERROR - 2021-08-22 14:46:44 --> Table 'ci4.contacts' doesn't exist
CRITICAL - 2021-08-22 14:46:44 --> Table 'ci4.contacts' doesn't exist
#0 D:\projects\gtren\system\Database\MySQLi\Connection.php(329): mysqli->query('SELECT COUNT(*)...')
#1 D:\projects\gtren\system\Database\BaseConnection.php(732): CodeIgniter\Database\MySQLi\Connection->execute('SELECT COUNT(*)...')
#2 D:\projects\gtren\system\Database\BaseConnection.php(647): CodeIgniter\Database\BaseConnection->simpleQuery('SELECT COUNT(*)...')
#3 D:\projects\gtren\system\Database\BaseBuilder.php(1981): CodeIgniter\Database\BaseConnection->query('SELECT COUNT(*)...', Array, false)
#4 D:\projects\gtren\system\Model.php(561): CodeIgniter\Database\BaseBuilder->countAllResults(false)
#5 D:\projects\gtren\system\BaseModel.php(1147): CodeIgniter\Model->countAllResults(false)
#6 D:\projects\gtren\app\Controllers\Contact.php(18): CodeIgniter\BaseModel->paginate(2, 'contacts')
#7 D:\projects\gtren\system\CodeIgniter.php(931): App\Controllers\Contact->index()
#8 D:\projects\gtren\system\CodeIgniter.php(439): CodeIgniter\CodeIgniter->runController(Object(App\Controllers\Contact))
#9 D:\projects\gtren\system\CodeIgniter.php(339): CodeIgniter\CodeIgniter->handleRequest(NULL, Object(Config\Cache), false)
#10 D:\projects\gtren\public\index.php(36): CodeIgniter\CodeIgniter->run()
#11 D:\projects\gtren\system\Commands\Server\rewrite.php(45): require_once('D:\\projects\\gtr...')
#12 {main}
CRITICAL - 2021-08-22 14:50:48 --> Call to a member function getRandomName() on null
#0 D:\projects\gtren\system\CodeIgniter.php(931): App\Controllers\Contact->save()
#1 D:\projects\gtren\system\CodeIgniter.php(439): CodeIgniter\CodeIgniter->runController(Object(App\Controllers\Contact))
#2 D:\projects\gtren\system\CodeIgniter.php(339): CodeIgniter\CodeIgniter->handleRequest(NULL, Object(Config\Cache), false)
#3 D:\projects\gtren\public\index.php(36): CodeIgniter\CodeIgniter->run()
#4 D:\projects\gtren\system\Commands\Server\rewrite.php(45): require_once('D:\\projects\\gtr...')
#5 {main}
CRITICAL - 2021-08-22 14:51:35 --> There is no data to insert.
#0 D:\projects\gtren\system\BaseModel.php(751): CodeIgniter\Database\Exceptions\DataException::forEmptyDataset('insert')
#1 D:\projects\gtren\system\Model.php(686): CodeIgniter\BaseModel->insert(Array, false)
#2 D:\projects\gtren\system\BaseModel.php(687): CodeIgniter\Model->insert(Array, false)
#3 D:\projects\gtren\app\Controllers\Contact.php(32): CodeIgniter\BaseModel->save(Array)
#4 D:\projects\gtren\system\CodeIgniter.php(931): App\Controllers\Contact->save()
#5 D:\projects\gtren\system\CodeIgniter.php(439): CodeIgniter\CodeIgniter->runController(Object(App\Controllers\Contact))
#6 D:\projects\gtren\system\CodeIgniter.php(339): CodeIgniter\CodeIgniter->handleRequest(NULL, Object(Config\Cache), false)
#7 D:\projects\gtren\public\index.php(36): CodeIgniter\CodeIgniter->run()
#8 D:\projects\gtren\system\Commands\Server\rewrite.php(45): require_once('D:\\projects\\gtr...')
#9 {main}
CRITICAL - 2021-08-22 15:04:49 --> Undefined variable: contact
#0 D:\projects\gtren\app\Views\db_admin\contact\contact.php(43): CodeIgniter\Debug\Exceptions->errorHandler(8, 'Undefined varia...', 'D:\\projects\\gtr...', 43, Array)
#1 D:\projects\gtren\system\View\View.php(230): include('D:\\projects\\gtr...')
#2 D:\projects\gtren\system\View\View.php(232): CodeIgniter\View\View->CodeIgniter\View\{closure}()
#3 D:\projects\gtren\system\Common.php(1250): CodeIgniter\View\View->render('db_admin/contac...', Array, true)
#4 D:\projects\gtren\app\Controllers\Contact.php(95): view('db_admin/contac...', Array)
#5 D:\projects\gtren\system\CodeIgniter.php(931): App\Controllers\Contact->search()
#6 D:\projects\gtren\system\CodeIgniter.php(439): CodeIgniter\CodeIgniter->runController(Object(App\Controllers\Contact))
#7 D:\projects\gtren\system\CodeIgniter.php(339): CodeIgniter\CodeIgniter->handleRequest(NULL, Object(Config\Cache), false)
#8 D:\projects\gtren\public\index.php(36): CodeIgniter\CodeIgniter->run()
#9 D:\projects\gtren\system\Commands\Server\rewrite.php(45): require_once('D:\\projects\\gtr...')
#10 {main}
CRITICAL - 2021-08-22 15:10:44 --> Undefined variable: data
#0 D:\projects\gtren\app\Views\commerce\templates\footer.php(11): CodeIgniter\Debug\Exceptions->errorHandler(8, 'Undefined varia...', 'D:\\projects\\gtr...', 11, Array)
#1 D:\projects\gtren\system\View\View.php(230): include('D:\\projects\\gtr...')
#2 D:\projects\gtren\system\View\View.php(232): CodeIgniter\View\View->CodeIgniter\View\{closure}()
#3 D:\projects\gtren\system\View\View.php(487): CodeIgniter\View\View->render('commerce/templa...', NULL, true)
#4 D:\projects\gtren\app\Views\commerce\templates\index.php(42): CodeIgniter\View\View->include('commerce/templa...')
#5 D:\projects\gtren\system\View\View.php(230): include('D:\\projects\\gtr...')
#6 D:\projects\gtren\system\View\View.php(232): CodeIgniter\View\View->CodeIgniter\View\{closure}()
#7 D:\projects\gtren\system\View\View.php(246): CodeIgniter\View\View->render('commerce/templa...', Array, true)
#8 D:\projects\gtren\system\Common.php(1250): CodeIgniter\View\View->render('commerce/home', Array, true)
#9 D:\projects\gtren\app\Controllers\Product.php(60): view('commerce/home', Array)
#10 D:\projects\gtren\system\CodeIgniter.php(931): App\Controllers\Product->commerce()
#11 D:\projects\gtren\system\CodeIgniter.php(439): CodeIgniter\CodeIgniter->runController(Object(App\Controllers\Product))
#12 D:\projects\gtren\system\CodeIgniter.php(339): CodeIgniter\CodeIgniter->handleRequest(NULL, Object(Config\Cache), false)
#13 D:\projects\gtren\public\index.php(36): CodeIgniter\CodeIgniter->run()
#14 D:\projects\gtren\system\Commands\Server\rewrite.php(45): require_once('D:\\projects\\gtr...')
#15 {main}
CRITICAL - 2021-08-22 15:11:40 --> Undefined variable: data
#0 D:\projects\gtren\app\Views\commerce\templates\footer.php(11): CodeIgniter\Debug\Exceptions->errorHandler(8, 'Undefined varia...', 'D:\\projects\\gtr...', 11, Array)
#1 D:\projects\gtren\system\View\View.php(230): include('D:\\projects\\gtr...')
#2 D:\projects\gtren\system\View\View.php(232): CodeIgniter\View\View->CodeIgniter\View\{closure}()
#3 D:\projects\gtren\system\View\View.php(487): CodeIgniter\View\View->render('commerce/templa...', NULL, true)
#4 D:\projects\gtren\app\Views\commerce\templates\index.php(42): CodeIgniter\View\View->include('commerce/templa...')
#5 D:\projects\gtren\system\View\View.php(230): include('D:\\projects\\gtr...')
#6 D:\projects\gtren\system\View\View.php(232): CodeIgniter\View\View->CodeIgniter\View\{closure}()
#7 D:\projects\gtren\system\View\View.php(246): CodeIgniter\View\View->render('commerce/templa...', Array, true)
#8 D:\projects\gtren\system\Common.php(1250): CodeIgniter\View\View->render('commerce/home', Array, true)
#9 D:\projects\gtren\app\Controllers\Product.php(60): view('commerce/home', Array)
#10 D:\projects\gtren\system\CodeIgniter.php(931): App\Controllers\Product->commerce()
#11 D:\projects\gtren\system\CodeIgniter.php(439): CodeIgniter\CodeIgniter->runController(Object(App\Controllers\Product))
#12 D:\projects\gtren\system\CodeIgniter.php(339): CodeIgniter\CodeIgniter->handleRequest(NULL, Object(Config\Cache), false)
#13 D:\projects\gtren\public\index.php(36): CodeIgniter\CodeIgniter->run()
#14 D:\projects\gtren\system\Commands\Server\rewrite.php(45): require_once('D:\\projects\\gtr...')
#15 {main}
CRITICAL - 2021-08-22 15:13:04 --> Undefined variable: data
#0 D:\projects\gtren\app\Views\commerce\templates\footer.php(11): CodeIgniter\Debug\Exceptions->errorHandler(8, 'Undefined varia...', 'D:\\projects\\gtr...', 11, Array)
#1 D:\projects\gtren\system\View\View.php(230): include('D:\\projects\\gtr...')
#2 D:\projects\gtren\system\View\View.php(232): CodeIgniter\View\View->CodeIgniter\View\{closure}()
#3 D:\projects\gtren\system\View\View.php(487): CodeIgniter\View\View->render('commerce/templa...', NULL, true)
#4 D:\projects\gtren\app\Views\commerce\templates\index.php(42): CodeIgniter\View\View->include('commerce/templa...')
#5 D:\projects\gtren\system\View\View.php(230): include('D:\\projects\\gtr...')
#6 D:\projects\gtren\system\View\View.php(232): CodeIgniter\View\View->CodeIgniter\View\{closure}()
#7 D:\projects\gtren\system\View\View.php(246): CodeIgniter\View\View->render('commerce/templa...', Array, true)
#8 D:\projects\gtren\system\Common.php(1250): CodeIgniter\View\View->render('commerce/home', Array, true)
#9 D:\projects\gtren\app\Controllers\Product.php(60): view('commerce/home', Array)
#10 D:\projects\gtren\system\CodeIgniter.php(931): App\Controllers\Product->commerce()
#11 D:\projects\gtren\system\CodeIgniter.php(439): CodeIgniter\CodeIgniter->runController(Object(App\Controllers\Product))
#12 D:\projects\gtren\system\CodeIgniter.php(339): CodeIgniter\CodeIgniter->handleRequest(NULL, Object(Config\Cache), false)
#13 D:\projects\gtren\public\index.php(36): CodeIgniter\CodeIgniter->run()
#14 D:\projects\gtren\system\Commands\Server\rewrite.php(45): require_once('D:\\projects\\gtr...')
#15 {main}
CRITICAL - 2021-08-22 15:13:34 --> Undefined variable: data
#0 D:\projects\gtren\app\Views\commerce\templates\footer.php(11): CodeIgniter\Debug\Exceptions->errorHandler(8, 'Undefined varia...', 'D:\\projects\\gtr...', 11, Array)
#1 D:\projects\gtren\system\View\View.php(230): include('D:\\projects\\gtr...')
#2 D:\projects\gtren\system\View\View.php(232): CodeIgniter\View\View->CodeIgniter\View\{closure}()
#3 D:\projects\gtren\system\View\View.php(487): CodeIgniter\View\View->render('commerce/templa...', NULL, true)
#4 D:\projects\gtren\app\Views\commerce\templates\index.php(42): CodeIgniter\View\View->include('commerce/templa...')
#5 D:\projects\gtren\system\View\View.php(230): include('D:\\projects\\gtr...')
#6 D:\projects\gtren\system\View\View.php(232): CodeIgniter\View\View->CodeIgniter\View\{closure}()
#7 D:\projects\gtren\system\View\View.php(246): CodeIgniter\View\View->render('commerce/templa...', Array, true)
#8 D:\projects\gtren\system\Common.php(1250): CodeIgniter\View\View->render('commerce/home', Array, true)
#9 D:\projects\gtren\app\Controllers\Product.php(60): view('commerce/home', Array)
#10 D:\projects\gtren\system\CodeIgniter.php(931): App\Controllers\Product->commerce()
#11 D:\projects\gtren\system\CodeIgniter.php(439): CodeIgniter\CodeIgniter->runController(Object(App\Controllers\Product))
#12 D:\projects\gtren\system\CodeIgniter.php(339): CodeIgniter\CodeIgniter->handleRequest(NULL, Object(Config\Cache), false)
#13 D:\projects\gtren\public\index.php(36): CodeIgniter\CodeIgniter->run()
#14 D:\projects\gtren\system\Commands\Server\rewrite.php(45): require_once('D:\\projects\\gtr...')
#15 {main}
CRITICAL - 2021-08-22 19:48:23 --> Undefined variable: contacts
#0 D:\projects\gtren\app\Views\commerce\templates\footer.php(11): CodeIgniter\Debug\Exceptions->errorHandler(8, 'Undefined varia...', 'D:\\projects\\gtr...', 11, Array)
#1 D:\projects\gtren\system\View\View.php(230): include('D:\\projects\\gtr...')
#2 D:\projects\gtren\system\View\View.php(232): CodeIgniter\View\View->CodeIgniter\View\{closure}()
#3 D:\projects\gtren\system\View\View.php(487): CodeIgniter\View\View->render('commerce/templa...', NULL, true)
#4 D:\projects\gtren\app\Views\commerce\templates\index.php(42): CodeIgniter\View\View->include('commerce/templa...')
#5 D:\projects\gtren\system\View\View.php(230): include('D:\\projects\\gtr...')
#6 D:\projects\gtren\system\View\View.php(232): CodeIgniter\View\View->CodeIgniter\View\{closure}()
#7 D:\projects\gtren\system\View\View.php(246): CodeIgniter\View\View->render('commerce/templa...', Array, true)
#8 D:\projects\gtren\system\Common.php(1250): CodeIgniter\View\View->render('commerce/contac...', Array, true)
#9 D:\projects\gtren\app\Controllers\Commerce.php(86): view('commerce/contac...')
#10 D:\projects\gtren\system\CodeIgniter.php(931): App\Controllers\Commerce->Contact()
#11 D:\projects\gtren\system\CodeIgniter.php(439): CodeIgniter\CodeIgniter->runController(Object(App\Controllers\Commerce))
#12 D:\projects\gtren\system\CodeIgniter.php(339): CodeIgniter\CodeIgniter->handleRequest(NULL, Object(Config\Cache), false)
#13 D:\projects\gtren\public\index.php(36): CodeIgniter\CodeIgniter->run()
#14 D:\projects\gtren\system\Commands\Server\rewrite.php(45): require_once('D:\\projects\\gtr...')
#15 {main}
CRITICAL - 2021-08-22 19:48:45 --> Undefined variable: contacts
#0 D:\projects\gtren\app\Views\commerce\templates\footer.php(11): CodeIgniter\Debug\Exceptions->errorHandler(8, 'Undefined varia...', 'D:\\projects\\gtr...', 11, Array)
#1 D:\projects\gtren\system\View\View.php(230): include('D:\\projects\\gtr...')
#2 D:\projects\gtren\system\View\View.php(232): CodeIgniter\View\View->CodeIgniter\View\{closure}()
#3 D:\projects\gtren\system\View\View.php(487): CodeIgniter\View\View->render('commerce/templa...', NULL, true)
#4 D:\projects\gtren\app\Views\commerce\templates\index.php(42): CodeIgniter\View\View->include('commerce/templa...')
#5 D:\projects\gtren\system\View\View.php(230): include('D:\\projects\\gtr...')
#6 D:\projects\gtren\system\View\View.php(232): CodeIgniter\View\View->CodeIgniter\View\{closure}()
#7 D:\projects\gtren\system\View\View.php(246): CodeIgniter\View\View->render('commerce/templa...', Array, true)
#8 D:\projects\gtren\system\Common.php(1250): CodeIgniter\View\View->render('commerce/contac...', Array, true)
#9 D:\projects\gtren\app\Controllers\Commerce.php(86): view('commerce/contac...')
#10 D:\projects\gtren\system\CodeIgniter.php(931): App\Controllers\Commerce->Contact()
#11 D:\projects\gtren\system\CodeIgniter.php(439): CodeIgniter\CodeIgniter->runController(Object(App\Controllers\Commerce))
#12 D:\projects\gtren\system\CodeIgniter.php(339): CodeIgniter\CodeIgniter->handleRequest(NULL, Object(Config\Cache), false)
#13 D:\projects\gtren\public\index.php(36): CodeIgniter\CodeIgniter->run()
#14 D:\projects\gtren\system\Commands\Server\rewrite.php(45): require_once('D:\\projects\\gtr...')
#15 {main}
CRITICAL - 2021-08-22 19:57:22 --> Undefined variable: contacts
#0 D:\projects\gtren\app\Views\commerce\templates\footer.php(11): CodeIgniter\Debug\Exceptions->errorHandler(8, 'Undefined varia...', 'D:\\projects\\gtr...', 11, Array)
#1 D:\projects\gtren\system\View\View.php(230): include('D:\\projects\\gtr...')
#2 D:\projects\gtren\system\View\View.php(232): CodeIgniter\View\View->CodeIgniter\View\{closure}()
#3 D:\projects\gtren\system\View\View.php(487): CodeIgniter\View\View->render('commerce/templa...', NULL, true)
#4 D:\projects\gtren\app\Views\commerce\templates\index.php(42): CodeIgniter\View\View->include('commerce/templa...')
#5 D:\projects\gtren\system\View\View.php(230): include('D:\\projects\\gtr...')
#6 D:\projects\gtren\system\View\View.php(232): CodeIgniter\View\View->CodeIgniter\View\{closure}()
#7 D:\projects\gtren\system\View\View.php(246): CodeIgniter\View\View->render('commerce/templa...', Array, true)
#8 D:\projects\gtren\system\Common.php(1250): CodeIgniter\View\View->render('commerce/contac...', Array, true)
#9 D:\projects\gtren\app\Controllers\Commerce.php(86): view('commerce/contac...')
#10 D:\projects\gtren\system\CodeIgniter.php(931): App\Controllers\Commerce->Contact()
#11 D:\projects\gtren\system\CodeIgniter.php(439): CodeIgniter\CodeIgniter->runController(Object(App\Controllers\Commerce))
#12 D:\projects\gtren\system\CodeIgniter.php(339): CodeIgniter\CodeIgniter->handleRequest(NULL, Object(Config\Cache), false)
#13 D:\projects\gtren\public\index.php(36): CodeIgniter\CodeIgniter->run()
#14 D:\projects\gtren\system\Commands\Server\rewrite.php(45): require_once('D:\\projects\\gtr...')
#15 {main}
CRITICAL - 2021-08-22 19:57:45 --> Undefined variable: contacts
#0 D:\projects\gtren\app\Views\commerce\templates\footer.php(11): CodeIgniter\Debug\Exceptions->errorHandler(8, 'Undefined varia...', 'D:\\projects\\gtr...', 11, Array)
#1 D:\projects\gtren\system\View\View.php(230): include('D:\\projects\\gtr...')
#2 D:\projects\gtren\system\View\View.php(232): CodeIgniter\View\View->CodeIgniter\View\{closure}()
#3 D:\projects\gtren\system\View\View.php(487): CodeIgniter\View\View->render('commerce/templa...', NULL, true)
#4 D:\projects\gtren\app\Views\commerce\templates\index.php(42): CodeIgniter\View\View->include('commerce/templa...')
#5 D:\projects\gtren\system\View\View.php(230): include('D:\\projects\\gtr...')
#6 D:\projects\gtren\system\View\View.php(232): CodeIgniter\View\View->CodeIgniter\View\{closure}()
#7 D:\projects\gtren\system\View\View.php(246): CodeIgniter\View\View->render('commerce/templa...', Array, true)
#8 D:\projects\gtren\system\Common.php(1250): CodeIgniter\View\View->render('commerce/contac...', Array, true)
#9 D:\projects\gtren\app\Controllers\Commerce.php(86): view('commerce/contac...')
#10 D:\projects\gtren\system\CodeIgniter.php(931): App\Controllers\Commerce->Contact()
#11 D:\projects\gtren\system\CodeIgniter.php(439): CodeIgniter\CodeIgniter->runController(Object(App\Controllers\Commerce))
#12 D:\projects\gtren\system\CodeIgniter.php(339): CodeIgniter\CodeIgniter->handleRequest(NULL, Object(Config\Cache), false)
#13 D:\projects\gtren\public\index.php(36): CodeIgniter\CodeIgniter->run()
#14 D:\projects\gtren\system\Commands\Server\rewrite.php(45): require_once('D:\\projects\\gtr...')
#15 {main}
