CRITICAL - 2021-06-24 15:07:26 --> syntax error, unexpected 'if' (T_IF)
#0 D:\projects\gtren\system\Autoloader\Autoloader.php(282): CodeIgniter\Autoloader\Autoloader->includeFile('D:\\projects\\gtr...')
#1 D:\projects\gtren\system\Autoloader\Autoloader.php(247): CodeIgniter\Autoloader\Autoloader->loadInNamespace('Myth\\Auth\\Contr...')
#2 [internal function]: CodeIgniter\Autoloader\Autoloader->loadClass('Myth\\Auth\\Contr...')
#3 [internal function]: spl_autoload_call('Myth\\Auth\\Contr...')
#4 D:\projects\gtren\system\CodeIgniter.php(888): class_exists('\\Myth\\Auth\\Cont...', true)
#5 D:\projects\gtren\system\CodeIgniter.php(424): CodeIgniter\CodeIgniter->startController()
#6 D:\projects\gtren\system\CodeIgniter.php(339): CodeIgniter\CodeIgniter->handleRequest(NULL, Object(Config\Cache), false)
#7 D:\projects\gtren\public\index.php(36): CodeIgniter\CodeIgniter->run()
#8 D:\projects\gtren\system\Commands\Server\rewrite.php(45): require_once('D:\\projects\\gtr...')
#9 {main}
CRITICAL - 2021-06-24 15:46:12 --> Too few arguments to function in_groups(), 0 passed in D:\projects\gtren\app\Views\dashboard.php on line 33 and exactly 1 expected
#0 D:\projects\gtren\app\Views\dashboard.php(33): in_groups()
#1 D:\projects\gtren\system\View\View.php(230): include('D:\\projects\\gtr...')
#2 D:\projects\gtren\system\View\View.php(232): CodeIgniter\View\View->CodeIgniter\View\{closure}()
#3 D:\projects\gtren\system\Common.php(1250): CodeIgniter\View\View->render('dashboard', Array, true)
#4 D:\projects\gtren\app\Controllers\Dashboard.php(9): view('dashboard')
#5 D:\projects\gtren\system\CodeIgniter.php(931): App\Controllers\Dashboard->index()
#6 D:\projects\gtren\system\CodeIgniter.php(439): CodeIgniter\CodeIgniter->runController(Object(App\Controllers\Dashboard))
#7 D:\projects\gtren\system\CodeIgniter.php(339): CodeIgniter\CodeIgniter->handleRequest(NULL, Object(Config\Cache), false)
#8 D:\projects\gtren\public\index.php(36): CodeIgniter\CodeIgniter->run()
#9 D:\projects\gtren\system\Commands\Server\rewrite.php(45): require_once('D:\\projects\\gtr...')
#10 {main}
CRITICAL - 2021-06-24 15:59:42 --> Undefined constant 'Myth\Auth\Config\Myth\Auth\Authentication\Activators\EmailActivator'
#0 D:\projects\gtren\system\Common.php(228): CodeIgniter\Config\Factories::__callStatic('config', Array)
#1 D:\projects\gtren\vendor\myth\auth\src\Controllers\AuthController.php(29): config('Auth')
#2 D:\projects\gtren\system\CodeIgniter.php(903): Myth\Auth\Controllers\AuthController->__construct()
#3 D:\projects\gtren\system\CodeIgniter.php(429): CodeIgniter\CodeIgniter->createController()
#4 D:\projects\gtren\system\CodeIgniter.php(339): CodeIgniter\CodeIgniter->handleRequest(NULL, Object(Config\Cache), false)
#5 D:\projects\gtren\public\index.php(36): CodeIgniter\CodeIgniter->run()
#6 D:\projects\gtren\system\Commands\Server\rewrite.php(45): require_once('D:\\projects\\gtr...')
#7 {main}
CRITICAL - 2021-06-24 16:02:38 --> Cache key contains reserved characters {}()/\@:
#0 D:\projects\gtren\system\Cache\Handlers\FileHandler.php(95): CodeIgniter\Cache\Handlers\BaseHandler::validateKey('throttler_::1', '')
#1 D:\projects\gtren\system\Throttle\Throttler.php(110): CodeIgniter\Cache\Handlers\FileHandler->get('throttler_::1')
#2 D:\projects\gtren\vendor\myth\auth\src\Controllers\AuthController.php(359): CodeIgniter\Throttle\Throttler->check('::1', 2, 60)
#3 D:\projects\gtren\system\CodeIgniter.php(931): Myth\Auth\Controllers\AuthController->activateAccount()
#4 D:\projects\gtren\system\CodeIgniter.php(439): CodeIgniter\CodeIgniter->runController(Object(Myth\Auth\Controllers\AuthController))
#5 D:\projects\gtren\system\CodeIgniter.php(339): CodeIgniter\CodeIgniter->handleRequest(NULL, Object(Config\Cache), false)
#6 D:\projects\gtren\public\index.php(36): CodeIgniter\CodeIgniter->run()
#7 D:\projects\gtren\system\Commands\Server\rewrite.php(45): require_once('D:\\projects\\gtr...')
#8 {main}
CRITICAL - 2021-06-24 16:03:47 --> Cache key contains reserved characters {}()/\@:
#0 D:\projects\gtren\system\Cache\Handlers\FileHandler.php(95): CodeIgniter\Cache\Handlers\BaseHandler::validateKey('throttler_::1', '')
#1 D:\projects\gtren\system\Throttle\Throttler.php(110): CodeIgniter\Cache\Handlers\FileHandler->get('throttler_::1')
#2 D:\projects\gtren\vendor\myth\auth\src\Controllers\AuthController.php(359): CodeIgniter\Throttle\Throttler->check('::1', 2, 60)
#3 D:\projects\gtren\system\CodeIgniter.php(931): Myth\Auth\Controllers\AuthController->activateAccount()
#4 D:\projects\gtren\system\CodeIgniter.php(439): CodeIgniter\CodeIgniter->runController(Object(Myth\Auth\Controllers\AuthController))
#5 D:\projects\gtren\system\CodeIgniter.php(339): CodeIgniter\CodeIgniter->handleRequest(NULL, Object(Config\Cache), false)
#6 D:\projects\gtren\public\index.php(36): CodeIgniter\CodeIgniter->run()
#7 D:\projects\gtren\system\Commands\Server\rewrite.php(45): require_once('D:\\projects\\gtr...')
#8 {main}
CRITICAL - 2021-06-24 16:07:05 --> Cache key contains reserved characters {}()/\@:
#0 D:\projects\gtren\system\Cache\Handlers\FileHandler.php(95): CodeIgniter\Cache\Handlers\BaseHandler::validateKey('throttler_::1', '')
#1 D:\projects\gtren\system\Throttle\Throttler.php(110): CodeIgniter\Cache\Handlers\FileHandler->get('throttler_::1')
#2 D:\projects\gtren\vendor\myth\auth\src\Controllers\AuthController.php(359): CodeIgniter\Throttle\Throttler->check('::1', 2, 60)
#3 D:\projects\gtren\system\CodeIgniter.php(931): Myth\Auth\Controllers\AuthController->activateAccount()
#4 D:\projects\gtren\system\CodeIgniter.php(439): CodeIgniter\CodeIgniter->runController(Object(Myth\Auth\Controllers\AuthController))
#5 D:\projects\gtren\system\CodeIgniter.php(339): CodeIgniter\CodeIgniter->handleRequest(NULL, Object(Config\Cache), false)
#6 D:\projects\gtren\public\index.php(36): CodeIgniter\CodeIgniter->run()
#7 D:\projects\gtren\system\Commands\Server\rewrite.php(45): require_once('D:\\projects\\gtr...')
#8 {main}
CRITICAL - 2021-06-24 16:08:07 --> Cache key contains reserved characters {}()/\@:
#0 D:\projects\gtren\system\Cache\Handlers\FileHandler.php(95): CodeIgniter\Cache\Handlers\BaseHandler::validateKey('throttler_::1', '')
#1 D:\projects\gtren\system\Throttle\Throttler.php(110): CodeIgniter\Cache\Handlers\FileHandler->get('throttler_::1')
#2 D:\projects\gtren\vendor\myth\auth\src\Controllers\AuthController.php(359): CodeIgniter\Throttle\Throttler->check('::1', 2, 60)
#3 D:\projects\gtren\system\CodeIgniter.php(931): Myth\Auth\Controllers\AuthController->activateAccount()
#4 D:\projects\gtren\system\CodeIgniter.php(439): CodeIgniter\CodeIgniter->runController(Object(Myth\Auth\Controllers\AuthController))
#5 D:\projects\gtren\system\CodeIgniter.php(339): CodeIgniter\CodeIgniter->handleRequest(NULL, Object(Config\Cache), false)
#6 D:\projects\gtren\public\index.php(36): CodeIgniter\CodeIgniter->run()
#7 D:\projects\gtren\system\Commands\Server\rewrite.php(45): require_once('D:\\projects\\gtr...')
#8 {main}
CRITICAL - 2021-06-24 16:22:30 --> Cache key contains reserved characters {}()/\@:
#0 D:\projects\gtren\system\Cache\Handlers\FileHandler.php(95): CodeIgniter\Cache\Handlers\BaseHandler::validateKey('throttler_::1', '')
#1 D:\projects\gtren\system\Throttle\Throttler.php(110): CodeIgniter\Cache\Handlers\FileHandler->get('throttler_::1')
#2 D:\projects\gtren\vendor\myth\auth\src\Controllers\AuthController.php(359): CodeIgniter\Throttle\Throttler->check('::1', 2, 60)
#3 D:\projects\gtren\system\CodeIgniter.php(931): Myth\Auth\Controllers\AuthController->activateAccount()
#4 D:\projects\gtren\system\CodeIgniter.php(439): CodeIgniter\CodeIgniter->runController(Object(Myth\Auth\Controllers\AuthController))
#5 D:\projects\gtren\system\CodeIgniter.php(339): CodeIgniter\CodeIgniter->handleRequest(NULL, Object(Config\Cache), false)
#6 D:\projects\gtren\public\index.php(36): CodeIgniter\CodeIgniter->run()
#7 D:\projects\gtren\system\Commands\Server\rewrite.php(45): require_once('D:\\projects\\gtr...')
#8 {main}
CRITICAL - 2021-06-24 16:28:32 --> Cache key contains reserved characters {}()/\@:
#0 D:\projects\gtren\system\Cache\Handlers\FileHandler.php(95): CodeIgniter\Cache\Handlers\BaseHandler::validateKey('throttler_::1', '')
#1 D:\projects\gtren\system\Throttle\Throttler.php(110): CodeIgniter\Cache\Handlers\FileHandler->get('throttler_::1')
#2 D:\projects\gtren\vendor\myth\auth\src\Controllers\AuthController.php(360): CodeIgniter\Throttle\Throttler->check('::1', 2, 60)
#3 D:\projects\gtren\system\CodeIgniter.php(931): Myth\Auth\Controllers\AuthController->activateAccount()
#4 D:\projects\gtren\system\CodeIgniter.php(439): CodeIgniter\CodeIgniter->runController(Object(Myth\Auth\Controllers\AuthController))
#5 D:\projects\gtren\system\CodeIgniter.php(339): CodeIgniter\CodeIgniter->handleRequest(NULL, Object(Config\Cache), false)
#6 D:\projects\gtren\public\index.php(36): CodeIgniter\CodeIgniter->run()
#7 D:\projects\gtren\system\Commands\Server\rewrite.php(45): require_once('D:\\projects\\gtr...')
#8 {main}
CRITICAL - 2021-06-24 16:28:46 --> Cache key contains reserved characters {}()/\@:
#0 D:\projects\gtren\system\Cache\Handlers\FileHandler.php(95): CodeIgniter\Cache\Handlers\BaseHandler::validateKey('throttler_::1', '')
#1 D:\projects\gtren\system\Throttle\Throttler.php(110): CodeIgniter\Cache\Handlers\FileHandler->get('throttler_::1')
#2 D:\projects\gtren\vendor\myth\auth\src\Controllers\AuthController.php(360): CodeIgniter\Throttle\Throttler->check('::1', 2, 60)
#3 D:\projects\gtren\system\CodeIgniter.php(931): Myth\Auth\Controllers\AuthController->activateAccount()
#4 D:\projects\gtren\system\CodeIgniter.php(439): CodeIgniter\CodeIgniter->runController(Object(Myth\Auth\Controllers\AuthController))
#5 D:\projects\gtren\system\CodeIgniter.php(339): CodeIgniter\CodeIgniter->handleRequest(NULL, Object(Config\Cache), false)
#6 D:\projects\gtren\public\index.php(36): CodeIgniter\CodeIgniter->run()
#7 D:\projects\gtren\system\Commands\Server\rewrite.php(45): require_once('D:\\projects\\gtr...')
#8 {main}
CRITICAL - 2021-06-24 16:28:50 --> Cache key contains reserved characters {}()/\@:
#0 D:\projects\gtren\system\Cache\Handlers\FileHandler.php(95): CodeIgniter\Cache\Handlers\BaseHandler::validateKey('throttler_::1', '')
#1 D:\projects\gtren\system\Throttle\Throttler.php(110): CodeIgniter\Cache\Handlers\FileHandler->get('throttler_::1')
#2 D:\projects\gtren\vendor\myth\auth\src\Controllers\AuthController.php(360): CodeIgniter\Throttle\Throttler->check('::1', 2, 60)
#3 D:\projects\gtren\system\CodeIgniter.php(931): Myth\Auth\Controllers\AuthController->activateAccount()
#4 D:\projects\gtren\system\CodeIgniter.php(439): CodeIgniter\CodeIgniter->runController(Object(Myth\Auth\Controllers\AuthController))
#5 D:\projects\gtren\system\CodeIgniter.php(339): CodeIgniter\CodeIgniter->handleRequest(NULL, Object(Config\Cache), false)
#6 D:\projects\gtren\public\index.php(36): CodeIgniter\CodeIgniter->run()
#7 D:\projects\gtren\system\Commands\Server\rewrite.php(45): require_once('D:\\projects\\gtr...')
#8 {main}
CRITICAL - 2021-06-24 16:28:59 --> Undefined variable: user
#0 D:\projects\gtren\vendor\myth\auth\src\Controllers\AuthController.php(358): CodeIgniter\Debug\Exceptions->errorHandler(8, 'Undefined varia...', 'D:\\projects\\gtr...', 358, Array)
#1 D:\projects\gtren\system\CodeIgniter.php(931): Myth\Auth\Controllers\AuthController->activateAccount()
#2 D:\projects\gtren\system\CodeIgniter.php(439): CodeIgniter\CodeIgniter->runController(Object(Myth\Auth\Controllers\AuthController))
#3 D:\projects\gtren\system\CodeIgniter.php(339): CodeIgniter\CodeIgniter->handleRequest(NULL, Object(Config\Cache), false)
#4 D:\projects\gtren\public\index.php(36): CodeIgniter\CodeIgniter->run()
#5 D:\projects\gtren\system\Commands\Server\rewrite.php(45): require_once('D:\\projects\\gtr...')
#6 {main}
CRITICAL - 2021-06-24 16:30:29 --> Cache key contains reserved characters {}()/\@:
#0 D:\projects\gtren\system\Cache\Handlers\FileHandler.php(95): CodeIgniter\Cache\Handlers\BaseHandler::validateKey('throttler_::1', '')
#1 D:\projects\gtren\system\Throttle\Throttler.php(110): CodeIgniter\Cache\Handlers\FileHandler->get('throttler_::1')
#2 D:\projects\gtren\vendor\myth\auth\src\Controllers\AuthController.php(360): CodeIgniter\Throttle\Throttler->check('::1', 2, 60)
#3 D:\projects\gtren\system\CodeIgniter.php(931): Myth\Auth\Controllers\AuthController->activateAccount()
#4 D:\projects\gtren\system\CodeIgniter.php(439): CodeIgniter\CodeIgniter->runController(Object(Myth\Auth\Controllers\AuthController))
#5 D:\projects\gtren\system\CodeIgniter.php(339): CodeIgniter\CodeIgniter->handleRequest(NULL, Object(Config\Cache), false)
#6 D:\projects\gtren\public\index.php(36): CodeIgniter\CodeIgniter->run()
#7 D:\projects\gtren\system\Commands\Server\rewrite.php(45): require_once('D:\\projects\\gtr...')
#8 {main}
CRITICAL - 2021-06-24 16:33:02 --> Cache key contains reserved characters {}()/\@:
#0 D:\projects\gtren\system\Cache\Handlers\FileHandler.php(95): CodeIgniter\Cache\Handlers\BaseHandler::validateKey('throttler_::1', '')
#1 D:\projects\gtren\system\Throttle\Throttler.php(110): CodeIgniter\Cache\Handlers\FileHandler->get('throttler_::1')
#2 D:\projects\gtren\vendor\myth\auth\src\Controllers\AuthController.php(360): CodeIgniter\Throttle\Throttler->check('::1', 2, 60)
#3 D:\projects\gtren\system\CodeIgniter.php(931): Myth\Auth\Controllers\AuthController->activateAccount()
#4 D:\projects\gtren\system\CodeIgniter.php(439): CodeIgniter\CodeIgniter->runController(Object(Myth\Auth\Controllers\AuthController))
#5 D:\projects\gtren\system\CodeIgniter.php(339): CodeIgniter\CodeIgniter->handleRequest(NULL, Object(Config\Cache), false)
#6 D:\projects\gtren\public\index.php(36): CodeIgniter\CodeIgniter->run()
#7 D:\projects\gtren\system\Commands\Server\rewrite.php(45): require_once('D:\\projects\\gtr...')
#8 {main}
CRITICAL - 2021-06-24 16:34:06 --> Call to undefined method CodeIgniter\Throttle\Throttler::get()
#0 D:\projects\gtren\system\CodeIgniter.php(931): Myth\Auth\Controllers\AuthController->activateAccount()
#1 D:\projects\gtren\system\CodeIgniter.php(439): CodeIgniter\CodeIgniter->runController(Object(Myth\Auth\Controllers\AuthController))
#2 D:\projects\gtren\system\CodeIgniter.php(339): CodeIgniter\CodeIgniter->handleRequest(NULL, Object(Config\Cache), false)
#3 D:\projects\gtren\public\index.php(36): CodeIgniter\CodeIgniter->run()
#4 D:\projects\gtren\system\Commands\Server\rewrite.php(45): require_once('D:\\projects\\gtr...')
#5 {main}
CRITICAL - 2021-06-24 16:34:34 --> Cache key contains reserved characters {}()/\@:
#0 D:\projects\gtren\system\Cache\Handlers\FileHandler.php(95): CodeIgniter\Cache\Handlers\BaseHandler::validateKey('throttler_::1', '')
#1 D:\projects\gtren\system\Throttle\Throttler.php(110): CodeIgniter\Cache\Handlers\FileHandler->get('throttler_::1')
#2 D:\projects\gtren\vendor\myth\auth\src\Controllers\AuthController.php(359): CodeIgniter\Throttle\Throttler->check('::1', 2, 60)
#3 D:\projects\gtren\system\CodeIgniter.php(931): Myth\Auth\Controllers\AuthController->activateAccount()
#4 D:\projects\gtren\system\CodeIgniter.php(439): CodeIgniter\CodeIgniter->runController(Object(Myth\Auth\Controllers\AuthController))
#5 D:\projects\gtren\system\CodeIgniter.php(339): CodeIgniter\CodeIgniter->handleRequest(NULL, Object(Config\Cache), false)
#6 D:\projects\gtren\public\index.php(36): CodeIgniter\CodeIgniter->run()
#7 D:\projects\gtren\system\Commands\Server\rewrite.php(45): require_once('D:\\projects\\gtr...')
#8 {main}
CRITICAL - 2021-06-24 16:35:38 --> Cache key contains reserved characters {}()/\@:
#0 D:\projects\gtren\system\Cache\Handlers\FileHandler.php(95): CodeIgniter\Cache\Handlers\BaseHandler::validateKey('throttler_::1', '')
#1 D:\projects\gtren\system\Throttle\Throttler.php(110): CodeIgniter\Cache\Handlers\FileHandler->get('throttler_::1')
#2 D:\projects\gtren\vendor\myth\auth\src\Controllers\AuthController.php(359): CodeIgniter\Throttle\Throttler->check('::1', 2, 60)
#3 D:\projects\gtren\system\CodeIgniter.php(931): Myth\Auth\Controllers\AuthController->activateAccount()
#4 D:\projects\gtren\system\CodeIgniter.php(439): CodeIgniter\CodeIgniter->runController(Object(Myth\Auth\Controllers\AuthController))
#5 D:\projects\gtren\system\CodeIgniter.php(339): CodeIgniter\CodeIgniter->handleRequest(NULL, Object(Config\Cache), false)
#6 D:\projects\gtren\public\index.php(36): CodeIgniter\CodeIgniter->run()
#7 D:\projects\gtren\system\Commands\Server\rewrite.php(45): require_once('D:\\projects\\gtr...')
#8 {main}
CRITICAL - 2021-06-24 16:35:59 --> Cache key contains reserved characters {}()/\@:
#0 D:\projects\gtren\system\Cache\Handlers\FileHandler.php(95): CodeIgniter\Cache\Handlers\BaseHandler::validateKey('throttler_::1', '')
#1 D:\projects\gtren\system\Throttle\Throttler.php(110): CodeIgniter\Cache\Handlers\FileHandler->get('throttler_::1')
#2 D:\projects\gtren\vendor\myth\auth\src\Controllers\AuthController.php(359): CodeIgniter\Throttle\Throttler->check('::1', 2, 60)
#3 D:\projects\gtren\system\CodeIgniter.php(931): Myth\Auth\Controllers\AuthController->activateAccount()
#4 D:\projects\gtren\system\CodeIgniter.php(439): CodeIgniter\CodeIgniter->runController(Object(Myth\Auth\Controllers\AuthController))
#5 D:\projects\gtren\system\CodeIgniter.php(339): CodeIgniter\CodeIgniter->handleRequest(NULL, Object(Config\Cache), false)
#6 D:\projects\gtren\public\index.php(36): CodeIgniter\CodeIgniter->run()
#7 D:\projects\gtren\system\Commands\Server\rewrite.php(45): require_once('D:\\projects\\gtr...')
#8 {main}
CRITICAL - 2021-06-24 16:36:12 --> Cache key contains reserved characters {}()/\@:
#0 D:\projects\gtren\system\Cache\Handlers\FileHandler.php(95): CodeIgniter\Cache\Handlers\BaseHandler::validateKey('throttler_::1', '')
#1 D:\projects\gtren\system\Throttle\Throttler.php(110): CodeIgniter\Cache\Handlers\FileHandler->get('throttler_::1')
#2 D:\projects\gtren\vendor\myth\auth\src\Controllers\AuthController.php(359): CodeIgniter\Throttle\Throttler->check('::1', 2, 60)
#3 D:\projects\gtren\system\CodeIgniter.php(931): Myth\Auth\Controllers\AuthController->activateAccount()
#4 D:\projects\gtren\system\CodeIgniter.php(439): CodeIgniter\CodeIgniter->runController(Object(Myth\Auth\Controllers\AuthController))
#5 D:\projects\gtren\system\CodeIgniter.php(339): CodeIgniter\CodeIgniter->handleRequest(NULL, Object(Config\Cache), false)
#6 D:\projects\gtren\public\index.php(36): CodeIgniter\CodeIgniter->run()
#7 D:\projects\gtren\system\Commands\Server\rewrite.php(45): require_once('D:\\projects\\gtr...')
#8 {main}
CRITICAL - 2021-06-24 16:36:45 --> Cache key contains reserved characters {}()/\@:
#0 D:\projects\gtren\system\Cache\Handlers\FileHandler.php(95): CodeIgniter\Cache\Handlers\BaseHandler::validateKey('throttler_:1', '')
#1 D:\projects\gtren\system\Throttle\Throttler.php(110): CodeIgniter\Cache\Handlers\FileHandler->get('throttler_:1')
#2 D:\projects\gtren\vendor\myth\auth\src\Controllers\AuthController.php(359): CodeIgniter\Throttle\Throttler->check(':1', 2, 60)
#3 D:\projects\gtren\system\CodeIgniter.php(931): Myth\Auth\Controllers\AuthController->activateAccount()
#4 D:\projects\gtren\system\CodeIgniter.php(439): CodeIgniter\CodeIgniter->runController(Object(Myth\Auth\Controllers\AuthController))
#5 D:\projects\gtren\system\CodeIgniter.php(339): CodeIgniter\CodeIgniter->handleRequest(NULL, Object(Config\Cache), false)
#6 D:\projects\gtren\public\index.php(36): CodeIgniter\CodeIgniter->run()
#7 D:\projects\gtren\system\Commands\Server\rewrite.php(45): require_once('D:\\projects\\gtr...')
#8 {main}
CRITICAL - 2021-06-24 16:38:59 --> Cache key contains reserved characters {}()/\@:
#0 D:\projects\gtren\system\Cache\Handlers\FileHandler.php(95): CodeIgniter\Cache\Handlers\BaseHandler::validateKey('throttler_:1', '')
#1 D:\projects\gtren\system\Throttle\Throttler.php(110): CodeIgniter\Cache\Handlers\FileHandler->get('throttler_:1')
#2 D:\projects\gtren\vendor\myth\auth\src\Controllers\AuthController.php(359): CodeIgniter\Throttle\Throttler->check(':1', 2, 60)
#3 D:\projects\gtren\system\CodeIgniter.php(931): Myth\Auth\Controllers\AuthController->activateAccount()
#4 D:\projects\gtren\system\CodeIgniter.php(439): CodeIgniter\CodeIgniter->runController(Object(Myth\Auth\Controllers\AuthController))
#5 D:\projects\gtren\system\CodeIgniter.php(339): CodeIgniter\CodeIgniter->handleRequest(NULL, Object(Config\Cache), false)
#6 D:\projects\gtren\public\index.php(36): CodeIgniter\CodeIgniter->run()
#7 D:\projects\gtren\system\Commands\Server\rewrite.php(45): require_once('D:\\projects\\gtr...')
#8 {main}
CRITICAL - 2021-06-24 16:39:08 --> Cache key contains reserved characters {}()/\@:
#0 D:\projects\gtren\system\Cache\Handlers\FileHandler.php(95): CodeIgniter\Cache\Handlers\BaseHandler::validateKey('throttler_@:1', '')
#1 D:\projects\gtren\system\Throttle\Throttler.php(110): CodeIgniter\Cache\Handlers\FileHandler->get('throttler_@:1')
#2 D:\projects\gtren\vendor\myth\auth\src\Controllers\AuthController.php(359): CodeIgniter\Throttle\Throttler->check('@:1', 2, 60)
#3 D:\projects\gtren\system\CodeIgniter.php(931): Myth\Auth\Controllers\AuthController->activateAccount()
#4 D:\projects\gtren\system\CodeIgniter.php(439): CodeIgniter\CodeIgniter->runController(Object(Myth\Auth\Controllers\AuthController))
#5 D:\projects\gtren\system\CodeIgniter.php(339): CodeIgniter\CodeIgniter->handleRequest(NULL, Object(Config\Cache), false)
#6 D:\projects\gtren\public\index.php(36): CodeIgniter\CodeIgniter->run()
#7 D:\projects\gtren\system\Commands\Server\rewrite.php(45): require_once('D:\\projects\\gtr...')
#8 {main}
CRITICAL - 2021-06-24 16:39:20 --> Cache key contains reserved characters {}()/\@:
#0 D:\projects\gtren\system\Cache\Handlers\FileHandler.php(95): CodeIgniter\Cache\Handlers\BaseHandler::validateKey('throttler_:::1', '')
#1 D:\projects\gtren\system\Throttle\Throttler.php(110): CodeIgniter\Cache\Handlers\FileHandler->get('throttler_:::1')
#2 D:\projects\gtren\vendor\myth\auth\src\Controllers\AuthController.php(359): CodeIgniter\Throttle\Throttler->check(':::1', 2, 60)
#3 D:\projects\gtren\system\CodeIgniter.php(931): Myth\Auth\Controllers\AuthController->activateAccount()
#4 D:\projects\gtren\system\CodeIgniter.php(439): CodeIgniter\CodeIgniter->runController(Object(Myth\Auth\Controllers\AuthController))
#5 D:\projects\gtren\system\CodeIgniter.php(339): CodeIgniter\CodeIgniter->handleRequest(NULL, Object(Config\Cache), false)
#6 D:\projects\gtren\public\index.php(36): CodeIgniter\CodeIgniter->run()
#7 D:\projects\gtren\system\Commands\Server\rewrite.php(45): require_once('D:\\projects\\gtr...')
#8 {main}
CRITICAL - 2021-06-24 16:39:28 --> Cache key contains reserved characters {}()/\@:
#0 D:\projects\gtren\system\Cache\Handlers\FileHandler.php(95): CodeIgniter\Cache\Handlers\BaseHandler::validateKey('throttler_a::1', '')
#1 D:\projects\gtren\system\Throttle\Throttler.php(110): CodeIgniter\Cache\Handlers\FileHandler->get('throttler_a::1')
#2 D:\projects\gtren\vendor\myth\auth\src\Controllers\AuthController.php(359): CodeIgniter\Throttle\Throttler->check('a::1', 2, 60)
#3 D:\projects\gtren\system\CodeIgniter.php(931): Myth\Auth\Controllers\AuthController->activateAccount()
#4 D:\projects\gtren\system\CodeIgniter.php(439): CodeIgniter\CodeIgniter->runController(Object(Myth\Auth\Controllers\AuthController))
#5 D:\projects\gtren\system\CodeIgniter.php(339): CodeIgniter\CodeIgniter->handleRequest(NULL, Object(Config\Cache), false)
#6 D:\projects\gtren\public\index.php(36): CodeIgniter\CodeIgniter->run()
#7 D:\projects\gtren\system\Commands\Server\rewrite.php(45): require_once('D:\\projects\\gtr...')
#8 {main}
ERROR - 2021-06-24 17:16:23 --> Table 'ci4.products_photos' doesn't exist
CRITICAL - 2021-06-24 17:16:23 --> Table 'ci4.products_photos' doesn't exist
#0 D:\projects\gtren\system\Database\MySQLi\Connection.php(329): mysqli->query('SELECT `product...')
#1 D:\projects\gtren\system\Database\BaseConnection.php(732): CodeIgniter\Database\MySQLi\Connection->execute('SELECT `product...')
#2 D:\projects\gtren\system\Database\BaseConnection.php(647): CodeIgniter\Database\BaseConnection->simpleQuery('SELECT `product...')
#3 D:\projects\gtren\system\Database\BaseBuilder.php(1881): CodeIgniter\Database\BaseConnection->query('SELECT `product...', Array, false)
#4 D:\projects\gtren\app\Controllers\Product.php(42): CodeIgniter\Database\BaseBuilder->get()
#5 D:\projects\gtren\system\CodeIgniter.php(931): App\Controllers\Product->index()
#6 D:\projects\gtren\system\CodeIgniter.php(439): CodeIgniter\CodeIgniter->runController(Object(App\Controllers\Product))
#7 D:\projects\gtren\system\CodeIgniter.php(339): CodeIgniter\CodeIgniter->handleRequest(NULL, Object(Config\Cache), false)
#8 D:\projects\gtren\public\index.php(36): CodeIgniter\CodeIgniter->run()
#9 D:\projects\gtren\system\Commands\Server\rewrite.php(45): require_once('D:\\projects\\gtr...')
#10 {main}
ERROR - 2021-06-24 17:16:43 --> Table 'ci4.category' doesn't exist
CRITICAL - 2021-06-24 17:16:43 --> Table 'ci4.category' doesn't exist
#0 D:\projects\gtren\system\Database\MySQLi\Connection.php(329): mysqli->query('SELECT `product...')
#1 D:\projects\gtren\system\Database\BaseConnection.php(732): CodeIgniter\Database\MySQLi\Connection->execute('SELECT `product...')
#2 D:\projects\gtren\system\Database\BaseConnection.php(647): CodeIgniter\Database\BaseConnection->simpleQuery('SELECT `product...')
#3 D:\projects\gtren\system\Database\BaseBuilder.php(1881): CodeIgniter\Database\BaseConnection->query('SELECT `product...', Array, false)
#4 D:\projects\gtren\app\Controllers\Product.php(42): CodeIgniter\Database\BaseBuilder->get()
#5 D:\projects\gtren\system\CodeIgniter.php(931): App\Controllers\Product->index()
#6 D:\projects\gtren\system\CodeIgniter.php(439): CodeIgniter\CodeIgniter->runController(Object(App\Controllers\Product))
#7 D:\projects\gtren\system\CodeIgniter.php(339): CodeIgniter\CodeIgniter->handleRequest(NULL, Object(Config\Cache), false)
#8 D:\projects\gtren\public\index.php(36): CodeIgniter\CodeIgniter->run()
#9 D:\projects\gtren\system\Commands\Server\rewrite.php(45): require_once('D:\\projects\\gtr...')
#10 {main}
ERROR - 2021-06-24 17:16:56 --> Table 'ci4.categories' doesn't exist
CRITICAL - 2021-06-24 17:16:56 --> Table 'ci4.categories' doesn't exist
#0 D:\projects\gtren\system\Database\MySQLi\Connection.php(329): mysqli->query('SELECT `product...')
#1 D:\projects\gtren\system\Database\BaseConnection.php(732): CodeIgniter\Database\MySQLi\Connection->execute('SELECT `product...')
#2 D:\projects\gtren\system\Database\BaseConnection.php(647): CodeIgniter\Database\BaseConnection->simpleQuery('SELECT `product...')
#3 D:\projects\gtren\system\Database\BaseBuilder.php(1881): CodeIgniter\Database\BaseConnection->query('SELECT `product...', Array, false)
#4 D:\projects\gtren\app\Controllers\Product.php(42): CodeIgniter\Database\BaseBuilder->get()
#5 D:\projects\gtren\system\CodeIgniter.php(931): App\Controllers\Product->index()
#6 D:\projects\gtren\system\CodeIgniter.php(439): CodeIgniter\CodeIgniter->runController(Object(App\Controllers\Product))
#7 D:\projects\gtren\system\CodeIgniter.php(339): CodeIgniter\CodeIgniter->handleRequest(NULL, Object(Config\Cache), false)
#8 D:\projects\gtren\public\index.php(36): CodeIgniter\CodeIgniter->run()
#9 D:\projects\gtren\system\Commands\Server\rewrite.php(45): require_once('D:\\projects\\gtr...')
#10 {main}
ERROR - 2021-06-24 17:17:10 --> Table 'ci4.categories' doesn't exist
CRITICAL - 2021-06-24 17:17:10 --> Table 'ci4.categories' doesn't exist
#0 D:\projects\gtren\system\Database\MySQLi\Connection.php(329): mysqli->query('SELECT `product...')
#1 D:\projects\gtren\system\Database\BaseConnection.php(732): CodeIgniter\Database\MySQLi\Connection->execute('SELECT `product...')
#2 D:\projects\gtren\system\Database\BaseConnection.php(647): CodeIgniter\Database\BaseConnection->simpleQuery('SELECT `product...')
#3 D:\projects\gtren\system\Database\BaseBuilder.php(1881): CodeIgniter\Database\BaseConnection->query('SELECT `product...', Array, false)
#4 D:\projects\gtren\app\Controllers\Product.php(42): CodeIgniter\Database\BaseBuilder->get()
#5 D:\projects\gtren\system\CodeIgniter.php(931): App\Controllers\Product->index()
#6 D:\projects\gtren\system\CodeIgniter.php(439): CodeIgniter\CodeIgniter->runController(Object(App\Controllers\Product))
#7 D:\projects\gtren\system\CodeIgniter.php(339): CodeIgniter\CodeIgniter->handleRequest(NULL, Object(Config\Cache), false)
#8 D:\projects\gtren\public\index.php(36): CodeIgniter\CodeIgniter->run()
#9 D:\projects\gtren\system\Commands\Server\rewrite.php(45): require_once('D:\\projects\\gtr...')
#10 {main}
ERROR - 2021-06-24 17:17:34 --> Table 'ci4.categories' doesn't exist
CRITICAL - 2021-06-24 17:17:34 --> Table 'ci4.categories' doesn't exist
#0 D:\projects\gtren\system\Database\MySQLi\Connection.php(329): mysqli->query('SELECT `product...')
#1 D:\projects\gtren\system\Database\BaseConnection.php(732): CodeIgniter\Database\MySQLi\Connection->execute('SELECT `product...')
#2 D:\projects\gtren\system\Database\BaseConnection.php(647): CodeIgniter\Database\BaseConnection->simpleQuery('SELECT `product...')
#3 D:\projects\gtren\system\Database\BaseBuilder.php(1881): CodeIgniter\Database\BaseConnection->query('SELECT `product...', Array, false)
#4 D:\projects\gtren\app\Controllers\Product.php(42): CodeIgniter\Database\BaseBuilder->get()
#5 D:\projects\gtren\system\CodeIgniter.php(931): App\Controllers\Product->index()
#6 D:\projects\gtren\system\CodeIgniter.php(439): CodeIgniter\CodeIgniter->runController(Object(App\Controllers\Product))
#7 D:\projects\gtren\system\CodeIgniter.php(339): CodeIgniter\CodeIgniter->handleRequest(NULL, Object(Config\Cache), false)
#8 D:\projects\gtren\public\index.php(36): CodeIgniter\CodeIgniter->run()
#9 D:\projects\gtren\system\Commands\Server\rewrite.php(45): require_once('D:\\projects\\gtr...')
#10 {main}
ERROR - 2021-06-24 17:18:08 --> Unknown column 'product_categories.name' in 'field list'
CRITICAL - 2021-06-24 17:18:08 --> Unknown column 'product_categories.name' in 'field list'
#0 D:\projects\gtren\system\Database\MySQLi\Connection.php(329): mysqli->query('SELECT `product...')
#1 D:\projects\gtren\system\Database\BaseConnection.php(732): CodeIgniter\Database\MySQLi\Connection->execute('SELECT `product...')
#2 D:\projects\gtren\system\Database\BaseConnection.php(647): CodeIgniter\Database\BaseConnection->simpleQuery('SELECT `product...')
#3 D:\projects\gtren\system\Database\BaseBuilder.php(1881): CodeIgniter\Database\BaseConnection->query('SELECT `product...', Array, false)
#4 D:\projects\gtren\app\Controllers\Product.php(42): CodeIgniter\Database\BaseBuilder->get()
#5 D:\projects\gtren\system\CodeIgniter.php(931): App\Controllers\Product->index()
#6 D:\projects\gtren\system\CodeIgniter.php(439): CodeIgniter\CodeIgniter->runController(Object(App\Controllers\Product))
#7 D:\projects\gtren\system\CodeIgniter.php(339): CodeIgniter\CodeIgniter->handleRequest(NULL, Object(Config\Cache), false)
#8 D:\projects\gtren\public\index.php(36): CodeIgniter\CodeIgniter->run()
#9 D:\projects\gtren\system\Commands\Server\rewrite.php(45): require_once('D:\\projects\\gtr...')
#10 {main}
ERROR - 2021-06-24 17:18:32 --> Unknown column 'product.category_id' in 'on clause'
CRITICAL - 2021-06-24 17:18:32 --> Unknown column 'product.category_id' in 'on clause'
#0 D:\projects\gtren\system\Database\MySQLi\Connection.php(329): mysqli->query('SELECT `product...')
#1 D:\projects\gtren\system\Database\BaseConnection.php(732): CodeIgniter\Database\MySQLi\Connection->execute('SELECT `product...')
#2 D:\projects\gtren\system\Database\BaseConnection.php(647): CodeIgniter\Database\BaseConnection->simpleQuery('SELECT `product...')
#3 D:\projects\gtren\system\Database\BaseBuilder.php(1881): CodeIgniter\Database\BaseConnection->query('SELECT `product...', Array, false)
#4 D:\projects\gtren\app\Controllers\Product.php(42): CodeIgniter\Database\BaseBuilder->get()
#5 D:\projects\gtren\system\CodeIgniter.php(931): App\Controllers\Product->index()
#6 D:\projects\gtren\system\CodeIgniter.php(439): CodeIgniter\CodeIgniter->runController(Object(App\Controllers\Product))
#7 D:\projects\gtren\system\CodeIgniter.php(339): CodeIgniter\CodeIgniter->handleRequest(NULL, Object(Config\Cache), false)
#8 D:\projects\gtren\public\index.php(36): CodeIgniter\CodeIgniter->run()
#9 D:\projects\gtren\system\Commands\Server\rewrite.php(45): require_once('D:\\projects\\gtr...')
#10 {main}
ERROR - 2021-06-24 17:19:01 --> Unknown column 'product_category.id' in 'on clause'
CRITICAL - 2021-06-24 17:19:01 --> Unknown column 'product_category.id' in 'on clause'
#0 D:\projects\gtren\system\Database\MySQLi\Connection.php(329): mysqli->query('SELECT `product...')
#1 D:\projects\gtren\system\Database\BaseConnection.php(732): CodeIgniter\Database\MySQLi\Connection->execute('SELECT `product...')
#2 D:\projects\gtren\system\Database\BaseConnection.php(647): CodeIgniter\Database\BaseConnection->simpleQuery('SELECT `product...')
#3 D:\projects\gtren\system\Database\BaseBuilder.php(1881): CodeIgniter\Database\BaseConnection->query('SELECT `product...', Array, false)
#4 D:\projects\gtren\app\Controllers\Product.php(42): CodeIgniter\Database\BaseBuilder->get()
#5 D:\projects\gtren\system\CodeIgniter.php(931): App\Controllers\Product->index()
#6 D:\projects\gtren\system\CodeIgniter.php(439): CodeIgniter\CodeIgniter->runController(Object(App\Controllers\Product))
#7 D:\projects\gtren\system\CodeIgniter.php(339): CodeIgniter\CodeIgniter->handleRequest(NULL, Object(Config\Cache), false)
#8 D:\projects\gtren\public\index.php(36): CodeIgniter\CodeIgniter->run()
#9 D:\projects\gtren\system\Commands\Server\rewrite.php(45): require_once('D:\\projects\\gtr...')
#10 {main}
ERROR - 2021-06-24 17:19:03 --> Unknown column 'product_category.id' in 'on clause'
CRITICAL - 2021-06-24 17:19:03 --> Unknown column 'product_category.id' in 'on clause'
#0 D:\projects\gtren\system\Database\MySQLi\Connection.php(329): mysqli->query('SELECT `product...')
#1 D:\projects\gtren\system\Database\BaseConnection.php(732): CodeIgniter\Database\MySQLi\Connection->execute('SELECT `product...')
#2 D:\projects\gtren\system\Database\BaseConnection.php(647): CodeIgniter\Database\BaseConnection->simpleQuery('SELECT `product...')
#3 D:\projects\gtren\system\Database\BaseBuilder.php(1881): CodeIgniter\Database\BaseConnection->query('SELECT `product...', Array, false)
#4 D:\projects\gtren\app\Controllers\Product.php(42): CodeIgniter\Database\BaseBuilder->get()
#5 D:\projects\gtren\system\CodeIgniter.php(931): App\Controllers\Product->index()
#6 D:\projects\gtren\system\CodeIgniter.php(439): CodeIgniter\CodeIgniter->runController(Object(App\Controllers\Product))
#7 D:\projects\gtren\system\CodeIgniter.php(339): CodeIgniter\CodeIgniter->handleRequest(NULL, Object(Config\Cache), false)
#8 D:\projects\gtren\public\index.php(36): CodeIgniter\CodeIgniter->run()
#9 D:\projects\gtren\system\Commands\Server\rewrite.php(45): require_once('D:\\projects\\gtr...')
#10 {main}
ERROR - 2021-06-24 17:19:22 --> Unknown column 'product.category_id' in 'on clause'
CRITICAL - 2021-06-24 17:19:22 --> Unknown column 'product.category_id' in 'on clause'
#0 D:\projects\gtren\system\Database\MySQLi\Connection.php(329): mysqli->query('SELECT `product...')
#1 D:\projects\gtren\system\Database\BaseConnection.php(732): CodeIgniter\Database\MySQLi\Connection->execute('SELECT `product...')
#2 D:\projects\gtren\system\Database\BaseConnection.php(647): CodeIgniter\Database\BaseConnection->simpleQuery('SELECT `product...')
#3 D:\projects\gtren\system\Database\BaseBuilder.php(1881): CodeIgniter\Database\BaseConnection->query('SELECT `product...', Array, false)
#4 D:\projects\gtren\app\Controllers\Product.php(42): CodeIgniter\Database\BaseBuilder->get()
#5 D:\projects\gtren\system\CodeIgniter.php(931): App\Controllers\Product->index()
#6 D:\projects\gtren\system\CodeIgniter.php(439): CodeIgniter\CodeIgniter->runController(Object(App\Controllers\Product))
#7 D:\projects\gtren\system\CodeIgniter.php(339): CodeIgniter\CodeIgniter->handleRequest(NULL, Object(Config\Cache), false)
#8 D:\projects\gtren\public\index.php(36): CodeIgniter\CodeIgniter->run()
#9 D:\projects\gtren\system\Commands\Server\rewrite.php(45): require_once('D:\\projects\\gtr...')
#10 {main}
CRITICAL - 2021-06-24 17:42:57 --> Undefined variable: key
#0 D:\projects\gtren\vendor\myth\auth\src\Controllers\AuthController.php(359): CodeIgniter\Debug\Exceptions->errorHandler(8, 'Undefined varia...', 'D:\\projects\\gtr...', 359, Array)
#1 D:\projects\gtren\system\CodeIgniter.php(931): Myth\Auth\Controllers\AuthController->activateAccount()
#2 D:\projects\gtren\system\CodeIgniter.php(439): CodeIgniter\CodeIgniter->runController(Object(Myth\Auth\Controllers\AuthController))
#3 D:\projects\gtren\system\CodeIgniter.php(339): CodeIgniter\CodeIgniter->handleRequest(NULL, Object(Config\Cache), false)
#4 D:\projects\gtren\public\index.php(36): CodeIgniter\CodeIgniter->run()
#5 D:\projects\gtren\system\Commands\Server\rewrite.php(45): require_once('D:\\projects\\gtr...')
#6 {main}
CRITICAL - 2021-06-24 17:43:53 --> Cache key contains reserved characters {}()/\@:
#0 D:\projects\gtren\system\Cache\Handlers\FileHandler.php(152): CodeIgniter\Cache\Handlers\BaseHandler::validateKey('throttler_::1', '')
#1 D:\projects\gtren\system\Throttle\Throttler.php(162): CodeIgniter\Cache\Handlers\FileHandler->delete('throttler_::1')
#2 D:\projects\gtren\vendor\myth\auth\src\Controllers\AuthController.php(359): CodeIgniter\Throttle\Throttler->remove('::1')
#3 D:\projects\gtren\system\CodeIgniter.php(931): Myth\Auth\Controllers\AuthController->activateAccount()
#4 D:\projects\gtren\system\CodeIgniter.php(439): CodeIgniter\CodeIgniter->runController(Object(Myth\Auth\Controllers\AuthController))
#5 D:\projects\gtren\system\CodeIgniter.php(339): CodeIgniter\CodeIgniter->handleRequest(NULL, Object(Config\Cache), false)
#6 D:\projects\gtren\public\index.php(36): CodeIgniter\CodeIgniter->run()
#7 D:\projects\gtren\system\Commands\Server\rewrite.php(45): require_once('D:\\projects\\gtr...')
#8 {main}
CRITICAL - 2021-06-24 18:10:49 --> Invalid file: App\Views\commerce\login_register.php
#0 D:\projects\gtren\system\View\View.php(213): CodeIgniter\Exceptions\FrameworkException::forInvalidFile('App\\Views\\comme...')
#1 D:\projects\gtren\system\Common.php(1250): CodeIgniter\View\View->render('App\\Views\\comme...', Array, true)
#2 D:\projects\gtren\vendor\myth\auth\src\Controllers\AuthController.php(430): view('App\\Views\\comme...', Array)
#3 D:\projects\gtren\vendor\myth\auth\src\Controllers\AuthController.php(57): Myth\Auth\Controllers\AuthController->_render('App\\Views\\comme...', Array)
#4 D:\projects\gtren\system\CodeIgniter.php(931): Myth\Auth\Controllers\AuthController->login()
#5 D:\projects\gtren\system\CodeIgniter.php(439): CodeIgniter\CodeIgniter->runController(Object(Myth\Auth\Controllers\AuthController))
#6 D:\projects\gtren\system\CodeIgniter.php(339): CodeIgniter\CodeIgniter->handleRequest(NULL, Object(Config\Cache), false)
#7 D:\projects\gtren\public\index.php(36): CodeIgniter\CodeIgniter->run()
#8 D:\projects\gtren\system\Commands\Server\rewrite.php(45): require_once('D:\\projects\\gtr...')
#9 {main}
CRITICAL - 2021-06-24 18:10:51 --> Invalid file: App\Views\commerce\login_register.php
#0 D:\projects\gtren\system\View\View.php(213): CodeIgniter\Exceptions\FrameworkException::forInvalidFile('App\\Views\\comme...')
#1 D:\projects\gtren\system\Common.php(1250): CodeIgniter\View\View->render('App\\Views\\comme...', Array, true)
#2 D:\projects\gtren\vendor\myth\auth\src\Controllers\AuthController.php(430): view('App\\Views\\comme...', Array)
#3 D:\projects\gtren\vendor\myth\auth\src\Controllers\AuthController.php(57): Myth\Auth\Controllers\AuthController->_render('App\\Views\\comme...', Array)
#4 D:\projects\gtren\system\CodeIgniter.php(931): Myth\Auth\Controllers\AuthController->login()
#5 D:\projects\gtren\system\CodeIgniter.php(439): CodeIgniter\CodeIgniter->runController(Object(Myth\Auth\Controllers\AuthController))
#6 D:\projects\gtren\system\CodeIgniter.php(339): CodeIgniter\CodeIgniter->handleRequest(NULL, Object(Config\Cache), false)
#7 D:\projects\gtren\public\index.php(36): CodeIgniter\CodeIgniter->run()
#8 D:\projects\gtren\system\Commands\Server\rewrite.php(45): require_once('D:\\projects\\gtr...')
#9 {main}
CRITICAL - 2021-06-24 23:34:50 --> Invalid argument supplied for foreach()
#0 D:\projects\gtren\app\Views\commerce\account.php(112): CodeIgniter\Debug\Exceptions->errorHandler(2, 'Invalid argumen...', 'D:\\projects\\gtr...', 112, Array)
#1 D:\projects\gtren\system\View\View.php(230): include('D:\\projects\\gtr...')
#2 D:\projects\gtren\system\View\View.php(232): CodeIgniter\View\View->CodeIgniter\View\{closure}()
#3 D:\projects\gtren\system\Common.php(1250): CodeIgniter\View\View->render('commerce/accoun...', Array, true)
#4 D:\projects\gtren\app\Controllers\Commerce.php(34): view('commerce/accoun...', Array)
#5 D:\projects\gtren\system\CodeIgniter.php(931): App\Controllers\Commerce->Account()
#6 D:\projects\gtren\system\CodeIgniter.php(439): CodeIgniter\CodeIgniter->runController(Object(App\Controllers\Commerce))
#7 D:\projects\gtren\system\CodeIgniter.php(339): CodeIgniter\CodeIgniter->handleRequest(NULL, Object(Config\Cache), false)
#8 D:\projects\gtren\public\index.php(36): CodeIgniter\CodeIgniter->run()
#9 D:\projects\gtren\system\Commands\Server\rewrite.php(45): require_once('D:\\projects\\gtr...')
#10 {main}
CRITICAL - 2021-06-24 23:35:01 --> Invalid argument supplied for foreach()
#0 D:\projects\gtren\app\Views\commerce\account.php(112): CodeIgniter\Debug\Exceptions->errorHandler(2, 'Invalid argumen...', 'D:\\projects\\gtr...', 112, Array)
#1 D:\projects\gtren\system\View\View.php(230): include('D:\\projects\\gtr...')
#2 D:\projects\gtren\system\View\View.php(232): CodeIgniter\View\View->CodeIgniter\View\{closure}()
#3 D:\projects\gtren\system\Common.php(1250): CodeIgniter\View\View->render('commerce/accoun...', Array, true)
#4 D:\projects\gtren\app\Controllers\Commerce.php(34): view('commerce/accoun...', Array)
#5 D:\projects\gtren\system\CodeIgniter.php(931): App\Controllers\Commerce->Account()
#6 D:\projects\gtren\system\CodeIgniter.php(439): CodeIgniter\CodeIgniter->runController(Object(App\Controllers\Commerce))
#7 D:\projects\gtren\system\CodeIgniter.php(339): CodeIgniter\CodeIgniter->handleRequest(NULL, Object(Config\Cache), false)
#8 D:\projects\gtren\public\index.php(36): CodeIgniter\CodeIgniter->run()
#9 D:\projects\gtren\system\Commands\Server\rewrite.php(45): require_once('D:\\projects\\gtr...')
#10 {main}
CRITICAL - 2021-06-24 23:35:10 --> Invalid argument supplied for foreach()
#0 D:\projects\gtren\app\Views\commerce\account.php(112): CodeIgniter\Debug\Exceptions->errorHandler(2, 'Invalid argumen...', 'D:\\projects\\gtr...', 112, Array)
#1 D:\projects\gtren\system\View\View.php(230): include('D:\\projects\\gtr...')
#2 D:\projects\gtren\system\View\View.php(232): CodeIgniter\View\View->CodeIgniter\View\{closure}()
#3 D:\projects\gtren\system\Common.php(1250): CodeIgniter\View\View->render('commerce/accoun...', Array, true)
#4 D:\projects\gtren\app\Controllers\Commerce.php(34): view('commerce/accoun...', Array)
#5 D:\projects\gtren\system\CodeIgniter.php(931): App\Controllers\Commerce->Account()
#6 D:\projects\gtren\system\CodeIgniter.php(439): CodeIgniter\CodeIgniter->runController(Object(App\Controllers\Commerce))
#7 D:\projects\gtren\system\CodeIgniter.php(339): CodeIgniter\CodeIgniter->handleRequest(NULL, Object(Config\Cache), false)
#8 D:\projects\gtren\public\index.php(36): CodeIgniter\CodeIgniter->run()
#9 D:\projects\gtren\system\Commands\Server\rewrite.php(45): require_once('D:\\projects\\gtr...')
#10 {main}
