CRITICAL - 2021-08-23 00:30:42 --> Undefined variable: contacts
#0 D:\projects\gtren\app\Views\commerce\templates\footer.php(11): CodeIgniter\Debug\Exceptions->errorHandler(8, 'Undefined varia...', 'D:\\projects\\gtr...', 11, Array)
#1 D:\projects\gtren\system\View\View.php(230): include('D:\\projects\\gtr...')
#2 D:\projects\gtren\system\View\View.php(232): CodeIgniter\View\View->CodeIgniter\View\{closure}()
#3 D:\projects\gtren\system\View\View.php(487): CodeIgniter\View\View->render('commerce/templa...', NULL, true)
#4 D:\projects\gtren\app\Views\commerce\templates\index.php(42): CodeIgniter\View\View->include('commerce/templa...')
#5 D:\projects\gtren\system\View\View.php(230): include('D:\\projects\\gtr...')
#6 D:\projects\gtren\system\View\View.php(232): CodeIgniter\View\View->CodeIgniter\View\{closure}()
#7 D:\projects\gtren\system\View\View.php(246): CodeIgniter\View\View->render('commerce/templa...', Array, true)
#8 D:\projects\gtren\system\Common.php(1250): CodeIgniter\View\View->render('App\\Views\\comme...', Array, true)
#9 D:\projects\gtren\app\ThirdParty\myth-auth\src\Controllers\AuthController.php(429): view('App\\Views\\comme...', Array)
#10 D:\projects\gtren\app\ThirdParty\myth-auth\src\Controllers\AuthController.php(59): Myth\Auth\Controllers\AuthController->_render('App\\Views\\comme...', Array)
#11 D:\projects\gtren\system\CodeIgniter.php(931): Myth\Auth\Controllers\AuthController->login()
#12 D:\projects\gtren\system\CodeIgniter.php(439): CodeIgniter\CodeIgniter->runController(Object(Myth\Auth\Controllers\AuthController))
#13 D:\projects\gtren\system\CodeIgniter.php(339): CodeIgniter\CodeIgniter->handleRequest(NULL, Object(Config\Cache), false)
#14 D:\projects\gtren\public\index.php(36): CodeIgniter\CodeIgniter->run()
#15 D:\projects\gtren\system\Commands\Server\rewrite.php(45): require_once('D:\\projects\\gtr...')
#16 {main}
CRITICAL - 2021-08-23 00:39:23 --> Undefined variable: contacts
#0 D:\projects\gtren\app\Views\commerce\templates\footer.php(11): CodeIgniter\Debug\Exceptions->errorHandler(8, 'Undefined varia...', 'D:\\projects\\gtr...', 11, Array)
#1 D:\projects\gtren\system\View\View.php(230): include('D:\\projects\\gtr...')
#2 D:\projects\gtren\system\View\View.php(232): CodeIgniter\View\View->CodeIgniter\View\{closure}()
#3 D:\projects\gtren\system\View\View.php(487): CodeIgniter\View\View->render('commerce/templa...', NULL, true)
#4 D:\projects\gtren\app\Views\commerce\templates\index.php(42): CodeIgniter\View\View->include('commerce/templa...')
#5 D:\projects\gtren\system\View\View.php(230): include('D:\\projects\\gtr...')
#6 D:\projects\gtren\system\View\View.php(232): CodeIgniter\View\View->CodeIgniter\View\{closure}()
#7 D:\projects\gtren\system\View\View.php(246): CodeIgniter\View\View->render('commerce/templa...', Array, true)
#8 D:\projects\gtren\system\Common.php(1250): CodeIgniter\View\View->render('commerce/accoun...', Array, true)
#9 D:\projects\gtren\app\Controllers\User.php(20): view('commerce/accoun...', Array)
#10 D:\projects\gtren\system\CodeIgniter.php(931): App\Controllers\User->account()
#11 D:\projects\gtren\system\CodeIgniter.php(439): CodeIgniter\CodeIgniter->runController(Object(App\Controllers\User))
#12 D:\projects\gtren\system\CodeIgniter.php(339): CodeIgniter\CodeIgniter->handleRequest(NULL, Object(Config\Cache), false)
#13 D:\projects\gtren\public\index.php(36): CodeIgniter\CodeIgniter->run()
#14 D:\projects\gtren\system\Commands\Server\rewrite.php(45): require_once('D:\\projects\\gtr...')
#15 {main}
CRITICAL - 2021-08-23 00:39:39 --> Undefined variable: contacts
#0 D:\projects\gtren\app\Views\commerce\templates\footer.php(11): CodeIgniter\Debug\Exceptions->errorHandler(8, 'Undefined varia...', 'D:\\projects\\gtr...', 11, Array)
#1 D:\projects\gtren\system\View\View.php(230): include('D:\\projects\\gtr...')
#2 D:\projects\gtren\system\View\View.php(232): CodeIgniter\View\View->CodeIgniter\View\{closure}()
#3 D:\projects\gtren\system\View\View.php(487): CodeIgniter\View\View->render('commerce/templa...', NULL, true)
#4 D:\projects\gtren\app\Views\commerce\templates\index.php(42): CodeIgniter\View\View->include('commerce/templa...')
#5 D:\projects\gtren\system\View\View.php(230): include('D:\\projects\\gtr...')
#6 D:\projects\gtren\system\View\View.php(232): CodeIgniter\View\View->CodeIgniter\View\{closure}()
#7 D:\projects\gtren\system\View\View.php(246): CodeIgniter\View\View->render('commerce/templa...', Array, true)
#8 D:\projects\gtren\system\Common.php(1250): CodeIgniter\View\View->render('commerce/accoun...', Array, true)
#9 D:\projects\gtren\app\Controllers\User.php(156): view('commerce/accoun...', Array)
#10 D:\projects\gtren\system\CodeIgniter.php(931): App\Controllers\User->upgrade()
#11 D:\projects\gtren\system\CodeIgniter.php(439): CodeIgniter\CodeIgniter->runController(Object(App\Controllers\User))
#12 D:\projects\gtren\system\CodeIgniter.php(339): CodeIgniter\CodeIgniter->handleRequest(NULL, Object(Config\Cache), false)
#13 D:\projects\gtren\public\index.php(36): CodeIgniter\CodeIgniter->run()
#14 D:\projects\gtren\system\Commands\Server\rewrite.php(45): require_once('D:\\projects\\gtr...')
#15 {main}
CRITICAL - 2021-08-23 00:40:16 --> Undefined variable: contacts
#0 D:\projects\gtren\app\Views\commerce\templates\footer.php(11): CodeIgniter\Debug\Exceptions->errorHandler(8, 'Undefined varia...', 'D:\\projects\\gtr...', 11, Array)
#1 D:\projects\gtren\system\View\View.php(230): include('D:\\projects\\gtr...')
#2 D:\projects\gtren\system\View\View.php(232): CodeIgniter\View\View->CodeIgniter\View\{closure}()
#3 D:\projects\gtren\system\View\View.php(487): CodeIgniter\View\View->render('commerce/templa...', NULL, true)
#4 D:\projects\gtren\app\Views\commerce\templates\index.php(42): CodeIgniter\View\View->include('commerce/templa...')
#5 D:\projects\gtren\system\View\View.php(230): include('D:\\projects\\gtr...')
#6 D:\projects\gtren\system\View\View.php(232): CodeIgniter\View\View->CodeIgniter\View\{closure}()
#7 D:\projects\gtren\system\View\View.php(246): CodeIgniter\View\View->render('commerce/templa...', Array, true)
#8 D:\projects\gtren\system\Common.php(1250): CodeIgniter\View\View->render('commerce/accoun...', Array, true)
#9 D:\projects\gtren\app\Controllers\User.php(115): view('commerce/accoun...', Array)
#10 D:\projects\gtren\system\CodeIgniter.php(931): App\Controllers\User->profile()
#11 D:\projects\gtren\system\CodeIgniter.php(439): CodeIgniter\CodeIgniter->runController(Object(App\Controllers\User))
#12 D:\projects\gtren\system\CodeIgniter.php(339): CodeIgniter\CodeIgniter->handleRequest(NULL, Object(Config\Cache), false)
#13 D:\projects\gtren\public\index.php(36): CodeIgniter\CodeIgniter->run()
#14 D:\projects\gtren\system\Commands\Server\rewrite.php(45): require_once('D:\\projects\\gtr...')
#15 {main}
CRITICAL - 2021-08-23 00:40:27 --> Undefined variable: contacts
#0 D:\projects\gtren\app\Views\commerce\templates\footer.php(11): CodeIgniter\Debug\Exceptions->errorHandler(8, 'Undefined varia...', 'D:\\projects\\gtr...', 11, Array)
#1 D:\projects\gtren\system\View\View.php(230): include('D:\\projects\\gtr...')
#2 D:\projects\gtren\system\View\View.php(232): CodeIgniter\View\View->CodeIgniter\View\{closure}()
#3 D:\projects\gtren\system\View\View.php(487): CodeIgniter\View\View->render('commerce/templa...', NULL, true)
#4 D:\projects\gtren\app\Views\commerce\templates\index.php(42): CodeIgniter\View\View->include('commerce/templa...')
#5 D:\projects\gtren\system\View\View.php(230): include('D:\\projects\\gtr...')
#6 D:\projects\gtren\system\View\View.php(232): CodeIgniter\View\View->CodeIgniter\View\{closure}()
#7 D:\projects\gtren\system\View\View.php(246): CodeIgniter\View\View->render('commerce/templa...', Array, true)
#8 D:\projects\gtren\system\Common.php(1250): CodeIgniter\View\View->render('commerce/accoun...', Array, true)
#9 D:\projects\gtren\app\Controllers\User.php(108): view('commerce/accoun...', Array)
#10 D:\projects\gtren\system\CodeIgniter.php(931): App\Controllers\User->address()
#11 D:\projects\gtren\system\CodeIgniter.php(439): CodeIgniter\CodeIgniter->runController(Object(App\Controllers\User))
#12 D:\projects\gtren\system\CodeIgniter.php(339): CodeIgniter\CodeIgniter->handleRequest(NULL, Object(Config\Cache), false)
#13 D:\projects\gtren\public\index.php(36): CodeIgniter\CodeIgniter->run()
#14 D:\projects\gtren\system\Commands\Server\rewrite.php(45): require_once('D:\\projects\\gtr...')
#15 {main}
CRITICAL - 2021-08-23 00:40:45 --> Trying to access array offset on value of type int
#0 D:\projects\gtren\app\Views\commerce\account.php(106): CodeIgniter\Debug\Exceptions->errorHandler(8, 'Trying to acces...', 'D:\\projects\\gtr...', 106, Array)
#1 D:\projects\gtren\system\View\View.php(230): include('D:\\projects\\gtr...')
#2 D:\projects\gtren\system\View\View.php(232): CodeIgniter\View\View->CodeIgniter\View\{closure}()
#3 D:\projects\gtren\system\Common.php(1250): CodeIgniter\View\View->render('commerce/accoun...', Array, true)
#4 D:\projects\gtren\app\Controllers\User.php(43): view('commerce/accoun...', Array)
#5 D:\projects\gtren\system\CodeIgniter.php(931): App\Controllers\User->tracking()
#6 D:\projects\gtren\system\CodeIgniter.php(439): CodeIgniter\CodeIgniter->runController(Object(App\Controllers\User))
#7 D:\projects\gtren\system\CodeIgniter.php(339): CodeIgniter\CodeIgniter->handleRequest(NULL, Object(Config\Cache), false)
#8 D:\projects\gtren\public\index.php(36): CodeIgniter\CodeIgniter->run()
#9 D:\projects\gtren\system\Commands\Server\rewrite.php(45): require_once('D:\\projects\\gtr...')
#10 {main}
CRITICAL - 2021-08-23 00:40:50 --> Undefined variable: contacts
#0 D:\projects\gtren\app\Views\commerce\templates\footer.php(11): CodeIgniter\Debug\Exceptions->errorHandler(8, 'Undefined varia...', 'D:\\projects\\gtr...', 11, Array)
#1 D:\projects\gtren\system\View\View.php(230): include('D:\\projects\\gtr...')
#2 D:\projects\gtren\system\View\View.php(232): CodeIgniter\View\View->CodeIgniter\View\{closure}()
#3 D:\projects\gtren\system\View\View.php(487): CodeIgniter\View\View->render('commerce/templa...', NULL, true)
#4 D:\projects\gtren\app\Views\commerce\templates\index.php(42): CodeIgniter\View\View->include('commerce/templa...')
#5 D:\projects\gtren\system\View\View.php(230): include('D:\\projects\\gtr...')
#6 D:\projects\gtren\system\View\View.php(232): CodeIgniter\View\View->CodeIgniter\View\{closure}()
#7 D:\projects\gtren\system\View\View.php(246): CodeIgniter\View\View->render('commerce/templa...', Array, true)
#8 D:\projects\gtren\system\Common.php(1250): CodeIgniter\View\View->render('commerce/accoun...', Array, true)
#9 D:\projects\gtren\app\Controllers\User.php(108): view('commerce/accoun...', Array)
#10 D:\projects\gtren\system\CodeIgniter.php(931): App\Controllers\User->address()
#11 D:\projects\gtren\system\CodeIgniter.php(439): CodeIgniter\CodeIgniter->runController(Object(App\Controllers\User))
#12 D:\projects\gtren\system\CodeIgniter.php(339): CodeIgniter\CodeIgniter->handleRequest(NULL, Object(Config\Cache), false)
#13 D:\projects\gtren\public\index.php(36): CodeIgniter\CodeIgniter->run()
#14 D:\projects\gtren\system\Commands\Server\rewrite.php(45): require_once('D:\\projects\\gtr...')
#15 {main}
CRITICAL - 2021-08-23 00:40:54 --> Undefined variable: contacts
#0 D:\projects\gtren\app\Views\commerce\templates\footer.php(11): CodeIgniter\Debug\Exceptions->errorHandler(8, 'Undefined varia...', 'D:\\projects\\gtr...', 11, Array)
#1 D:\projects\gtren\system\View\View.php(230): include('D:\\projects\\gtr...')
#2 D:\projects\gtren\system\View\View.php(232): CodeIgniter\View\View->CodeIgniter\View\{closure}()
#3 D:\projects\gtren\system\View\View.php(487): CodeIgniter\View\View->render('commerce/templa...', NULL, true)
#4 D:\projects\gtren\app\Views\commerce\templates\index.php(42): CodeIgniter\View\View->include('commerce/templa...')
#5 D:\projects\gtren\system\View\View.php(230): include('D:\\projects\\gtr...')
#6 D:\projects\gtren\system\View\View.php(232): CodeIgniter\View\View->CodeIgniter\View\{closure}()
#7 D:\projects\gtren\system\View\View.php(246): CodeIgniter\View\View->render('commerce/templa...', Array, true)
#8 D:\projects\gtren\system\Common.php(1250): CodeIgniter\View\View->render('commerce/accoun...', Array, true)
#9 D:\projects\gtren\app\Controllers\User.php(27): view('commerce/accoun...', Array)
#10 D:\projects\gtren\system\CodeIgniter.php(931): App\Controllers\User->orders()
#11 D:\projects\gtren\system\CodeIgniter.php(439): CodeIgniter\CodeIgniter->runController(Object(App\Controllers\User))
#12 D:\projects\gtren\system\CodeIgniter.php(339): CodeIgniter\CodeIgniter->handleRequest(NULL, Object(Config\Cache), false)
#13 D:\projects\gtren\public\index.php(36): CodeIgniter\CodeIgniter->run()
#14 D:\projects\gtren\system\Commands\Server\rewrite.php(45): require_once('D:\\projects\\gtr...')
#15 {main}
CRITICAL - 2021-08-23 00:41:04 --> Undefined variable: contacts
#0 D:\projects\gtren\app\Views\commerce\templates\footer.php(11): CodeIgniter\Debug\Exceptions->errorHandler(8, 'Undefined varia...', 'D:\\projects\\gtr...', 11, Array)
#1 D:\projects\gtren\system\View\View.php(230): include('D:\\projects\\gtr...')
#2 D:\projects\gtren\system\View\View.php(232): CodeIgniter\View\View->CodeIgniter\View\{closure}()
#3 D:\projects\gtren\system\View\View.php(487): CodeIgniter\View\View->render('commerce/templa...', NULL, true)
#4 D:\projects\gtren\app\Views\commerce\templates\index.php(42): CodeIgniter\View\View->include('commerce/templa...')
#5 D:\projects\gtren\system\View\View.php(230): include('D:\\projects\\gtr...')
#6 D:\projects\gtren\system\View\View.php(232): CodeIgniter\View\View->CodeIgniter\View\{closure}()
#7 D:\projects\gtren\system\View\View.php(246): CodeIgniter\View\View->render('commerce/templa...', Array, true)
#8 D:\projects\gtren\system\Common.php(1250): CodeIgniter\View\View->render('commerce/accoun...', Array, true)
#9 D:\projects\gtren\app\Controllers\User.php(108): view('commerce/accoun...', Array)
#10 D:\projects\gtren\system\CodeIgniter.php(931): App\Controllers\User->address()
#11 D:\projects\gtren\system\CodeIgniter.php(439): CodeIgniter\CodeIgniter->runController(Object(App\Controllers\User))
#12 D:\projects\gtren\system\CodeIgniter.php(339): CodeIgniter\CodeIgniter->handleRequest(NULL, Object(Config\Cache), false)
#13 D:\projects\gtren\public\index.php(36): CodeIgniter\CodeIgniter->run()
#14 D:\projects\gtren\system\Commands\Server\rewrite.php(45): require_once('D:\\projects\\gtr...')
#15 {main}
