CRITICAL - 2021-06-10 05:52:17 --> syntax error, unexpected '']]' (T_ENCAPSED_AND_WHITESPACE), expecting ']'
#0 D:\projects\gtren\system\Autoloader\Autoloader.php(282): CodeIgniter\Autoloader\Autoloader->includeFile('D:\\projects\\gtr...')
#1 D:\projects\gtren\system\Autoloader\Autoloader.php(247): CodeIgniter\Autoloader\Autoloader->loadInNamespace('Config\\Filters')
#2 [internal function]: CodeIgniter\Autoloader\Autoloader->loadClass('Config\\Filters')
#3 [internal function]: spl_autoload_call('Config\\Filters')
#4 D:\projects\gtren\system\Config\Factories.php(149): class_exists('Config\\Filters')
#5 D:\projects\gtren\system\Config\Factories.php(115): CodeIgniter\Config\Factories::locateClass(Array, 'Filters')
#6 D:\projects\gtren\system\Common.php(228): CodeIgniter\Config\Factories::__callStatic('config', Array)
#7 D:\projects\gtren\system\Config\Services.php(305): config('Filters')
#8 D:\projects\gtren\system\Config\BaseService.php(263): CodeIgniter\Config\Services::filters(NULL, false)
#9 D:\projects\gtren\system\Config\BaseService.php(192): CodeIgniter\Config\BaseService::__callStatic('filters', Array)
#10 D:\projects\gtren\system\Config\Services.php(302): CodeIgniter\Config\BaseService::getSharedInstance('filters', NULL)
#11 D:\projects\gtren\system\Config\BaseService.php(263): CodeIgniter\Config\Services::filters()
#12 D:\projects\gtren\system\CodeIgniter.php(395): CodeIgniter\Config\BaseService::__callStatic('filters', Array)
#13 D:\projects\gtren\system\CodeIgniter.php(339): CodeIgniter\CodeIgniter->handleRequest(NULL, Object(Config\Cache), false)
#14 D:\projects\gtren\public\index.php(36): CodeIgniter\CodeIgniter->run()
#15 D:\projects\gtren\system\Commands\Server\rewrite.php(45): require_once('D:\\projects\\gtr...')
#16 {main}
CRITICAL - 2021-06-10 05:52:39 --> user filter must have a matching alias defined.
#0 D:\projects\gtren\system\Filters\Filters.php(373): CodeIgniter\Filters\Exceptions\FilterException::forNoAlias('user')
#1 D:\projects\gtren\system\CodeIgniter.php(401): CodeIgniter\Filters\Filters->enableFilter('user', 'before')
#2 D:\projects\gtren\system\CodeIgniter.php(339): CodeIgniter\CodeIgniter->handleRequest(NULL, Object(Config\Cache), false)
#3 D:\projects\gtren\public\index.php(36): CodeIgniter\CodeIgniter->run()
#4 D:\projects\gtren\system\Commands\Server\rewrite.php(45): require_once('D:\\projects\\gtr...')
#5 {main}
CRITICAL - 2021-06-10 05:53:05 --> Declaration of Myth\Auth\Filters\RoleFilter::after(CodeIgniter\HTTP\RequestInterface $request, CodeIgniter\HTTP\ResponseInterface $response) must be compatible with CodeIgniter\Filters\FilterInterface::after(CodeIgniter\HTTP\RequestInterface $request, CodeIgniter\HTTP\ResponseInterface $response, $arguments = NULL)
#0 [internal function]: CodeIgniter\Debug\Exceptions->shutdownHandler()
#1 {main}
CRITICAL - 2021-06-10 05:53:49 --> user filter must have a matching alias defined.
#0 D:\projects\gtren\system\Filters\Filters.php(373): CodeIgniter\Filters\Exceptions\FilterException::forNoAlias('user')
#1 D:\projects\gtren\system\CodeIgniter.php(401): CodeIgniter\Filters\Filters->enableFilter('user', 'before')
#2 D:\projects\gtren\system\CodeIgniter.php(339): CodeIgniter\CodeIgniter->handleRequest(NULL, Object(Config\Cache), false)
#3 D:\projects\gtren\public\index.php(36): CodeIgniter\CodeIgniter->run()
#4 D:\projects\gtren\system\Commands\Server\rewrite.php(45): require_once('D:\\projects\\gtr...')
#5 {main}
CRITICAL - 2021-06-10 07:43:01 --> Call to undefined function in_group()
#0 D:\projects\gtren\system\View\View.php(230): include()
#1 D:\projects\gtren\system\View\View.php(232): CodeIgniter\View\View->CodeIgniter\View\{closure}()
#2 D:\projects\gtren\system\Common.php(1250): CodeIgniter\View\View->render('dashboard', Array, true)
#3 D:\projects\gtren\app\Controllers\Dashboard.php(9): view('dashboard')
#4 D:\projects\gtren\system\CodeIgniter.php(931): App\Controllers\Dashboard->index()
#5 D:\projects\gtren\system\CodeIgniter.php(439): CodeIgniter\CodeIgniter->runController(Object(App\Controllers\Dashboard))
#6 D:\projects\gtren\system\CodeIgniter.php(339): CodeIgniter\CodeIgniter->handleRequest(NULL, Object(Config\Cache), false)
#7 D:\projects\gtren\public\index.php(36): CodeIgniter\CodeIgniter->run()
#8 D:\projects\gtren\system\Commands\Server\rewrite.php(45): require_once('D:\\projects\\gtr...')
#9 {main}
CRITICAL - 2021-06-10 08:18:49 --> syntax error, unexpected '$routes' (T_VARIABLE)
#0 D:\projects\gtren\system\CodeIgniter.php(392): CodeIgniter\CodeIgniter->tryToRouteIt(NULL)
#1 D:\projects\gtren\system\CodeIgniter.php(339): CodeIgniter\CodeIgniter->handleRequest(NULL, Object(Config\Cache), false)
#2 D:\projects\gtren\public\index.php(36): CodeIgniter\CodeIgniter->run()
#3 D:\projects\gtren\system\Commands\Server\rewrite.php(45): require_once('D:\\projects\\gtr...')
#4 {main}
CRITICAL - 2021-06-10 08:19:03 --> Undefined variable: routes
#0 D:\projects\gtren\app\Config\Routes.php(69): CodeIgniter\Debug\Exceptions->errorHandler(8, 'Undefined varia...', 'D:\\projects\\gtr...', 69, Array)
#1 D:\projects\gtren\system\Router\RouteCollection.php(749): CodeIgniter\CodeIgniter->Config\{closure}(Object(CodeIgniter\Router\RouteCollection))
#2 D:\projects\gtren\app\Config\Routes.php(71): CodeIgniter\Router\RouteCollection->group('/auth', Object(Closure))
#3 D:\projects\gtren\system\CodeIgniter.php(799): require('D:\\projects\\gtr...')
#4 D:\projects\gtren\system\CodeIgniter.php(392): CodeIgniter\CodeIgniter->tryToRouteIt(Object(CodeIgniter\Router\RouteCollection))
#5 D:\projects\gtren\system\CodeIgniter.php(339): CodeIgniter\CodeIgniter->handleRequest(NULL, Object(Config\Cache), false)
#6 D:\projects\gtren\public\index.php(36): CodeIgniter\CodeIgniter->run()
#7 D:\projects\gtren\system\Commands\Server\rewrite.php(45): require_once('D:\\projects\\gtr...')
#8 {main}
CRITICAL - 2021-06-10 08:26:35 --> Undefined variable: config
#0 D:\projects\gtren\app\Views\auth\login.php(11): CodeIgniter\Debug\Exceptions->errorHandler(8, 'Undefined varia...', 'D:\\projects\\gtr...', 11, Array)
#1 D:\projects\gtren\system\View\View.php(230): include('D:\\projects\\gtr...')
#2 D:\projects\gtren\system\View\View.php(232): CodeIgniter\View\View->CodeIgniter\View\{closure}()
#3 D:\projects\gtren\system\Common.php(1250): CodeIgniter\View\View->render('auth/login', Array, true)
#4 D:\projects\gtren\app\Controllers\Auth.php(10): view('auth/login')
#5 D:\projects\gtren\system\CodeIgniter.php(931): App\Controllers\Auth->login()
#6 D:\projects\gtren\system\CodeIgniter.php(439): CodeIgniter\CodeIgniter->runController(Object(App\Controllers\Auth))
#7 D:\projects\gtren\system\CodeIgniter.php(339): CodeIgniter\CodeIgniter->handleRequest(NULL, Object(Config\Cache), false)
#8 D:\projects\gtren\public\index.php(36): CodeIgniter\CodeIgniter->run()
#9 D:\projects\gtren\system\Commands\Server\rewrite.php(45): require_once('D:\\projects\\gtr...')
#10 {main}
CRITICAL - 2021-06-10 08:38:11 --> Undefined variable: config
#0 D:\projects\gtren\app\Views\auth\login.php(11): CodeIgniter\Debug\Exceptions->errorHandler(8, 'Undefined varia...', 'D:\\projects\\gtr...', 11, Array)
#1 D:\projects\gtren\system\View\View.php(230): include('D:\\projects\\gtr...')
#2 D:\projects\gtren\system\View\View.php(232): CodeIgniter\View\View->CodeIgniter\View\{closure}()
#3 D:\projects\gtren\system\Common.php(1250): CodeIgniter\View\View->render('auth/login', Array, true)
#4 D:\projects\gtren\vendor\myth\auth\src\Controllers\Auth.php(14): view('auth/login')
#5 D:\projects\gtren\system\CodeIgniter.php(931): Myth\Auth\Controllers\Auth->login()
#6 D:\projects\gtren\system\CodeIgniter.php(439): CodeIgniter\CodeIgniter->runController(Object(Myth\Auth\Controllers\Auth))
#7 D:\projects\gtren\system\CodeIgniter.php(339): CodeIgniter\CodeIgniter->handleRequest(NULL, Object(Config\Cache), false)
#8 D:\projects\gtren\public\index.php(36): CodeIgniter\CodeIgniter->run()
#9 D:\projects\gtren\system\Commands\Server\rewrite.php(45): require_once('D:\\projects\\gtr...')
#10 {main}
CRITICAL - 2021-06-10 08:41:24 --> Undefined variable: config
#0 D:\projects\gtren\app\Views\auth\login.php(11): CodeIgniter\Debug\Exceptions->errorHandler(8, 'Undefined varia...', 'D:\\projects\\gtr...', 11, Array)
#1 D:\projects\gtren\system\View\View.php(230): include('D:\\projects\\gtr...')
#2 D:\projects\gtren\system\View\View.php(232): CodeIgniter\View\View->CodeIgniter\View\{closure}()
#3 D:\projects\gtren\system\Common.php(1250): CodeIgniter\View\View->render('App\\Views\\auth\\...', Array, true)
#4 D:\projects\gtren\vendor\myth\auth\src\Controllers\Auth.php(24): view('App\\Views\\auth\\...')
#5 D:\projects\gtren\system\CodeIgniter.php(931): Myth\Auth\Controllers\Auth->login()
#6 D:\projects\gtren\system\CodeIgniter.php(439): CodeIgniter\CodeIgniter->runController(Object(Myth\Auth\Controllers\Auth))
#7 D:\projects\gtren\system\CodeIgniter.php(339): CodeIgniter\CodeIgniter->handleRequest(NULL, Object(Config\Cache), false)
#8 D:\projects\gtren\public\index.php(36): CodeIgniter\CodeIgniter->run()
#9 D:\projects\gtren\system\Commands\Server\rewrite.php(45): require_once('D:\\projects\\gtr...')
#10 {main}
