CRITICAL - 2021-06-28 15:19:38 --> syntax error, unexpected 'return' (T_RETURN)
#0 D:\projects\gtren\system\Autoloader\Autoloader.php(282): CodeIgniter\Autoloader\Autoloader->includeFile('D:\\projects\\gtr...')
#1 D:\projects\gtren\system\Autoloader\Autoloader.php(247): CodeIgniter\Autoloader\Autoloader->loadInNamespace('App\\Controllers...')
#2 [internal function]: CodeIgniter\Autoloader\Autoloader->loadClass('App\\Controllers...')
#3 [internal function]: spl_autoload_call('App\\Controllers...')
#4 D:\projects\gtren\system\CodeIgniter.php(888): class_exists('\\App\\Controller...', true)
#5 D:\projects\gtren\system\CodeIgniter.php(424): CodeIgniter\CodeIgniter->startController()
#6 D:\projects\gtren\system\CodeIgniter.php(339): CodeIgniter\CodeIgniter->handleRequest(NULL, Object(Config\Cache), false)
#7 D:\projects\gtren\public\index.php(36): CodeIgniter\CodeIgniter->run()
#8 D:\projects\gtren\system\Commands\Server\rewrite.php(45): require_once('D:\\projects\\gtr...')
#9 {main}
CRITICAL - 2021-06-28 15:19:42 --> Call to undefined method App\Entities\Product::getRow()
#0 D:\projects\gtren\system\CodeIgniter.php(931): App\Controllers\Product->edit('270')
#1 D:\projects\gtren\system\CodeIgniter.php(439): CodeIgniter\CodeIgniter->runController(Object(App\Controllers\Product))
#2 D:\projects\gtren\system\CodeIgniter.php(339): CodeIgniter\CodeIgniter->handleRequest(NULL, Object(Config\Cache), false)
#3 D:\projects\gtren\public\index.php(36): CodeIgniter\CodeIgniter->run()
#4 D:\projects\gtren\system\Commands\Server\rewrite.php(45): require_once('D:\\projects\\gtr...')
#5 {main}
CRITICAL - 2021-06-28 15:20:16 --> Call to undefined method App\Entities\Product::getResult()
#0 D:\projects\gtren\system\CodeIgniter.php(931): App\Controllers\Product->edit('270')
#1 D:\projects\gtren\system\CodeIgniter.php(439): CodeIgniter\CodeIgniter->runController(Object(App\Controllers\Product))
#2 D:\projects\gtren\system\CodeIgniter.php(339): CodeIgniter\CodeIgniter->handleRequest(NULL, Object(Config\Cache), false)
#3 D:\projects\gtren\public\index.php(36): CodeIgniter\CodeIgniter->run()
#4 D:\projects\gtren\system\Commands\Server\rewrite.php(45): require_once('D:\\projects\\gtr...')
#5 {main}
CRITICAL - 2021-06-28 16:11:16 --> Undefined variable: category
#0 D:\projects\gtren\app\Views\db_admin\produk\edit_produk.php(138): CodeIgniter\Debug\Exceptions->errorHandler(8, 'Undefined varia...', 'D:\\projects\\gtr...', 138, Array)
#1 D:\projects\gtren\system\View\View.php(230): include('D:\\projects\\gtr...')
#2 D:\projects\gtren\system\View\View.php(232): CodeIgniter\View\View->CodeIgniter\View\{closure}()
#3 D:\projects\gtren\system\Common.php(1250): CodeIgniter\View\View->render('db_admin/produk...', Array, true)
#4 D:\projects\gtren\app\Controllers\Product.php(67): view('db_admin/produk...', Array)
#5 D:\projects\gtren\system\CodeIgniter.php(931): App\Controllers\Product->edit('270')
#6 D:\projects\gtren\system\CodeIgniter.php(439): CodeIgniter\CodeIgniter->runController(Object(App\Controllers\Product))
#7 D:\projects\gtren\system\CodeIgniter.php(339): CodeIgniter\CodeIgniter->handleRequest(NULL, Object(Config\Cache), false)
#8 D:\projects\gtren\public\index.php(36): CodeIgniter\CodeIgniter->run()
#9 D:\projects\gtren\system\Commands\Server\rewrite.php(45): require_once('D:\\projects\\gtr...')
#10 {main}
CRITICAL - 2021-06-28 16:45:14 --> syntax error, unexpected '">Hapus</a>             ' (T_CONSTANT_ENCAPSED_STRING), expecting ';' or ','
#0 D:\projects\gtren\system\View\View.php(232): CodeIgniter\View\View->CodeIgniter\View\{closure}()
#1 D:\projects\gtren\system\Common.php(1250): CodeIgniter\View\View->render('db_admin/produk...', Array, true)
#2 D:\projects\gtren\app\Controllers\Product.php(67): view('db_admin/produk...', Array)
#3 D:\projects\gtren\system\CodeIgniter.php(931): App\Controllers\Product->edit('270')
#4 D:\projects\gtren\system\CodeIgniter.php(439): CodeIgniter\CodeIgniter->runController(Object(App\Controllers\Product))
#5 D:\projects\gtren\system\CodeIgniter.php(339): CodeIgniter\CodeIgniter->handleRequest(NULL, Object(Config\Cache), false)
#6 D:\projects\gtren\public\index.php(36): CodeIgniter\CodeIgniter->run()
#7 D:\projects\gtren\system\Commands\Server\rewrite.php(45): require_once('D:\\projects\\gtr...')
#8 {main}
CRITICAL - 2021-06-28 16:52:56 --> preg_match(): Compilation failed: missing closing parenthesis at offset 13
#0 [internal function]: CodeIgniter\Debug\Exceptions->errorHandler(2, 'preg_match(): C...', 'D:\\projects\\gtr...', 408, Array)
#1 D:\projects\gtren\system\Router\Router.php(408): preg_match('#^product/(.*$#...', 'products/delete...', Array)
#2 D:\projects\gtren\system\Router\Router.php(151): CodeIgniter\Router\Router->checkRoutes('products/delete...')
#3 D:\projects\gtren\system\CodeIgniter.php(812): CodeIgniter\Router\Router->handle('products/delete...')
#4 D:\projects\gtren\system\CodeIgniter.php(392): CodeIgniter\CodeIgniter->tryToRouteIt(Object(CodeIgniter\Router\RouteCollection))
#5 D:\projects\gtren\system\CodeIgniter.php(339): CodeIgniter\CodeIgniter->handleRequest(NULL, Object(Config\Cache), false)
#6 D:\projects\gtren\public\index.php(36): CodeIgniter\CodeIgniter->run()
#7 D:\projects\gtren\system\Commands\Server\rewrite.php(45): require_once('D:\\projects\\gtr...')
#8 {main}
CRITICAL - 2021-06-28 16:55:06 --> Undefined property: App\Controllers\Product::$uri
#0 D:\projects\gtren\app\Controllers\Product.php(165): CodeIgniter\Debug\Exceptions->errorHandler(8, 'Undefined prope...', 'D:\\projects\\gtr...', 165, Array)
#1 D:\projects\gtren\system\CodeIgniter.php(931): App\Controllers\Product->delete_photo('270', 'https:', 'via.placeholder...', '640x480.png', '0055ee')
#2 D:\projects\gtren\system\CodeIgniter.php(439): CodeIgniter\CodeIgniter->runController(Object(App\Controllers\Product))
#3 D:\projects\gtren\system\CodeIgniter.php(339): CodeIgniter\CodeIgniter->handleRequest(NULL, Object(Config\Cache), false)
#4 D:\projects\gtren\public\index.php(36): CodeIgniter\CodeIgniter->run()
#5 D:\projects\gtren\system\Commands\Server\rewrite.php(45): require_once('D:\\projects\\gtr...')
#6 {main}
CRITICAL - 2021-06-28 17:04:59 --> array_filter() expects parameter 2 to be a valid callback, function 'MyFunction' not found or invalid function name
#0 [internal function]: CodeIgniter\Debug\Exceptions->errorHandler(2, 'array_filter() ...', 'D:\\projects\\gtr...', 172, Array)
#1 D:\projects\gtren\app\Controllers\Product.php(172): array_filter(Array, 'MyFunction')
#2 D:\projects\gtren\system\CodeIgniter.php(931): App\Controllers\Product->delete_photo('270', 'https:', 'via.placeholder...', '640x480.png', '0055ee')
#3 D:\projects\gtren\system\CodeIgniter.php(439): CodeIgniter\CodeIgniter->runController(Object(App\Controllers\Product))
#4 D:\projects\gtren\system\CodeIgniter.php(339): CodeIgniter\CodeIgniter->handleRequest(NULL, Object(Config\Cache), false)
#5 D:\projects\gtren\public\index.php(36): CodeIgniter\CodeIgniter->run()
#6 D:\projects\gtren\system\Commands\Server\rewrite.php(45): require_once('D:\\projects\\gtr...')
#7 {main}
CRITICAL - 2021-06-28 17:07:39 --> Undefined variable: photo
#0 D:\projects\gtren\app\Controllers\Product.php(171): CodeIgniter\Debug\Exceptions->errorHandler(8, 'Undefined varia...', 'D:\\projects\\gtr...', 171, Array)
#1 [internal function]: App\Controllers\Product->App\Controllers\{closure}('https://via.pla...')
#2 D:\projects\gtren\app\Controllers\Product.php(172): array_filter(Array, Object(Closure))
#3 D:\projects\gtren\system\CodeIgniter.php(931): App\Controllers\Product->delete_photo('270', 'https:', 'via.placeholder...', '640x480.png', '0055ee')
#4 D:\projects\gtren\system\CodeIgniter.php(439): CodeIgniter\CodeIgniter->runController(Object(App\Controllers\Product))
#5 D:\projects\gtren\system\CodeIgniter.php(339): CodeIgniter\CodeIgniter->handleRequest(NULL, Object(Config\Cache), false)
#6 D:\projects\gtren\public\index.php(36): CodeIgniter\CodeIgniter->run()
#7 D:\projects\gtren\system\Commands\Server\rewrite.php(45): require_once('D:\\projects\\gtr...')
#8 {main}
CRITICAL - 2021-06-28 17:08:10 --> Undefined variable: photo
#0 D:\projects\gtren\app\Controllers\Product.php(172): CodeIgniter\Debug\Exceptions->errorHandler(8, 'Undefined varia...', 'D:\\projects\\gtr...', 172, Array)
#1 [internal function]: App\Controllers\Product->App\Controllers\{closure}('https://via.pla...')
#2 D:\projects\gtren\app\Controllers\Product.php(173): array_filter(Array, Object(Closure))
#3 D:\projects\gtren\system\CodeIgniter.php(931): App\Controllers\Product->delete_photo('270', 'https:', 'via.placeholder...', '640x480.png', '0055ee')
#4 D:\projects\gtren\system\CodeIgniter.php(439): CodeIgniter\CodeIgniter->runController(Object(App\Controllers\Product))
#5 D:\projects\gtren\system\CodeIgniter.php(339): CodeIgniter\CodeIgniter->handleRequest(NULL, Object(Config\Cache), false)
#6 D:\projects\gtren\public\index.php(36): CodeIgniter\CodeIgniter->run()
#7 D:\projects\gtren\system\Commands\Server\rewrite.php(45): require_once('D:\\projects\\gtr...')
#8 {main}
CRITICAL - 2021-06-28 17:08:16 --> Undefined variable: photo
#0 D:\projects\gtren\app\Controllers\Product.php(172): CodeIgniter\Debug\Exceptions->errorHandler(8, 'Undefined varia...', 'D:\\projects\\gtr...', 172, Array)
#1 [internal function]: App\Controllers\Product->App\Controllers\{closure}('https://via.pla...')
#2 D:\projects\gtren\app\Controllers\Product.php(173): array_filter(Array, Object(Closure))
#3 D:\projects\gtren\system\CodeIgniter.php(931): App\Controllers\Product->delete_photo('270', 'https:', 'via.placeholder...', '640x480.png', '0055ee')
#4 D:\projects\gtren\system\CodeIgniter.php(439): CodeIgniter\CodeIgniter->runController(Object(App\Controllers\Product))
#5 D:\projects\gtren\system\CodeIgniter.php(339): CodeIgniter\CodeIgniter->handleRequest(NULL, Object(Config\Cache), false)
#6 D:\projects\gtren\public\index.php(36): CodeIgniter\CodeIgniter->run()
#7 D:\projects\gtren\system\Commands\Server\rewrite.php(45): require_once('D:\\projects\\gtr...')
#8 {main}
CRITICAL - 2021-06-28 17:08:37 --> syntax error, unexpected 'dd' (T_STRING), expecting variable (T_VARIABLE) or '{' or '$'
#0 D:\projects\gtren\system\Autoloader\Autoloader.php(282): CodeIgniter\Autoloader\Autoloader->includeFile('D:\\projects\\gtr...')
#1 D:\projects\gtren\system\Autoloader\Autoloader.php(247): CodeIgniter\Autoloader\Autoloader->loadInNamespace('App\\Controllers...')
#2 [internal function]: CodeIgniter\Autoloader\Autoloader->loadClass('App\\Controllers...')
#3 [internal function]: spl_autoload_call('App\\Controllers...')
#4 D:\projects\gtren\system\CodeIgniter.php(888): class_exists('\\App\\Controller...', true)
#5 D:\projects\gtren\system\CodeIgniter.php(424): CodeIgniter\CodeIgniter->startController()
#6 D:\projects\gtren\system\CodeIgniter.php(339): CodeIgniter\CodeIgniter->handleRequest(NULL, Object(Config\Cache), false)
#7 D:\projects\gtren\public\index.php(36): CodeIgniter\CodeIgniter->run()
#8 D:\projects\gtren\system\Commands\Server\rewrite.php(45): require_once('D:\\projects\\gtr...')
#9 {main}
CRITICAL - 2021-06-28 17:17:58 --> syntax error, unexpected 'endfor' (T_ENDFOR)
#0 D:\projects\gtren\system\View\View.php(232): CodeIgniter\View\View->CodeIgniter\View\{closure}()
#1 D:\projects\gtren\system\Common.php(1250): CodeIgniter\View\View->render('db_admin/produk...', Array, true)
#2 D:\projects\gtren\app\Controllers\Product.php(67): view('db_admin/produk...', Array)
#3 D:\projects\gtren\system\CodeIgniter.php(931): App\Controllers\Product->edit('270')
#4 D:\projects\gtren\system\CodeIgniter.php(439): CodeIgniter\CodeIgniter->runController(Object(App\Controllers\Product))
#5 D:\projects\gtren\system\CodeIgniter.php(339): CodeIgniter\CodeIgniter->handleRequest(NULL, Object(Config\Cache), false)
#6 D:\projects\gtren\public\index.php(36): CodeIgniter\CodeIgniter->run()
#7 D:\projects\gtren\system\Commands\Server\rewrite.php(45): require_once('D:\\projects\\gtr...')
#8 {main}
CRITICAL - 2021-06-28 17:18:07 --> Invalid argument supplied for foreach()
#0 D:\projects\gtren\app\Views\db_admin\produk\edit_produk.php(75): CodeIgniter\Debug\Exceptions->errorHandler(2, 'Invalid argumen...', 'D:\\projects\\gtr...', 75, Array)
#1 D:\projects\gtren\system\View\View.php(230): include('D:\\projects\\gtr...')
#2 D:\projects\gtren\system\View\View.php(232): CodeIgniter\View\View->CodeIgniter\View\{closure}()
#3 D:\projects\gtren\system\Common.php(1250): CodeIgniter\View\View->render('db_admin/produk...', Array, true)
#4 D:\projects\gtren\app\Controllers\Product.php(67): view('db_admin/produk...', Array)
#5 D:\projects\gtren\system\CodeIgniter.php(931): App\Controllers\Product->edit('270')
#6 D:\projects\gtren\system\CodeIgniter.php(439): CodeIgniter\CodeIgniter->runController(Object(App\Controllers\Product))
#7 D:\projects\gtren\system\CodeIgniter.php(339): CodeIgniter\CodeIgniter->handleRequest(NULL, Object(Config\Cache), false)
#8 D:\projects\gtren\public\index.php(36): CodeIgniter\CodeIgniter->run()
#9 D:\projects\gtren\system\Commands\Server\rewrite.php(45): require_once('D:\\projects\\gtr...')
#10 {main}
CRITICAL - 2021-06-28 17:18:30 --> Invalid argument supplied for foreach()
#0 D:\projects\gtren\app\Views\db_admin\produk\edit_produk.php(75): CodeIgniter\Debug\Exceptions->errorHandler(2, 'Invalid argumen...', 'D:\\projects\\gtr...', 75, Array)
#1 D:\projects\gtren\system\View\View.php(230): include('D:\\projects\\gtr...')
#2 D:\projects\gtren\system\View\View.php(232): CodeIgniter\View\View->CodeIgniter\View\{closure}()
#3 D:\projects\gtren\system\Common.php(1250): CodeIgniter\View\View->render('db_admin/produk...', Array, true)
#4 D:\projects\gtren\app\Controllers\Product.php(67): view('db_admin/produk...', Array)
#5 D:\projects\gtren\system\CodeIgniter.php(931): App\Controllers\Product->edit('270')
#6 D:\projects\gtren\system\CodeIgniter.php(439): CodeIgniter\CodeIgniter->runController(Object(App\Controllers\Product))
#7 D:\projects\gtren\system\CodeIgniter.php(339): CodeIgniter\CodeIgniter->handleRequest(NULL, Object(Config\Cache), false)
#8 D:\projects\gtren\public\index.php(36): CodeIgniter\CodeIgniter->run()
#9 D:\projects\gtren\system\Commands\Server\rewrite.php(45): require_once('D:\\projects\\gtr...')
#10 {main}
CRITICAL - 2021-06-28 17:18:56 --> syntax error, unexpected ';'
#0 D:\projects\gtren\system\View\View.php(232): CodeIgniter\View\View->CodeIgniter\View\{closure}()
#1 D:\projects\gtren\system\Common.php(1250): CodeIgniter\View\View->render('db_admin/produk...', Array, true)
#2 D:\projects\gtren\app\Controllers\Product.php(67): view('db_admin/produk...', Array)
#3 D:\projects\gtren\system\CodeIgniter.php(931): App\Controllers\Product->edit('270')
#4 D:\projects\gtren\system\CodeIgniter.php(439): CodeIgniter\CodeIgniter->runController(Object(App\Controllers\Product))
#5 D:\projects\gtren\system\CodeIgniter.php(339): CodeIgniter\CodeIgniter->handleRequest(NULL, Object(Config\Cache), false)
#6 D:\projects\gtren\public\index.php(36): CodeIgniter\CodeIgniter->run()
#7 D:\projects\gtren\system\Commands\Server\rewrite.php(45): require_once('D:\\projects\\gtr...')
#8 {main}
CRITICAL - 2021-06-28 17:19:05 --> syntax error, unexpected ';'
#0 D:\projects\gtren\system\View\View.php(232): CodeIgniter\View\View->CodeIgniter\View\{closure}()
#1 D:\projects\gtren\system\Common.php(1250): CodeIgniter\View\View->render('db_admin/produk...', Array, true)
#2 D:\projects\gtren\app\Controllers\Product.php(67): view('db_admin/produk...', Array)
#3 D:\projects\gtren\system\CodeIgniter.php(931): App\Controllers\Product->edit('270')
#4 D:\projects\gtren\system\CodeIgniter.php(439): CodeIgniter\CodeIgniter->runController(Object(App\Controllers\Product))
#5 D:\projects\gtren\system\CodeIgniter.php(339): CodeIgniter\CodeIgniter->handleRequest(NULL, Object(Config\Cache), false)
#6 D:\projects\gtren\public\index.php(36): CodeIgniter\CodeIgniter->run()
#7 D:\projects\gtren\system\Commands\Server\rewrite.php(45): require_once('D:\\projects\\gtr...')
#8 {main}
CRITICAL - 2021-06-28 17:28:13 --> Argument 2 passed to CodeIgniter\Database\BaseBuilder::set() must be of the type string or null, array given, called in D:\projects\gtren\system\Model.php on line 323
#0 D:\projects\gtren\system\Model.php(323): CodeIgniter\Database\BaseBuilder->set('photos', Array, NULL)
#1 D:\projects\gtren\system\BaseModel.php(917): CodeIgniter\Model->doUpdate(Array, Array)
#2 D:\projects\gtren\system\Model.php(718): CodeIgniter\BaseModel->update(Array, Array)
#3 D:\projects\gtren\system\BaseModel.php(683): CodeIgniter\Model->update('270', Array)
#4 D:\projects\gtren\app\Controllers\Product.php(174): CodeIgniter\BaseModel->save(Array)
#5 D:\projects\gtren\system\CodeIgniter.php(931): App\Controllers\Product->delete_photo('270', '4')
#6 D:\projects\gtren\system\CodeIgniter.php(439): CodeIgniter\CodeIgniter->runController(Object(App\Controllers\Product))
#7 D:\projects\gtren\system\CodeIgniter.php(339): CodeIgniter\CodeIgniter->handleRequest(NULL, Object(Config\Cache), false)
#8 D:\projects\gtren\public\index.php(36): CodeIgniter\CodeIgniter->run()
#9 D:\projects\gtren\system\Commands\Server\rewrite.php(45): require_once('D:\\projects\\gtr...')
#10 {main}
CRITICAL - 2021-06-28 17:30:44 --> Argument 2 passed to CodeIgniter\Database\BaseBuilder::set() must be of the type string or null, array given, called in D:\projects\gtren\system\Model.php on line 323
#0 D:\projects\gtren\system\Model.php(323): CodeIgniter\Database\BaseBuilder->set('photos', Array, NULL)
#1 D:\projects\gtren\system\BaseModel.php(917): CodeIgniter\Model->doUpdate(Array, Array)
#2 D:\projects\gtren\system\Model.php(718): CodeIgniter\BaseModel->update(Array, Array)
#3 D:\projects\gtren\system\BaseModel.php(683): CodeIgniter\Model->update('270', Array)
#4 D:\projects\gtren\app\Controllers\Product.php(178): CodeIgniter\BaseModel->save(Array)
#5 D:\projects\gtren\system\CodeIgniter.php(931): App\Controllers\Product->delete_photo('270', '4')
#6 D:\projects\gtren\system\CodeIgniter.php(439): CodeIgniter\CodeIgniter->runController(Object(App\Controllers\Product))
#7 D:\projects\gtren\system\CodeIgniter.php(339): CodeIgniter\CodeIgniter->handleRequest(NULL, Object(Config\Cache), false)
#8 D:\projects\gtren\public\index.php(36): CodeIgniter\CodeIgniter->run()
#9 D:\projects\gtren\system\Commands\Server\rewrite.php(45): require_once('D:\\projects\\gtr...')
#10 {main}
CRITICAL - 2021-06-28 17:31:30 --> explode() expects parameter 2 to be string, array given
#0 [internal function]: CodeIgniter\Debug\Exceptions->errorHandler(2, 'explode() expec...', 'D:\\projects\\gtr...', 171, Array)
#1 D:\projects\gtren\app\Controllers\Product.php(171): explode('', Array)
#2 D:\projects\gtren\system\CodeIgniter.php(931): App\Controllers\Product->delete_photo('270', '4')
#3 D:\projects\gtren\system\CodeIgniter.php(439): CodeIgniter\CodeIgniter->runController(Object(App\Controllers\Product))
#4 D:\projects\gtren\system\CodeIgniter.php(339): CodeIgniter\CodeIgniter->handleRequest(NULL, Object(Config\Cache), false)
#5 D:\projects\gtren\public\index.php(36): CodeIgniter\CodeIgniter->run()
#6 D:\projects\gtren\system\Commands\Server\rewrite.php(45): require_once('D:\\projects\\gtr...')
#7 {main}
CRITICAL - 2021-06-28 17:35:09 --> syntax error, unexpected 'unset' (T_UNSET)
#0 D:\projects\gtren\system\Autoloader\Autoloader.php(282): CodeIgniter\Autoloader\Autoloader->includeFile('D:\\projects\\gtr...')
#1 D:\projects\gtren\system\Autoloader\Autoloader.php(247): CodeIgniter\Autoloader\Autoloader->loadInNamespace('App\\Controllers...')
#2 [internal function]: CodeIgniter\Autoloader\Autoloader->loadClass('App\\Controllers...')
#3 [internal function]: spl_autoload_call('App\\Controllers...')
#4 D:\projects\gtren\system\CodeIgniter.php(888): class_exists('\\App\\Controller...', true)
#5 D:\projects\gtren\system\CodeIgniter.php(424): CodeIgniter\CodeIgniter->startController()
#6 D:\projects\gtren\system\CodeIgniter.php(339): CodeIgniter\CodeIgniter->handleRequest(NULL, Object(Config\Cache), false)
#7 D:\projects\gtren\public\index.php(36): CodeIgniter\CodeIgniter->run()
#8 D:\projects\gtren\system\Commands\Server\rewrite.php(45): require_once('D:\\projects\\gtr...')
#9 {main}
CRITICAL - 2021-06-28 17:35:31 --> Undefined offset: 0
#0 D:\projects\gtren\app\Controllers\Product.php(168): CodeIgniter\Debug\Exceptions->errorHandler(8, 'Undefined offse...', 'D:\\projects\\gtr...', 168, Array)
#1 D:\projects\gtren\system\CodeIgniter.php(931): App\Controllers\Product->delete_photo('270', '0')
#2 D:\projects\gtren\system\CodeIgniter.php(439): CodeIgniter\CodeIgniter->runController(Object(App\Controllers\Product))
#3 D:\projects\gtren\system\CodeIgniter.php(339): CodeIgniter\CodeIgniter->handleRequest(NULL, Object(Config\Cache), false)
#4 D:\projects\gtren\public\index.php(36): CodeIgniter\CodeIgniter->run()
#5 D:\projects\gtren\system\Commands\Server\rewrite.php(45): require_once('D:\\projects\\gtr...')
#6 {main}
CRITICAL - 2021-06-28 17:39:59 --> syntax error, unexpected ')'
#0 D:\projects\gtren\system\Autoloader\Autoloader.php(282): CodeIgniter\Autoloader\Autoloader->includeFile('D:\\projects\\gtr...')
#1 D:\projects\gtren\system\Autoloader\Autoloader.php(247): CodeIgniter\Autoloader\Autoloader->loadInNamespace('App\\Controllers...')
#2 [internal function]: CodeIgniter\Autoloader\Autoloader->loadClass('App\\Controllers...')
#3 [internal function]: spl_autoload_call('App\\Controllers...')
#4 D:\projects\gtren\system\CodeIgniter.php(888): class_exists('\\App\\Controller...', true)
#5 D:\projects\gtren\system\CodeIgniter.php(424): CodeIgniter\CodeIgniter->startController()
#6 D:\projects\gtren\system\CodeIgniter.php(339): CodeIgniter\CodeIgniter->handleRequest(NULL, Object(Config\Cache), false)
#7 D:\projects\gtren\public\index.php(36): CodeIgniter\CodeIgniter->run()
#8 D:\projects\gtren\system\Commands\Server\rewrite.php(45): require_once('D:\\projects\\gtr...')
#9 {main}
CRITICAL - 2021-06-28 17:40:14 --> is_file() expects parameter 1 to be a valid path, array given
#0 [internal function]: CodeIgniter\Debug\Exceptions->errorHandler(2, 'is_file() expec...', 'D:\\projects\\gtr...', 174, Array)
#1 D:\projects\gtren\app\Controllers\Product.php(174): is_file(Array)
#2 D:\projects\gtren\system\CodeIgniter.php(931): App\Controllers\Product->delete_photo('270', '0')
#3 D:\projects\gtren\system\CodeIgniter.php(439): CodeIgniter\CodeIgniter->runController(Object(App\Controllers\Product))
#4 D:\projects\gtren\system\CodeIgniter.php(339): CodeIgniter\CodeIgniter->handleRequest(NULL, Object(Config\Cache), false)
#5 D:\projects\gtren\public\index.php(36): CodeIgniter\CodeIgniter->run()
#6 D:\projects\gtren\system\Commands\Server\rewrite.php(45): require_once('D:\\projects\\gtr...')
#7 {main}
CRITICAL - 2021-06-28 17:43:58 --> Undefined variable: uns
#0 D:\projects\gtren\app\Controllers\Product.php(181): CodeIgniter\Debug\Exceptions->errorHandler(8, 'Undefined varia...', 'D:\\projects\\gtr...', 181, Array)
#1 D:\projects\gtren\system\CodeIgniter.php(931): App\Controllers\Product->delete_photo('270', '0')
#2 D:\projects\gtren\system\CodeIgniter.php(439): CodeIgniter\CodeIgniter->runController(Object(App\Controllers\Product))
#3 D:\projects\gtren\system\CodeIgniter.php(339): CodeIgniter\CodeIgniter->handleRequest(NULL, Object(Config\Cache), false)
#4 D:\projects\gtren\public\index.php(36): CodeIgniter\CodeIgniter->run()
#5 D:\projects\gtren\system\Commands\Server\rewrite.php(45): require_once('D:\\projects\\gtr...')
#6 {main}
CRITICAL - 2021-06-28 18:15:37 --> syntax error, unexpected '$product' (T_VARIABLE), expecting ';' or ','
#0 D:\projects\gtren\system\View\View.php(232): CodeIgniter\View\View->CodeIgniter\View\{closure}()
#1 D:\projects\gtren\system\Common.php(1250): CodeIgniter\View\View->render('db_admin/produk...', Array, true)
#2 D:\projects\gtren\app\Controllers\Product.php(67): view('db_admin/produk...', Array)
#3 D:\projects\gtren\system\CodeIgniter.php(931): App\Controllers\Product->edit('364')
#4 D:\projects\gtren\system\CodeIgniter.php(439): CodeIgniter\CodeIgniter->runController(Object(App\Controllers\Product))
#5 D:\projects\gtren\system\CodeIgniter.php(339): CodeIgniter\CodeIgniter->handleRequest(NULL, Object(Config\Cache), false)
#6 D:\projects\gtren\public\index.php(36): CodeIgniter\CodeIgniter->run()
#7 D:\projects\gtren\system\Commands\Server\rewrite.php(45): require_once('D:\\projects\\gtr...')
#8 {main}
CRITICAL - 2021-06-28 18:53:36 --> Undefined variable: categories
#0 D:\projects\gtren\app\Controllers\Product.php(94): CodeIgniter\Debug\Exceptions->errorHandler(8, 'Undefined varia...', 'D:\\projects\\gtr...', 94, Array)
#1 D:\projects\gtren\system\CodeIgniter.php(931): App\Controllers\Product->update('364')
#2 D:\projects\gtren\system\CodeIgniter.php(439): CodeIgniter\CodeIgniter->runController(Object(App\Controllers\Product))
#3 D:\projects\gtren\system\CodeIgniter.php(339): CodeIgniter\CodeIgniter->handleRequest(NULL, Object(Config\Cache), false)
#4 D:\projects\gtren\public\index.php(36): CodeIgniter\CodeIgniter->run()
#5 D:\projects\gtren\system\Commands\Server\rewrite.php(45): require_once('D:\\projects\\gtr...')
#6 {main}
CRITICAL - 2021-06-28 18:53:56 --> implode(): Invalid arguments passed
#0 [internal function]: CodeIgniter\Debug\Exceptions->errorHandler(2, 'implode(): Inva...', 'D:\\projects\\gtr...', 78, Array)
#1 D:\projects\gtren\app\Controllers\Product.php(78): implode(',', NULL)
#2 D:\projects\gtren\system\CodeIgniter.php(931): App\Controllers\Product->update('364')
#3 D:\projects\gtren\system\CodeIgniter.php(439): CodeIgniter\CodeIgniter->runController(Object(App\Controllers\Product))
#4 D:\projects\gtren\system\CodeIgniter.php(339): CodeIgniter\CodeIgniter->handleRequest(NULL, Object(Config\Cache), false)
#5 D:\projects\gtren\public\index.php(36): CodeIgniter\CodeIgniter->run()
#6 D:\projects\gtren\system\Commands\Server\rewrite.php(45): require_once('D:\\projects\\gtr...')
#7 {main}
CRITICAL - 2021-06-28 18:55:00 --> Undefined variable: categories
#0 D:\projects\gtren\app\Views\db_admin\produk\edit_produk.php(142): CodeIgniter\Debug\Exceptions->errorHandler(8, 'Undefined varia...', 'D:\\projects\\gtr...', 142, Array)
#1 D:\projects\gtren\system\View\View.php(230): include('D:\\projects\\gtr...')
#2 D:\projects\gtren\system\View\View.php(232): CodeIgniter\View\View->CodeIgniter\View\{closure}()
#3 D:\projects\gtren\system\Common.php(1250): CodeIgniter\View\View->render('db_admin/produk...', Array, true)
#4 D:\projects\gtren\app\Controllers\Product.php(67): view('db_admin/produk...', Array)
#5 D:\projects\gtren\system\CodeIgniter.php(931): App\Controllers\Product->edit('364')
#6 D:\projects\gtren\system\CodeIgniter.php(439): CodeIgniter\CodeIgniter->runController(Object(App\Controllers\Product))
#7 D:\projects\gtren\system\CodeIgniter.php(339): CodeIgniter\CodeIgniter->handleRequest(NULL, Object(Config\Cache), false)
#8 D:\projects\gtren\public\index.php(36): CodeIgniter\CodeIgniter->run()
#9 D:\projects\gtren\system\Commands\Server\rewrite.php(45): require_once('D:\\projects\\gtr...')
#10 {main}
CRITICAL - 2021-06-28 18:55:05 --> Undefined variable: categories
#0 D:\projects\gtren\app\Views\db_admin\produk\edit_produk.php(142): CodeIgniter\Debug\Exceptions->errorHandler(8, 'Undefined varia...', 'D:\\projects\\gtr...', 142, Array)
#1 D:\projects\gtren\system\View\View.php(230): include('D:\\projects\\gtr...')
#2 D:\projects\gtren\system\View\View.php(232): CodeIgniter\View\View->CodeIgniter\View\{closure}()
#3 D:\projects\gtren\system\Common.php(1250): CodeIgniter\View\View->render('db_admin/produk...', Array, true)
#4 D:\projects\gtren\app\Controllers\Product.php(67): view('db_admin/produk...', Array)
#5 D:\projects\gtren\system\CodeIgniter.php(931): App\Controllers\Product->edit('364')
#6 D:\projects\gtren\system\CodeIgniter.php(439): CodeIgniter\CodeIgniter->runController(Object(App\Controllers\Product))
#7 D:\projects\gtren\system\CodeIgniter.php(339): CodeIgniter\CodeIgniter->handleRequest(NULL, Object(Config\Cache), false)
#8 D:\projects\gtren\public\index.php(36): CodeIgniter\CodeIgniter->run()
#9 D:\projects\gtren\system\Commands\Server\rewrite.php(45): require_once('D:\\projects\\gtr...')
#10 {main}
CRITICAL - 2021-06-28 19:00:21 --> Undefined variable: categories
#0 D:\projects\gtren\app\Views\db_admin\produk\edit_produk.php(142): CodeIgniter\Debug\Exceptions->errorHandler(8, 'Undefined varia...', 'D:\\projects\\gtr...', 142, Array)
#1 D:\projects\gtren\system\View\View.php(230): include('D:\\projects\\gtr...')
#2 D:\projects\gtren\system\View\View.php(232): CodeIgniter\View\View->CodeIgniter\View\{closure}()
#3 D:\projects\gtren\system\Common.php(1250): CodeIgniter\View\View->render('db_admin/produk...', Array, true)
#4 D:\projects\gtren\app\Controllers\Product.php(67): view('db_admin/produk...', Array)
#5 D:\projects\gtren\system\CodeIgniter.php(931): App\Controllers\Product->edit('364')
#6 D:\projects\gtren\system\CodeIgniter.php(439): CodeIgniter\CodeIgniter->runController(Object(App\Controllers\Product))
#7 D:\projects\gtren\system\CodeIgniter.php(339): CodeIgniter\CodeIgniter->handleRequest(NULL, Object(Config\Cache), false)
#8 D:\projects\gtren\public\index.php(36): CodeIgniter\CodeIgniter->run()
#9 D:\projects\gtren\system\Commands\Server\rewrite.php(45): require_once('D:\\projects\\gtr...')
#10 {main}
CRITICAL - 2021-06-28 19:01:39 --> Call to a member function getCategory() on array
#0 D:\projects\gtren\system\CodeIgniter.php(931): App\Controllers\Product->edit('364')
#1 D:\projects\gtren\system\CodeIgniter.php(439): CodeIgniter\CodeIgniter->runController(Object(App\Controllers\Product))
#2 D:\projects\gtren\system\CodeIgniter.php(339): CodeIgniter\CodeIgniter->handleRequest(NULL, Object(Config\Cache), false)
#3 D:\projects\gtren\public\index.php(36): CodeIgniter\CodeIgniter->run()
#4 D:\projects\gtren\system\Commands\Server\rewrite.php(45): require_once('D:\\projects\\gtr...')
#5 {main}
CRITICAL - 2021-06-28 19:02:07 --> Call to a member function getCategory() on array
#0 D:\projects\gtren\system\CodeIgniter.php(931): App\Controllers\Product->edit('364')
#1 D:\projects\gtren\system\CodeIgniter.php(439): CodeIgniter\CodeIgniter->runController(Object(App\Controllers\Product))
#2 D:\projects\gtren\system\CodeIgniter.php(339): CodeIgniter\CodeIgniter->handleRequest(NULL, Object(Config\Cache), false)
#3 D:\projects\gtren\public\index.php(36): CodeIgniter\CodeIgniter->run()
#4 D:\projects\gtren\system\Commands\Server\rewrite.php(45): require_once('D:\\projects\\gtr...')
#5 {main}
CRITICAL - 2021-06-28 19:02:47 --> Call to a member function getCategory() on array
#0 D:\projects\gtren\system\CodeIgniter.php(931): App\Controllers\Product->edit('364')
#1 D:\projects\gtren\system\CodeIgniter.php(439): CodeIgniter\CodeIgniter->runController(Object(App\Controllers\Product))
#2 D:\projects\gtren\system\CodeIgniter.php(339): CodeIgniter\CodeIgniter->handleRequest(NULL, Object(Config\Cache), false)
#3 D:\projects\gtren\public\index.php(36): CodeIgniter\CodeIgniter->run()
#4 D:\projects\gtren\system\Commands\Server\rewrite.php(45): require_once('D:\\projects\\gtr...')
#5 {main}
CRITICAL - 2021-06-28 19:02:57 --> Call to a member function getCategories() on array
#0 D:\projects\gtren\system\CodeIgniter.php(931): App\Controllers\Product->edit('364')
#1 D:\projects\gtren\system\CodeIgniter.php(439): CodeIgniter\CodeIgniter->runController(Object(App\Controllers\Product))
#2 D:\projects\gtren\system\CodeIgniter.php(339): CodeIgniter\CodeIgniter->handleRequest(NULL, Object(Config\Cache), false)
#3 D:\projects\gtren\public\index.php(36): CodeIgniter\CodeIgniter->run()
#4 D:\projects\gtren\system\Commands\Server\rewrite.php(45): require_once('D:\\projects\\gtr...')
#5 {main}
CRITICAL - 2021-06-28 19:03:32 --> Too few arguments to function App\Entities\Product::getCategory(), 0 passed in D:\projects\gtren\app\Controllers\Product.php on line 66 and exactly 1 expected
#0 D:\projects\gtren\app\Controllers\Product.php(66): App\Entities\Product->getCategory()
#1 D:\projects\gtren\system\CodeIgniter.php(931): App\Controllers\Product->edit('364')
#2 D:\projects\gtren\system\CodeIgniter.php(439): CodeIgniter\CodeIgniter->runController(Object(App\Controllers\Product))
#3 D:\projects\gtren\system\CodeIgniter.php(339): CodeIgniter\CodeIgniter->handleRequest(NULL, Object(Config\Cache), false)
#4 D:\projects\gtren\public\index.php(36): CodeIgniter\CodeIgniter->run()
#5 D:\projects\gtren\system\Commands\Server\rewrite.php(45): require_once('D:\\projects\\gtr...')
#6 {main}
CRITICAL - 2021-06-28 19:04:32 --> syntax error, unexpected ')'
#0 D:\projects\gtren\system\Autoloader\Autoloader.php(282): CodeIgniter\Autoloader\Autoloader->includeFile('D:\\projects\\gtr...')
#1 D:\projects\gtren\system\Autoloader\Autoloader.php(247): CodeIgniter\Autoloader\Autoloader->loadInNamespace('App\\Controllers...')
#2 [internal function]: CodeIgniter\Autoloader\Autoloader->loadClass('App\\Controllers...')
#3 [internal function]: spl_autoload_call('App\\Controllers...')
#4 D:\projects\gtren\system\CodeIgniter.php(888): class_exists('\\App\\Controller...', true)
#5 D:\projects\gtren\system\CodeIgniter.php(424): CodeIgniter\CodeIgniter->startController()
#6 D:\projects\gtren\system\CodeIgniter.php(339): CodeIgniter\CodeIgniter->handleRequest(NULL, Object(Config\Cache), false)
#7 D:\projects\gtren\public\index.php(36): CodeIgniter\CodeIgniter->run()
#8 D:\projects\gtren\system\Commands\Server\rewrite.php(45): require_once('D:\\projects\\gtr...')
#9 {main}
CRITICAL - 2021-06-28 19:04:51 --> Undefined variable: categories
#0 D:\projects\gtren\app\Controllers\Product.php(66): CodeIgniter\Debug\Exceptions->errorHandler(8, 'Undefined varia...', 'D:\\projects\\gtr...', 66, Array)
#1 D:\projects\gtren\system\CodeIgniter.php(931): App\Controllers\Product->edit('364')
#2 D:\projects\gtren\system\CodeIgniter.php(439): CodeIgniter\CodeIgniter->runController(Object(App\Controllers\Product))
#3 D:\projects\gtren\system\CodeIgniter.php(339): CodeIgniter\CodeIgniter->handleRequest(NULL, Object(Config\Cache), false)
#4 D:\projects\gtren\public\index.php(36): CodeIgniter\CodeIgniter->run()
#5 D:\projects\gtren\system\Commands\Server\rewrite.php(45): require_once('D:\\projects\\gtr...')
#6 {main}
CRITICAL - 2021-06-28 19:05:20 --> Undefined variable: categories
#0 D:\projects\gtren\app\Views\db_admin\produk\edit_produk.php(142): CodeIgniter\Debug\Exceptions->errorHandler(8, 'Undefined varia...', 'D:\\projects\\gtr...', 142, Array)
#1 D:\projects\gtren\system\View\View.php(230): include('D:\\projects\\gtr...')
#2 D:\projects\gtren\system\View\View.php(232): CodeIgniter\View\View->CodeIgniter\View\{closure}()
#3 D:\projects\gtren\system\Common.php(1250): CodeIgniter\View\View->render('db_admin/produk...', Array, true)
#4 D:\projects\gtren\app\Controllers\Product.php(67): view('db_admin/produk...', Array)
#5 D:\projects\gtren\system\CodeIgniter.php(931): App\Controllers\Product->edit('364')
#6 D:\projects\gtren\system\CodeIgniter.php(439): CodeIgniter\CodeIgniter->runController(Object(App\Controllers\Product))
#7 D:\projects\gtren\system\CodeIgniter.php(339): CodeIgniter\CodeIgniter->handleRequest(NULL, Object(Config\Cache), false)
#8 D:\projects\gtren\public\index.php(36): CodeIgniter\CodeIgniter->run()
#9 D:\projects\gtren\system\Commands\Server\rewrite.php(45): require_once('D:\\projects\\gtr...')
#10 {main}
CRITICAL - 2021-06-28 19:11:41 --> Cannot use object of type App\Entities\Category as array
#0 D:\projects\gtren\system\View\View.php(230): include()
#1 D:\projects\gtren\system\View\View.php(232): CodeIgniter\View\View->CodeIgniter\View\{closure}()
#2 D:\projects\gtren\system\Common.php(1250): CodeIgniter\View\View->render('db_admin/produk...', Array, true)
#3 D:\projects\gtren\app\Controllers\Product.php(67): view('db_admin/produk...', Array)
#4 D:\projects\gtren\system\CodeIgniter.php(931): App\Controllers\Product->edit('364')
#5 D:\projects\gtren\system\CodeIgniter.php(439): CodeIgniter\CodeIgniter->runController(Object(App\Controllers\Product))
#6 D:\projects\gtren\system\CodeIgniter.php(339): CodeIgniter\CodeIgniter->handleRequest(NULL, Object(Config\Cache), false)
#7 D:\projects\gtren\public\index.php(36): CodeIgniter\CodeIgniter->run()
#8 D:\projects\gtren\system\Commands\Server\rewrite.php(45): require_once('D:\\projects\\gtr...')
#9 {main}
CRITICAL - 2021-06-28 19:30:35 --> Undefined offset: 4
#0 D:\projects\gtren\app\Controllers\Product.php(221): CodeIgniter\Debug\Exceptions->errorHandler(8, 'Undefined offse...', 'D:\\projects\\gtr...', 221, Array)
#1 D:\projects\gtren\system\CodeIgniter.php(931): App\Controllers\Product->delete_photo('364', '4')
#2 D:\projects\gtren\system\CodeIgniter.php(439): CodeIgniter\CodeIgniter->runController(Object(App\Controllers\Product))
#3 D:\projects\gtren\system\CodeIgniter.php(339): CodeIgniter\CodeIgniter->handleRequest(NULL, Object(Config\Cache), false)
#4 D:\projects\gtren\public\index.php(36): CodeIgniter\CodeIgniter->run()
#5 D:\projects\gtren\system\Commands\Server\rewrite.php(45): require_once('D:\\projects\\gtr...')
#6 {main}
CRITICAL - 2021-06-28 19:31:13 --> Undefined offset: 4
#0 D:\projects\gtren\app\Controllers\Product.php(221): CodeIgniter\Debug\Exceptions->errorHandler(8, 'Undefined offse...', 'D:\\projects\\gtr...', 221, Array)
#1 D:\projects\gtren\system\CodeIgniter.php(931): App\Controllers\Product->delete_photo('364', '4')
#2 D:\projects\gtren\system\CodeIgniter.php(439): CodeIgniter\CodeIgniter->runController(Object(App\Controllers\Product))
#3 D:\projects\gtren\system\CodeIgniter.php(339): CodeIgniter\CodeIgniter->handleRequest(NULL, Object(Config\Cache), false)
#4 D:\projects\gtren\public\index.php(36): CodeIgniter\CodeIgniter->run()
#5 D:\projects\gtren\system\Commands\Server\rewrite.php(45): require_once('D:\\projects\\gtr...')
#6 {main}
CRITICAL - 2021-06-28 19:31:35 --> Undefined offset: 4
#0 D:\projects\gtren\app\Controllers\Product.php(250): CodeIgniter\Debug\Exceptions->errorHandler(8, 'Undefined offse...', 'D:\\projects\\gtr...', 250, Array)
#1 D:\projects\gtren\system\CodeIgniter.php(931): App\Controllers\Product->delete_category('364', '4')
#2 D:\projects\gtren\system\CodeIgniter.php(439): CodeIgniter\CodeIgniter->runController(Object(App\Controllers\Product))
#3 D:\projects\gtren\system\CodeIgniter.php(339): CodeIgniter\CodeIgniter->handleRequest(NULL, Object(Config\Cache), false)
#4 D:\projects\gtren\public\index.php(36): CodeIgniter\CodeIgniter->run()
#5 D:\projects\gtren\system\Commands\Server\rewrite.php(45): require_once('D:\\projects\\gtr...')
#6 {main}
CRITICAL - 2021-06-28 19:34:43 --> Undefined variable: category
#0 D:\projects\gtren\app\Views\db_admin\produk\edit_produk.php(98): CodeIgniter\Debug\Exceptions->errorHandler(8, 'Undefined varia...', 'D:\\projects\\gtr...', 98, Array)
#1 D:\projects\gtren\system\View\View.php(230): include('D:\\projects\\gtr...')
#2 D:\projects\gtren\system\View\View.php(232): CodeIgniter\View\View->CodeIgniter\View\{closure}()
#3 D:\projects\gtren\system\Common.php(1250): CodeIgniter\View\View->render('db_admin/produk...', Array, true)
#4 D:\projects\gtren\app\Controllers\Product.php(67): view('db_admin/produk...', Array)
#5 D:\projects\gtren\system\CodeIgniter.php(931): App\Controllers\Product->edit('364')
#6 D:\projects\gtren\system\CodeIgniter.php(439): CodeIgniter\CodeIgniter->runController(Object(App\Controllers\Product))
#7 D:\projects\gtren\system\CodeIgniter.php(339): CodeIgniter\CodeIgniter->handleRequest(NULL, Object(Config\Cache), false)
#8 D:\projects\gtren\public\index.php(36): CodeIgniter\CodeIgniter->run()
#9 D:\projects\gtren\system\Commands\Server\rewrite.php(45): require_once('D:\\projects\\gtr...')
#10 {main}
CRITICAL - 2021-06-28 19:35:06 --> Undefined index: category
#0 D:\projects\gtren\app\Views\db_admin\produk\edit_produk.php(98): CodeIgniter\Debug\Exceptions->errorHandler(8, 'Undefined index...', 'D:\\projects\\gtr...', 98, Array)
#1 D:\projects\gtren\system\View\View.php(230): include('D:\\projects\\gtr...')
#2 D:\projects\gtren\system\View\View.php(232): CodeIgniter\View\View->CodeIgniter\View\{closure}()
#3 D:\projects\gtren\system\Common.php(1250): CodeIgniter\View\View->render('db_admin/produk...', Array, true)
#4 D:\projects\gtren\app\Controllers\Product.php(67): view('db_admin/produk...', Array)
#5 D:\projects\gtren\system\CodeIgniter.php(931): App\Controllers\Product->edit('364')
#6 D:\projects\gtren\system\CodeIgniter.php(439): CodeIgniter\CodeIgniter->runController(Object(App\Controllers\Product))
#7 D:\projects\gtren\system\CodeIgniter.php(339): CodeIgniter\CodeIgniter->handleRequest(NULL, Object(Config\Cache), false)
#8 D:\projects\gtren\public\index.php(36): CodeIgniter\CodeIgniter->run()
#9 D:\projects\gtren\system\Commands\Server\rewrite.php(45): require_once('D:\\projects\\gtr...')
#10 {main}
CRITICAL - 2021-06-28 19:39:03 --> syntax error, unexpected ';', expecting ')'
#0 D:\projects\gtren\system\Autoloader\Autoloader.php(282): CodeIgniter\Autoloader\Autoloader->includeFile('D:\\projects\\gtr...')
#1 D:\projects\gtren\system\Autoloader\Autoloader.php(247): CodeIgniter\Autoloader\Autoloader->loadInNamespace('App\\Controllers...')
#2 [internal function]: CodeIgniter\Autoloader\Autoloader->loadClass('App\\Controllers...')
#3 [internal function]: spl_autoload_call('App\\Controllers...')
#4 D:\projects\gtren\system\CodeIgniter.php(888): class_exists('\\App\\Controller...', true)
#5 D:\projects\gtren\system\CodeIgniter.php(424): CodeIgniter\CodeIgniter->startController()
#6 D:\projects\gtren\system\CodeIgniter.php(339): CodeIgniter\CodeIgniter->handleRequest(NULL, Object(Config\Cache), false)
#7 D:\projects\gtren\public\index.php(36): CodeIgniter\CodeIgniter->run()
#8 D:\projects\gtren\system\Commands\Server\rewrite.php(45): require_once('D:\\projects\\gtr...')
#9 {main}
CRITICAL - 2021-06-28 19:45:32 --> syntax error, unexpected '$product' (T_VARIABLE)
#0 D:\projects\gtren\system\Autoloader\Autoloader.php(282): CodeIgniter\Autoloader\Autoloader->includeFile('D:\\projects\\gtr...')
#1 D:\projects\gtren\system\Autoloader\Autoloader.php(247): CodeIgniter\Autoloader\Autoloader->loadInNamespace('App\\Controllers...')
#2 [internal function]: CodeIgniter\Autoloader\Autoloader->loadClass('App\\Controllers...')
#3 [internal function]: spl_autoload_call('App\\Controllers...')
#4 D:\projects\gtren\system\CodeIgniter.php(888): class_exists('\\App\\Controller...', true)
#5 D:\projects\gtren\system\CodeIgniter.php(424): CodeIgniter\CodeIgniter->startController()
#6 D:\projects\gtren\system\CodeIgniter.php(339): CodeIgniter\CodeIgniter->handleRequest(NULL, Object(Config\Cache), false)
#7 D:\projects\gtren\public\index.php(36): CodeIgniter\CodeIgniter->run()
#8 D:\projects\gtren\system\Commands\Server\rewrite.php(45): require_once('D:\\projects\\gtr...')
#9 {main}
CRITICAL - 2021-06-28 19:46:51 --> Call to undefined method CodeIgniter\Database\MySQLi\Builder::getResultArray()
#0 D:\projects\gtren\system\CodeIgniter.php(931): App\Controllers\Product->edit('364')
#1 D:\projects\gtren\system\CodeIgniter.php(439): CodeIgniter\CodeIgniter->runController(Object(App\Controllers\Product))
#2 D:\projects\gtren\system\CodeIgniter.php(339): CodeIgniter\CodeIgniter->handleRequest(NULL, Object(Config\Cache), false)
#3 D:\projects\gtren\public\index.php(36): CodeIgniter\CodeIgniter->run()
#4 D:\projects\gtren\system\Commands\Server\rewrite.php(45): require_once('D:\\projects\\gtr...')
#5 {main}
CRITICAL - 2021-06-28 19:47:01 --> syntax error, unexpected ';', expecting ')'
#0 D:\projects\gtren\system\Autoloader\Autoloader.php(282): CodeIgniter\Autoloader\Autoloader->includeFile('D:\\projects\\gtr...')
#1 D:\projects\gtren\system\Autoloader\Autoloader.php(247): CodeIgniter\Autoloader\Autoloader->loadInNamespace('App\\Controllers...')
#2 [internal function]: CodeIgniter\Autoloader\Autoloader->loadClass('App\\Controllers...')
#3 [internal function]: spl_autoload_call('App\\Controllers...')
#4 D:\projects\gtren\system\CodeIgniter.php(888): class_exists('\\App\\Controller...', true)
#5 D:\projects\gtren\system\CodeIgniter.php(424): CodeIgniter\CodeIgniter->startController()
#6 D:\projects\gtren\system\CodeIgniter.php(339): CodeIgniter\CodeIgniter->handleRequest(NULL, Object(Config\Cache), false)
#7 D:\projects\gtren\public\index.php(36): CodeIgniter\CodeIgniter->run()
#8 D:\projects\gtren\system\Commands\Server\rewrite.php(45): require_once('D:\\projects\\gtr...')
#9 {main}
CRITICAL - 2021-06-28 19:47:06 --> Call to undefined method CodeIgniter\Database\MySQLi\Builder::getResult()
#0 D:\projects\gtren\system\CodeIgniter.php(931): App\Controllers\Product->edit('364')
#1 D:\projects\gtren\system\CodeIgniter.php(439): CodeIgniter\CodeIgniter->runController(Object(App\Controllers\Product))
#2 D:\projects\gtren\system\CodeIgniter.php(339): CodeIgniter\CodeIgniter->handleRequest(NULL, Object(Config\Cache), false)
#3 D:\projects\gtren\public\index.php(36): CodeIgniter\CodeIgniter->run()
#4 D:\projects\gtren\system\Commands\Server\rewrite.php(45): require_once('D:\\projects\\gtr...')
#5 {main}
CRITICAL - 2021-06-28 19:49:28 --> Call to undefined method CodeIgniter\Database\MySQLi\Connection::select()
#0 D:\projects\gtren\system\CodeIgniter.php(931): App\Controllers\Product->edit('364')
#1 D:\projects\gtren\system\CodeIgniter.php(439): CodeIgniter\CodeIgniter->runController(Object(App\Controllers\Product))
#2 D:\projects\gtren\system\CodeIgniter.php(339): CodeIgniter\CodeIgniter->handleRequest(NULL, Object(Config\Cache), false)
#3 D:\projects\gtren\public\index.php(36): CodeIgniter\CodeIgniter->run()
#4 D:\projects\gtren\system\Commands\Server\rewrite.php(45): require_once('D:\\projects\\gtr...')
#5 {main}
CRITICAL - 2021-06-28 19:52:46 --> syntax error, unexpected ';', expecting ')'
#0 D:\projects\gtren\system\Autoloader\Autoloader.php(282): CodeIgniter\Autoloader\Autoloader->includeFile('D:\\projects\\gtr...')
#1 D:\projects\gtren\system\Autoloader\Autoloader.php(247): CodeIgniter\Autoloader\Autoloader->loadInNamespace('App\\Controllers...')
#2 [internal function]: CodeIgniter\Autoloader\Autoloader->loadClass('App\\Controllers...')
#3 [internal function]: spl_autoload_call('App\\Controllers...')
#4 D:\projects\gtren\system\CodeIgniter.php(888): class_exists('\\App\\Controller...', true)
#5 D:\projects\gtren\system\CodeIgniter.php(424): CodeIgniter\CodeIgniter->startController()
#6 D:\projects\gtren\system\CodeIgniter.php(339): CodeIgniter\CodeIgniter->handleRequest(NULL, Object(Config\Cache), false)
#7 D:\projects\gtren\public\index.php(36): CodeIgniter\CodeIgniter->run()
#8 D:\projects\gtren\system\Commands\Server\rewrite.php(45): require_once('D:\\projects\\gtr...')
#9 {main}
CRITICAL - 2021-06-28 19:52:53 --> strpos() expects parameter 1 to be string, array given
#0 [internal function]: CodeIgniter\Debug\Exceptions->errorHandler(2, 'strpos() expect...', 'D:\\projects\\gtr...', 602, Array)
#1 D:\projects\gtren\system\Database\BaseBuilder.php(602): strpos(Array, ',')
#2 D:\projects\gtren\system\Database\BaseBuilder.php(269): CodeIgniter\Database\BaseBuilder->from(Object(App\Models\CategoryModel))
#3 D:\projects\gtren\system\Database\BaseConnection.php(970): CodeIgniter\Database\BaseBuilder->__construct(Object(App\Models\CategoryModel), Object(CodeIgniter\Database\MySQLi\Connection))
#4 D:\projects\gtren\app\Controllers\Product.php(65): CodeIgniter\Database\BaseConnection->table(Object(App\Models\CategoryModel))
#5 D:\projects\gtren\system\CodeIgniter.php(931): App\Controllers\Product->edit('364')
#6 D:\projects\gtren\system\CodeIgniter.php(439): CodeIgniter\CodeIgniter->runController(Object(App\Controllers\Product))
#7 D:\projects\gtren\system\CodeIgniter.php(339): CodeIgniter\CodeIgniter->handleRequest(NULL, Object(Config\Cache), false)
#8 D:\projects\gtren\public\index.php(36): CodeIgniter\CodeIgniter->run()
#9 D:\projects\gtren\system\Commands\Server\rewrite.php(45): require_once('D:\\projects\\gtr...')
#10 {main}
CRITICAL - 2021-06-28 19:53:07 --> strpos() expects parameter 1 to be string, array given
#0 [internal function]: CodeIgniter\Debug\Exceptions->errorHandler(2, 'strpos() expect...', 'D:\\projects\\gtr...', 602, Array)
#1 D:\projects\gtren\system\Database\BaseBuilder.php(602): strpos(Array, ',')
#2 D:\projects\gtren\system\Database\BaseBuilder.php(269): CodeIgniter\Database\BaseBuilder->from(Object(App\Models\CategoryModel))
#3 D:\projects\gtren\system\Database\BaseConnection.php(970): CodeIgniter\Database\BaseBuilder->__construct(Object(App\Models\CategoryModel), Object(CodeIgniter\Database\MySQLi\Connection))
#4 D:\projects\gtren\app\Controllers\Product.php(65): CodeIgniter\Database\BaseConnection->table(Object(App\Models\CategoryModel))
#5 D:\projects\gtren\system\CodeIgniter.php(931): App\Controllers\Product->edit('364')
#6 D:\projects\gtren\system\CodeIgniter.php(439): CodeIgniter\CodeIgniter->runController(Object(App\Controllers\Product))
#7 D:\projects\gtren\system\CodeIgniter.php(339): CodeIgniter\CodeIgniter->handleRequest(NULL, Object(Config\Cache), false)
#8 D:\projects\gtren\public\index.php(36): CodeIgniter\CodeIgniter->run()
#9 D:\projects\gtren\system\Commands\Server\rewrite.php(45): require_once('D:\\projects\\gtr...')
#10 {main}
CRITICAL - 2021-06-28 19:53:16 --> strpos() expects parameter 1 to be string, array given
#0 [internal function]: CodeIgniter\Debug\Exceptions->errorHandler(2, 'strpos() expect...', 'D:\\projects\\gtr...', 602, Array)
#1 D:\projects\gtren\system\Database\BaseBuilder.php(602): strpos(Array, ',')
#2 D:\projects\gtren\system\Database\BaseBuilder.php(269): CodeIgniter\Database\BaseBuilder->from(Object(App\Models\CategoryModel))
#3 D:\projects\gtren\system\Database\BaseConnection.php(970): CodeIgniter\Database\BaseBuilder->__construct(Object(App\Models\CategoryModel), Object(CodeIgniter\Database\MySQLi\Connection))
#4 D:\projects\gtren\app\Controllers\Product.php(65): CodeIgniter\Database\BaseConnection->table(Object(App\Models\CategoryModel))
#5 D:\projects\gtren\system\CodeIgniter.php(931): App\Controllers\Product->edit('364')
#6 D:\projects\gtren\system\CodeIgniter.php(439): CodeIgniter\CodeIgniter->runController(Object(App\Controllers\Product))
#7 D:\projects\gtren\system\CodeIgniter.php(339): CodeIgniter\CodeIgniter->handleRequest(NULL, Object(Config\Cache), false)
#8 D:\projects\gtren\public\index.php(36): CodeIgniter\CodeIgniter->run()
#9 D:\projects\gtren\system\Commands\Server\rewrite.php(45): require_once('D:\\projects\\gtr...')
#10 {main}
CRITICAL - 2021-06-28 19:55:47 --> Trying to get property 'categories' of non-object
#0 D:\projects\gtren\app\Controllers\Product.php(69): CodeIgniter\Debug\Exceptions->errorHandler(8, 'Trying to get p...', 'D:\\projects\\gtr...', 69, Array)
#1 D:\projects\gtren\system\CodeIgniter.php(931): App\Controllers\Product->edit('364')
#2 D:\projects\gtren\system\CodeIgniter.php(439): CodeIgniter\CodeIgniter->runController(Object(App\Controllers\Product))
#3 D:\projects\gtren\system\CodeIgniter.php(339): CodeIgniter\CodeIgniter->handleRequest(NULL, Object(Config\Cache), false)
#4 D:\projects\gtren\public\index.php(36): CodeIgniter\CodeIgniter->run()
#5 D:\projects\gtren\system\Commands\Server\rewrite.php(45): require_once('D:\\projects\\gtr...')
#6 {main}
CRITICAL - 2021-06-28 19:56:13 --> syntax error, unexpected ')'
#0 D:\projects\gtren\system\Autoloader\Autoloader.php(282): CodeIgniter\Autoloader\Autoloader->includeFile('D:\\projects\\gtr...')
#1 D:\projects\gtren\system\Autoloader\Autoloader.php(247): CodeIgniter\Autoloader\Autoloader->loadInNamespace('App\\Controllers...')
#2 [internal function]: CodeIgniter\Autoloader\Autoloader->loadClass('App\\Controllers...')
#3 [internal function]: spl_autoload_call('App\\Controllers...')
#4 D:\projects\gtren\system\CodeIgniter.php(888): class_exists('\\App\\Controller...', true)
#5 D:\projects\gtren\system\CodeIgniter.php(424): CodeIgniter\CodeIgniter->startController()
#6 D:\projects\gtren\system\CodeIgniter.php(339): CodeIgniter\CodeIgniter->handleRequest(NULL, Object(Config\Cache), false)
#7 D:\projects\gtren\public\index.php(36): CodeIgniter\CodeIgniter->run()
#8 D:\projects\gtren\system\Commands\Server\rewrite.php(45): require_once('D:\\projects\\gtr...')
#9 {main}
CRITICAL - 2021-06-28 19:56:48 --> whereNotIn() expects $values to be of type array or closure
#0 D:\projects\gtren\system\Database\BaseBuilder.php(905): CodeIgniter\Database\BaseBuilder->_whereIn('id', '1', true, 'AND ', NULL)
#1 D:\projects\gtren\app\Controllers\Product.php(66): CodeIgniter\Database\BaseBuilder->whereNotIn('id', '1')
#2 D:\projects\gtren\system\CodeIgniter.php(931): App\Controllers\Product->edit('364')
#3 D:\projects\gtren\system\CodeIgniter.php(439): CodeIgniter\CodeIgniter->runController(Object(App\Controllers\Product))
#4 D:\projects\gtren\system\CodeIgniter.php(339): CodeIgniter\CodeIgniter->handleRequest(NULL, Object(Config\Cache), false)
#5 D:\projects\gtren\public\index.php(36): CodeIgniter\CodeIgniter->run()
#6 D:\projects\gtren\system\Commands\Server\rewrite.php(45): require_once('D:\\projects\\gtr...')
#7 {main}
CRITICAL - 2021-06-28 19:58:07 --> Trying to get property 'categories' of non-object
#0 D:\projects\gtren\app\Controllers\Product.php(69): CodeIgniter\Debug\Exceptions->errorHandler(8, 'Trying to get p...', 'D:\\projects\\gtr...', 69, Array)
#1 D:\projects\gtren\system\CodeIgniter.php(931): App\Controllers\Product->edit('364')
#2 D:\projects\gtren\system\CodeIgniter.php(439): CodeIgniter\CodeIgniter->runController(Object(App\Controllers\Product))
#3 D:\projects\gtren\system\CodeIgniter.php(339): CodeIgniter\CodeIgniter->handleRequest(NULL, Object(Config\Cache), false)
#4 D:\projects\gtren\public\index.php(36): CodeIgniter\CodeIgniter->run()
#5 D:\projects\gtren\system\Commands\Server\rewrite.php(45): require_once('D:\\projects\\gtr...')
#6 {main}
CRITICAL - 2021-06-28 19:59:12 --> syntax error, unexpected ';', expecting ')'
#0 D:\projects\gtren\system\Autoloader\Autoloader.php(282): CodeIgniter\Autoloader\Autoloader->includeFile('D:\\projects\\gtr...')
#1 D:\projects\gtren\system\Autoloader\Autoloader.php(247): CodeIgniter\Autoloader\Autoloader->loadInNamespace('App\\Controllers...')
#2 [internal function]: CodeIgniter\Autoloader\Autoloader->loadClass('App\\Controllers...')
#3 [internal function]: spl_autoload_call('App\\Controllers...')
#4 D:\projects\gtren\system\CodeIgniter.php(888): class_exists('\\App\\Controller...', true)
#5 D:\projects\gtren\system\CodeIgniter.php(424): CodeIgniter\CodeIgniter->startController()
#6 D:\projects\gtren\system\CodeIgniter.php(339): CodeIgniter\CodeIgniter->handleRequest(NULL, Object(Config\Cache), false)
#7 D:\projects\gtren\public\index.php(36): CodeIgniter\CodeIgniter->run()
#8 D:\projects\gtren\system\Commands\Server\rewrite.php(45): require_once('D:\\projects\\gtr...')
#9 {main}
CRITICAL - 2021-06-28 20:02:11 --> syntax error, unexpected ':'
#0 D:\projects\gtren\system\Autoloader\Autoloader.php(282): CodeIgniter\Autoloader\Autoloader->includeFile('D:\\projects\\gtr...')
#1 D:\projects\gtren\system\Autoloader\Autoloader.php(247): CodeIgniter\Autoloader\Autoloader->loadInNamespace('App\\Controllers...')
#2 [internal function]: CodeIgniter\Autoloader\Autoloader->loadClass('App\\Controllers...')
#3 [internal function]: spl_autoload_call('App\\Controllers...')
#4 D:\projects\gtren\system\CodeIgniter.php(888): class_exists('\\App\\Controller...', true)
#5 D:\projects\gtren\system\CodeIgniter.php(424): CodeIgniter\CodeIgniter->startController()
#6 D:\projects\gtren\system\CodeIgniter.php(339): CodeIgniter\CodeIgniter->handleRequest(NULL, Object(Config\Cache), false)
#7 D:\projects\gtren\public\index.php(36): CodeIgniter\CodeIgniter->run()
#8 D:\projects\gtren\system\Commands\Server\rewrite.php(45): require_once('D:\\projects\\gtr...')
#9 {main}
CRITICAL - 2021-06-28 20:04:47 --> Object of class App\Entities\Category could not be converted to string
#0 D:\projects\gtren\system\Database\Query.php(381): implode(',', Array)
#1 D:\projects\gtren\system\Database\Query.php(355): CodeIgniter\Database\Query->matchNamedBinds('SELECT *\nFROM `...', Array)
#2 D:\projects\gtren\system\Database\Query.php(170): CodeIgniter\Database\Query->compileBinds()
#3 D:\projects\gtren\system\Database\BaseConnection.php(647): CodeIgniter\Database\Query->getQuery()
#4 D:\projects\gtren\system\Database\BaseBuilder.php(1881): CodeIgniter\Database\BaseConnection->query('SELECT *\nFROM `...', Array, false)
#5 D:\projects\gtren\app\Controllers\Product.php(72): CodeIgniter\Database\BaseBuilder->get()
#6 D:\projects\gtren\system\CodeIgniter.php(931): App\Controllers\Product->edit('364')
#7 D:\projects\gtren\system\CodeIgniter.php(439): CodeIgniter\CodeIgniter->runController(Object(App\Controllers\Product))
#8 D:\projects\gtren\system\CodeIgniter.php(339): CodeIgniter\CodeIgniter->handleRequest(NULL, Object(Config\Cache), false)
#9 D:\projects\gtren\public\index.php(36): CodeIgniter\CodeIgniter->run()
#10 D:\projects\gtren\system\Commands\Server\rewrite.php(45): require_once('D:\\projects\\gtr...')
#11 {main}
CRITICAL - 2021-06-28 20:06:31 --> syntax error, unexpected ')'
#0 D:\projects\gtren\system\Autoloader\Autoloader.php(282): CodeIgniter\Autoloader\Autoloader->includeFile('D:\\projects\\gtr...')
#1 D:\projects\gtren\system\Autoloader\Autoloader.php(247): CodeIgniter\Autoloader\Autoloader->loadInNamespace('App\\Controllers...')
#2 [internal function]: CodeIgniter\Autoloader\Autoloader->loadClass('App\\Controllers...')
#3 [internal function]: spl_autoload_call('App\\Controllers...')
#4 D:\projects\gtren\system\CodeIgniter.php(888): class_exists('\\App\\Controller...', true)
#5 D:\projects\gtren\system\CodeIgniter.php(424): CodeIgniter\CodeIgniter->startController()
#6 D:\projects\gtren\system\CodeIgniter.php(339): CodeIgniter\CodeIgniter->handleRequest(NULL, Object(Config\Cache), false)
#7 D:\projects\gtren\public\index.php(36): CodeIgniter\CodeIgniter->run()
#8 D:\projects\gtren\system\Commands\Server\rewrite.php(45): require_once('D:\\projects\\gtr...')
#9 {main}
CRITICAL - 2021-06-28 20:08:11 --> Undefined variable: category_id
#0 D:\projects\gtren\app\Controllers\Product.php(77): CodeIgniter\Debug\Exceptions->errorHandler(8, 'Undefined varia...', 'D:\\projects\\gtr...', 77, Array)
#1 D:\projects\gtren\system\CodeIgniter.php(931): App\Controllers\Product->edit('364')
#2 D:\projects\gtren\system\CodeIgniter.php(439): CodeIgniter\CodeIgniter->runController(Object(App\Controllers\Product))
#3 D:\projects\gtren\system\CodeIgniter.php(339): CodeIgniter\CodeIgniter->handleRequest(NULL, Object(Config\Cache), false)
#4 D:\projects\gtren\public\index.php(36): CodeIgniter\CodeIgniter->run()
#5 D:\projects\gtren\system\Commands\Server\rewrite.php(45): require_once('D:\\projects\\gtr...')
#6 {main}
CRITICAL - 2021-06-28 20:11:39 --> Undefined variable: product_categories
#0 D:\projects\gtren\app\Controllers\Product.php(74): CodeIgniter\Debug\Exceptions->errorHandler(8, 'Undefined varia...', 'D:\\projects\\gtr...', 74, Array)
#1 D:\projects\gtren\system\CodeIgniter.php(931): App\Controllers\Product->edit('364')
#2 D:\projects\gtren\system\CodeIgniter.php(439): CodeIgniter\CodeIgniter->runController(Object(App\Controllers\Product))
#3 D:\projects\gtren\system\CodeIgniter.php(339): CodeIgniter\CodeIgniter->handleRequest(NULL, Object(Config\Cache), false)
#4 D:\projects\gtren\public\index.php(36): CodeIgniter\CodeIgniter->run()
#5 D:\projects\gtren\system\Commands\Server\rewrite.php(45): require_once('D:\\projects\\gtr...')
#6 {main}
CRITICAL - 2021-06-28 20:12:48 --> syntax error, unexpected ')'
#0 D:\projects\gtren\system\Autoloader\Autoloader.php(282): CodeIgniter\Autoloader\Autoloader->includeFile('D:\\projects\\gtr...')
#1 D:\projects\gtren\system\Autoloader\Autoloader.php(247): CodeIgniter\Autoloader\Autoloader->loadInNamespace('App\\Controllers...')
#2 [internal function]: CodeIgniter\Autoloader\Autoloader->loadClass('App\\Controllers...')
#3 [internal function]: spl_autoload_call('App\\Controllers...')
#4 D:\projects\gtren\system\CodeIgniter.php(888): class_exists('\\App\\Controller...', true)
#5 D:\projects\gtren\system\CodeIgniter.php(424): CodeIgniter\CodeIgniter->startController()
#6 D:\projects\gtren\system\CodeIgniter.php(339): CodeIgniter\CodeIgniter->handleRequest(NULL, Object(Config\Cache), false)
#7 D:\projects\gtren\public\index.php(36): CodeIgniter\CodeIgniter->run()
#8 D:\projects\gtren\system\Commands\Server\rewrite.php(45): require_once('D:\\projects\\gtr...')
#9 {main}
CRITICAL - 2021-06-28 20:33:53 --> Undefined offset: 1
#0 D:\projects\gtren\app\Views\commerce\home.php(72): CodeIgniter\Debug\Exceptions->errorHandler(8, 'Undefined offse...', 'D:\\projects\\gtr...', 72, Array)
#1 D:\projects\gtren\system\View\View.php(230): include('D:\\projects\\gtr...')
#2 D:\projects\gtren\system\View\View.php(232): CodeIgniter\View\View->CodeIgniter\View\{closure}()
#3 D:\projects\gtren\system\Common.php(1250): CodeIgniter\View\View->render('commerce/home', Array, true)
#4 D:\projects\gtren\app\Controllers\Product.php(48): view('commerce/home', Array)
#5 D:\projects\gtren\system\CodeIgniter.php(931): App\Controllers\Product->commerce()
#6 D:\projects\gtren\system\CodeIgniter.php(439): CodeIgniter\CodeIgniter->runController(Object(App\Controllers\Product))
#7 D:\projects\gtren\system\CodeIgniter.php(339): CodeIgniter\CodeIgniter->handleRequest(NULL, Object(Config\Cache), false)
#8 D:\projects\gtren\public\index.php(36): CodeIgniter\CodeIgniter->run()
#9 D:\projects\gtren\system\Commands\Server\rewrite.php(45): require_once('D:\\projects\\gtr...')
#10 {main}
