CRITICAL - 2021-06-25 00:15:45 --> Call to undefined function App\Controllers\in_grous()
#0 D:\projects\gtren\system\CodeIgniter.php(931): App\Controllers\Commerce->index()
#1 D:\projects\gtren\system\CodeIgniter.php(439): CodeIgniter\CodeIgniter->runController(Object(App\Controllers\Commerce))
#2 D:\projects\gtren\system\CodeIgniter.php(339): CodeIgniter\CodeIgniter->handleRequest(NULL, Object(Config\Cache), false)
#3 D:\projects\gtren\public\index.php(36): CodeIgniter\CodeIgniter->run()
#4 D:\projects\gtren\system\Commands\Server\rewrite.php(45): require_once('D:\\projects\\gtr...')
#5 {main}
CRITICAL - 2021-06-25 00:15:53 --> Too few arguments to function in_groups(), 0 passed in D:\projects\gtren\app\Controllers\Commerce.php on line 12 and exactly 1 expected
#0 D:\projects\gtren\app\Controllers\Commerce.php(12): in_groups()
#1 D:\projects\gtren\system\CodeIgniter.php(931): App\Controllers\Commerce->index()
#2 D:\projects\gtren\system\CodeIgniter.php(439): CodeIgniter\CodeIgniter->runController(Object(App\Controllers\Commerce))
#3 D:\projects\gtren\system\CodeIgniter.php(339): CodeIgniter\CodeIgniter->handleRequest(NULL, Object(Config\Cache), false)
#4 D:\projects\gtren\public\index.php(36): CodeIgniter\CodeIgniter->run()
#5 D:\projects\gtren\system\Commands\Server\rewrite.php(45): require_once('D:\\projects\\gtr...')
#6 {main}
CRITICAL - 2021-06-25 00:39:32 -->  route cannot be found while reverse-routing.
#0 D:\projects\gtren\system\HTTP\RedirectResponse.php(64): CodeIgniter\HTTP\Exceptions\HTTPException::forInvalidRedirectRoute('')
#1 D:\projects\gtren\vendor\myth\auth\src\Controllers\AuthController.php(206): CodeIgniter\HTTP\RedirectResponse->route(false)
#2 D:\projects\gtren\system\CodeIgniter.php(931): Myth\Auth\Controllers\AuthController->attemptRegister()
#3 D:\projects\gtren\system\CodeIgniter.php(439): CodeIgniter\CodeIgniter->runController(Object(Myth\Auth\Controllers\AuthController))
#4 D:\projects\gtren\system\CodeIgniter.php(339): CodeIgniter\CodeIgniter->handleRequest(NULL, Object(Config\Cache), false)
#5 D:\projects\gtren\public\index.php(36): CodeIgniter\CodeIgniter->run()
#6 D:\projects\gtren\system\Commands\Server\rewrite.php(45): require_once('D:\\projects\\gtr...')
#7 {main}
CRITICAL - 2021-06-25 00:55:37 --> Undefined offset: 1
#0 D:\projects\gtren\vendor\myth\auth\src\Authentication\Passwords\NothingPersonalValidator.php(90): CodeIgniter\Debug\Exceptions->errorHandler(8, 'Undefined offse...', 'D:\\projects\\gtr...', 90, Array)
#1 D:\projects\gtren\vendor\myth\auth\src\Authentication\Passwords\NothingPersonalValidator.php(39): Myth\Auth\Authentication\Passwords\NothingPersonalValidator->isNotPersonal('tahubladak', Object(Myth\Auth\Entities\User))
#2 D:\projects\gtren\vendor\myth\auth\src\Authentication\Passwords\PasswordValidator.php(55): Myth\Auth\Authentication\Passwords\NothingPersonalValidator->check('tahubladak', Object(Myth\Auth\Entities\User))
#3 D:\projects\gtren\vendor\myth\auth\src\Authentication\Passwords\ValidationRules.php(45): Myth\Auth\Authentication\Passwords\PasswordValidator->check('tahubladak', Object(Myth\Auth\Entities\User))
#4 D:\projects\gtren\system\Validation\Validation.php(312): Myth\Auth\Authentication\Passwords\ValidationRules->strong_password('tahubladak', NULL)
#5 D:\projects\gtren\system\Validation\Validation.php(159): CodeIgniter\Validation\Validation->processRules('password', 'password', 'tahubladak', Array, Array)
#6 D:\projects\gtren\system\Controller.php(183): CodeIgniter\Validation\Validation->run()
#7 D:\projects\gtren\vendor\myth\auth\src\Controllers\AuthController.php(168): CodeIgniter\Controller->validate(Array)
#8 D:\projects\gtren\system\CodeIgniter.php(931): Myth\Auth\Controllers\AuthController->attemptRegister()
#9 D:\projects\gtren\system\CodeIgniter.php(439): CodeIgniter\CodeIgniter->runController(Object(Myth\Auth\Controllers\AuthController))
#10 D:\projects\gtren\system\CodeIgniter.php(339): CodeIgniter\CodeIgniter->handleRequest(NULL, Object(Config\Cache), false)
#11 D:\projects\gtren\public\index.php(36): CodeIgniter\CodeIgniter->run()
#12 D:\projects\gtren\system\Commands\Server\rewrite.php(45): require_once('D:\\projects\\gtr...')
#13 {main}
CRITICAL - 2021-06-25 01:16:12 --> Call to undefined method CodeIgniter\Database\MySQLi\Builder::findAll()
#0 D:\projects\gtren\system\CodeIgniter.php(931): App\Controllers\Member->search()
#1 D:\projects\gtren\system\CodeIgniter.php(439): CodeIgniter\CodeIgniter->runController(Object(App\Controllers\Member))
#2 D:\projects\gtren\system\CodeIgniter.php(339): CodeIgniter\CodeIgniter->handleRequest(NULL, Object(Config\Cache), false)
#3 D:\projects\gtren\public\index.php(36): CodeIgniter\CodeIgniter->run()
#4 D:\projects\gtren\system\Commands\Server\rewrite.php(45): require_once('D:\\projects\\gtr...')
#5 {main}
CRITICAL - 2021-06-25 01:17:25 --> Undefined variable: getUser
#0 D:\projects\gtren\app\Controllers\Member.php(42): CodeIgniter\Debug\Exceptions->errorHandler(8, 'Undefined varia...', 'D:\\projects\\gtr...', 42, Array)
#1 D:\projects\gtren\system\CodeIgniter.php(931): App\Controllers\Member->search()
#2 D:\projects\gtren\system\CodeIgniter.php(439): CodeIgniter\CodeIgniter->runController(Object(App\Controllers\Member))
#3 D:\projects\gtren\system\CodeIgniter.php(339): CodeIgniter\CodeIgniter->handleRequest(NULL, Object(Config\Cache), false)
#4 D:\projects\gtren\public\index.php(36): CodeIgniter\CodeIgniter->run()
#5 D:\projects\gtren\system\Commands\Server\rewrite.php(45): require_once('D:\\projects\\gtr...')
#6 {main}
CRITICAL - 2021-06-25 01:20:48 --> Call to undefined method CodeIgniter\Database\MySQLi\Builder::paginate()
#0 D:\projects\gtren\system\CodeIgniter.php(931): App\Controllers\Member->index()
#1 D:\projects\gtren\system\CodeIgniter.php(439): CodeIgniter\CodeIgniter->runController(Object(App\Controllers\Member))
#2 D:\projects\gtren\system\CodeIgniter.php(339): CodeIgniter\CodeIgniter->handleRequest(NULL, Object(Config\Cache), false)
#3 D:\projects\gtren\public\index.php(36): CodeIgniter\CodeIgniter->run()
#4 D:\projects\gtren\system\Commands\Server\rewrite.php(45): require_once('D:\\projects\\gtr...')
#5 {main}
CRITICAL - 2021-06-25 01:21:17 --> Call to undefined method CodeIgniter\Database\MySQLi\Builder::paginate()
#0 D:\projects\gtren\system\CodeIgniter.php(931): App\Controllers\Member->index()
#1 D:\projects\gtren\system\CodeIgniter.php(439): CodeIgniter\CodeIgniter->runController(Object(App\Controllers\Member))
#2 D:\projects\gtren\system\CodeIgniter.php(339): CodeIgniter\CodeIgniter->handleRequest(NULL, Object(Config\Cache), false)
#3 D:\projects\gtren\public\index.php(36): CodeIgniter\CodeIgniter->run()
#4 D:\projects\gtren\system\Commands\Server\rewrite.php(45): require_once('D:\\projects\\gtr...')
#5 {main}
CRITICAL - 2021-06-25 01:21:36 --> Call to undefined method CodeIgniter\Database\MySQLi\Builder::paginate()
#0 D:\projects\gtren\system\CodeIgniter.php(931): App\Controllers\Member->index()
#1 D:\projects\gtren\system\CodeIgniter.php(439): CodeIgniter\CodeIgniter->runController(Object(App\Controllers\Member))
#2 D:\projects\gtren\system\CodeIgniter.php(339): CodeIgniter\CodeIgniter->handleRequest(NULL, Object(Config\Cache), false)
#3 D:\projects\gtren\public\index.php(36): CodeIgniter\CodeIgniter->run()
#4 D:\projects\gtren\system\Commands\Server\rewrite.php(45): require_once('D:\\projects\\gtr...')
#5 {main}
CRITICAL - 2021-06-25 01:27:38 --> syntax error, unexpected 'foreach' (T_FOREACH)
#0 D:\projects\gtren\system\Autoloader\Autoloader.php(282): CodeIgniter\Autoloader\Autoloader->includeFile('D:\\projects\\gtr...')
#1 D:\projects\gtren\system\Autoloader\Autoloader.php(247): CodeIgniter\Autoloader\Autoloader->loadInNamespace('App\\Controllers...')
#2 [internal function]: CodeIgniter\Autoloader\Autoloader->loadClass('App\\Controllers...')
#3 [internal function]: spl_autoload_call('App\\Controllers...')
#4 D:\projects\gtren\system\CodeIgniter.php(888): class_exists('\\App\\Controller...', true)
#5 D:\projects\gtren\system\CodeIgniter.php(424): CodeIgniter\CodeIgniter->startController()
#6 D:\projects\gtren\system\CodeIgniter.php(339): CodeIgniter\CodeIgniter->handleRequest(NULL, Object(Config\Cache), false)
#7 D:\projects\gtren\public\index.php(36): CodeIgniter\CodeIgniter->run()
#8 D:\projects\gtren\system\Commands\Server\rewrite.php(45): require_once('D:\\projects\\gtr...')
#9 {main}
CRITICAL - 2021-06-25 01:27:41 --> Undefined variable: user
#0 D:\projects\gtren\app\Controllers\Member.php(12): CodeIgniter\Debug\Exceptions->errorHandler(8, 'Undefined varia...', 'D:\\projects\\gtr...', 12, Array)
#1 D:\projects\gtren\system\CodeIgniter.php(903): App\Controllers\Member->__construct()
#2 D:\projects\gtren\system\CodeIgniter.php(429): CodeIgniter\CodeIgniter->createController()
#3 D:\projects\gtren\system\CodeIgniter.php(339): CodeIgniter\CodeIgniter->handleRequest(NULL, Object(Config\Cache), false)
#4 D:\projects\gtren\public\index.php(36): CodeIgniter\CodeIgniter->run()
#5 D:\projects\gtren\system\Commands\Server\rewrite.php(45): require_once('D:\\projects\\gtr...')
#6 {main}
CRITICAL - 2021-06-25 01:28:28 --> Cannot use object of type Myth\Auth\Entities\User as array
#0 D:\projects\gtren\system\CodeIgniter.php(903): App\Controllers\Member->__construct()
#1 D:\projects\gtren\system\CodeIgniter.php(429): CodeIgniter\CodeIgniter->createController()
#2 D:\projects\gtren\system\CodeIgniter.php(339): CodeIgniter\CodeIgniter->handleRequest(NULL, Object(Config\Cache), false)
#3 D:\projects\gtren\public\index.php(36): CodeIgniter\CodeIgniter->run()
#4 D:\projects\gtren\system\Commands\Server\rewrite.php(45): require_once('D:\\projects\\gtr...')
#5 {main}
CRITICAL - 2021-06-25 01:30:15 --> Call to undefined method Myth\Auth\Entities\User::get()
#0 D:\projects\gtren\system\CodeIgniter.php(903): App\Controllers\Member->__construct()
#1 D:\projects\gtren\system\CodeIgniter.php(429): CodeIgniter\CodeIgniter->createController()
#2 D:\projects\gtren\system\CodeIgniter.php(339): CodeIgniter\CodeIgniter->handleRequest(NULL, Object(Config\Cache), false)
#3 D:\projects\gtren\public\index.php(36): CodeIgniter\CodeIgniter->run()
#4 D:\projects\gtren\system\Commands\Server\rewrite.php(45): require_once('D:\\projects\\gtr...')
#5 {main}
CRITICAL - 2021-06-25 01:30:22 --> Too few arguments to function CodeIgniter\Entity\Entity::__get(), 0 passed in D:\projects\gtren\app\Controllers\Member.php on line 14 and exactly 1 expected
#0 D:\projects\gtren\app\Controllers\Member.php(14): CodeIgniter\Entity\Entity->__get()
#1 D:\projects\gtren\system\CodeIgniter.php(903): App\Controllers\Member->__construct()
#2 D:\projects\gtren\system\CodeIgniter.php(429): CodeIgniter\CodeIgniter->createController()
#3 D:\projects\gtren\system\CodeIgniter.php(339): CodeIgniter\CodeIgniter->handleRequest(NULL, Object(Config\Cache), false)
#4 D:\projects\gtren\public\index.php(36): CodeIgniter\CodeIgniter->run()
#5 D:\projects\gtren\system\Commands\Server\rewrite.php(45): require_once('D:\\projects\\gtr...')
#6 {main}
CRITICAL - 2021-06-25 01:33:40 --> Call to undefined method CodeIgniter\Database\MySQLi\Builder::paginate()
#0 D:\projects\gtren\system\CodeIgniter.php(931): App\Controllers\Member->index()
#1 D:\projects\gtren\system\CodeIgniter.php(439): CodeIgniter\CodeIgniter->runController(Object(App\Controllers\Member))
#2 D:\projects\gtren\system\CodeIgniter.php(339): CodeIgniter\CodeIgniter->handleRequest(NULL, Object(Config\Cache), false)
#3 D:\projects\gtren\public\index.php(36): CodeIgniter\CodeIgniter->run()
#4 D:\projects\gtren\system\Commands\Server\rewrite.php(45): require_once('D:\\projects\\gtr...')
#5 {main}
CRITICAL - 2021-06-25 01:36:12 --> Call to undefined method CodeIgniter\Database\MySQLi\Builder::paginate()
#0 D:\projects\gtren\system\CodeIgniter.php(931): App\Controllers\Member->index()
#1 D:\projects\gtren\system\CodeIgniter.php(439): CodeIgniter\CodeIgniter->runController(Object(App\Controllers\Member))
#2 D:\projects\gtren\system\CodeIgniter.php(339): CodeIgniter\CodeIgniter->handleRequest(NULL, Object(Config\Cache), false)
#3 D:\projects\gtren\public\index.php(36): CodeIgniter\CodeIgniter->run()
#4 D:\projects\gtren\system\Commands\Server\rewrite.php(45): require_once('D:\\projects\\gtr...')
#5 {main}
CRITICAL - 2021-06-25 01:37:04 --> Call to a member function getRoles() on array
#0 D:\projects\gtren\system\CodeIgniter.php(903): App\Controllers\Member->__construct()
#1 D:\projects\gtren\system\CodeIgniter.php(429): CodeIgniter\CodeIgniter->createController()
#2 D:\projects\gtren\system\CodeIgniter.php(339): CodeIgniter\CodeIgniter->handleRequest(NULL, Object(Config\Cache), false)
#3 D:\projects\gtren\public\index.php(36): CodeIgniter\CodeIgniter->run()
#4 D:\projects\gtren\system\Commands\Server\rewrite.php(45): require_once('D:\\projects\\gtr...')
#5 {main}
CRITICAL - 2021-06-25 01:37:34 --> Call to undefined method CodeIgniter\Database\MySQLi\Builder::paginate()
#0 D:\projects\gtren\system\CodeIgniter.php(931): App\Controllers\Member->index()
#1 D:\projects\gtren\system\CodeIgniter.php(439): CodeIgniter\CodeIgniter->runController(Object(App\Controllers\Member))
#2 D:\projects\gtren\system\CodeIgniter.php(339): CodeIgniter\CodeIgniter->handleRequest(NULL, Object(Config\Cache), false)
#3 D:\projects\gtren\public\index.php(36): CodeIgniter\CodeIgniter->run()
#4 D:\projects\gtren\system\Commands\Server\rewrite.php(45): require_once('D:\\projects\\gtr...')
#5 {main}
CRITICAL - 2021-06-25 01:37:55 --> Cannot use object of type Myth\Auth\Entities\User as array
#0 D:\projects\gtren\system\CodeIgniter.php(903): App\Controllers\Member->__construct()
#1 D:\projects\gtren\system\CodeIgniter.php(429): CodeIgniter\CodeIgniter->createController()
#2 D:\projects\gtren\system\CodeIgniter.php(339): CodeIgniter\CodeIgniter->handleRequest(NULL, Object(Config\Cache), false)
#3 D:\projects\gtren\public\index.php(36): CodeIgniter\CodeIgniter->run()
#4 D:\projects\gtren\system\Commands\Server\rewrite.php(45): require_once('D:\\projects\\gtr...')
#5 {main}
CRITICAL - 2021-06-25 01:38:31 --> Call to undefined method CodeIgniter\Database\MySQLi\Builder::paginate()
#0 D:\projects\gtren\system\CodeIgniter.php(931): App\Controllers\Member->index()
#1 D:\projects\gtren\system\CodeIgniter.php(439): CodeIgniter\CodeIgniter->runController(Object(App\Controllers\Member))
#2 D:\projects\gtren\system\CodeIgniter.php(339): CodeIgniter\CodeIgniter->handleRequest(NULL, Object(Config\Cache), false)
#3 D:\projects\gtren\public\index.php(36): CodeIgniter\CodeIgniter->run()
#4 D:\projects\gtren\system\Commands\Server\rewrite.php(45): require_once('D:\\projects\\gtr...')
#5 {main}
