CRITICAL - 2021-06-30 01:14:56 --> Too few arguments to function App\Entities\Product::getCategory(), 0 passed in D:\projects\gtren\app\Views\commerce\templates\header.php on line 311 and exactly 1 expected
#0 D:\projects\gtren\app\Views\commerce\templates\header.php(311): App\Entities\Product->getCategory()
#1 D:\projects\gtren\system\View\View.php(230): include('D:\\projects\\gtr...')
#2 D:\projects\gtren\system\View\View.php(232): CodeIgniter\View\View->CodeIgniter\View\{closure}()
#3 D:\projects\gtren\system\View\View.php(487): CodeIgniter\View\View->render('commerce/templa...', NULL, true)
#4 D:\projects\gtren\app\Views\commerce\templates\index.php(21): CodeIgniter\View\View->include('commerce/templa...')
#5 D:\projects\gtren\system\View\View.php(230): include('D:\\projects\\gtr...')
#6 D:\projects\gtren\system\View\View.php(232): CodeIgniter\View\View->CodeIgniter\View\{closure}()
#7 D:\projects\gtren\system\View\View.php(246): CodeIgniter\View\View->render('commerce/templa...', Array, true)
#8 D:\projects\gtren\system\Common.php(1250): CodeIgniter\View\View->render('commerce/home', Array, true)
#9 D:\projects\gtren\app\Controllers\Product.php(52): view('commerce/home', Array)
#10 D:\projects\gtren\system\CodeIgniter.php(931): App\Controllers\Product->commerce()
#11 D:\projects\gtren\system\CodeIgniter.php(439): CodeIgniter\CodeIgniter->runController(Object(App\Controllers\Product))
#12 D:\projects\gtren\system\CodeIgniter.php(339): CodeIgniter\CodeIgniter->handleRequest(NULL, Object(Config\Cache), false)
#13 D:\projects\gtren\public\index.php(36): CodeIgniter\CodeIgniter->run()
#14 D:\projects\gtren\system\Commands\Server\rewrite.php(45): require_once('D:\\projects\\gtr...')
#15 {main}
CRITICAL - 2021-06-30 01:15:14 --> Argument 1 passed to App\Entities\Product::getCategory() must be of the type array, string given, called in D:\projects\gtren\app\Views\commerce\templates\header.php on line 311
#0 D:\projects\gtren\app\Views\commerce\templates\header.php(311): App\Entities\Product->getCategory('270')
#1 D:\projects\gtren\system\View\View.php(230): include('D:\\projects\\gtr...')
#2 D:\projects\gtren\system\View\View.php(232): CodeIgniter\View\View->CodeIgniter\View\{closure}()
#3 D:\projects\gtren\system\View\View.php(487): CodeIgniter\View\View->render('commerce/templa...', NULL, true)
#4 D:\projects\gtren\app\Views\commerce\templates\index.php(21): CodeIgniter\View\View->include('commerce/templa...')
#5 D:\projects\gtren\system\View\View.php(230): include('D:\\projects\\gtr...')
#6 D:\projects\gtren\system\View\View.php(232): CodeIgniter\View\View->CodeIgniter\View\{closure}()
#7 D:\projects\gtren\system\View\View.php(246): CodeIgniter\View\View->render('commerce/templa...', Array, true)
#8 D:\projects\gtren\system\Common.php(1250): CodeIgniter\View\View->render('commerce/home', Array, true)
#9 D:\projects\gtren\app\Controllers\Product.php(52): view('commerce/home', Array)
#10 D:\projects\gtren\system\CodeIgniter.php(931): App\Controllers\Product->commerce()
#11 D:\projects\gtren\system\CodeIgniter.php(439): CodeIgniter\CodeIgniter->runController(Object(App\Controllers\Product))
#12 D:\projects\gtren\system\CodeIgniter.php(339): CodeIgniter\CodeIgniter->handleRequest(NULL, Object(Config\Cache), false)
#13 D:\projects\gtren\public\index.php(36): CodeIgniter\CodeIgniter->run()
#14 D:\projects\gtren\system\Commands\Server\rewrite.php(45): require_once('D:\\projects\\gtr...')
#15 {main}
CRITICAL - 2021-06-30 01:17:09 --> Undefined variable: categories
#0 D:\projects\gtren\app\Views\commerce\templates\header.php(309): CodeIgniter\Debug\Exceptions->errorHandler(8, 'Undefined varia...', 'D:\\projects\\gtr...', 309, Array)
#1 D:\projects\gtren\system\View\View.php(230): include('D:\\projects\\gtr...')
#2 D:\projects\gtren\system\View\View.php(232): CodeIgniter\View\View->CodeIgniter\View\{closure}()
#3 D:\projects\gtren\system\View\View.php(487): CodeIgniter\View\View->render('commerce/templa...', NULL, true)
#4 D:\projects\gtren\app\Views\commerce\templates\index.php(21): CodeIgniter\View\View->include('commerce/templa...')
#5 D:\projects\gtren\system\View\View.php(230): include('D:\\projects\\gtr...')
#6 D:\projects\gtren\system\View\View.php(232): CodeIgniter\View\View->CodeIgniter\View\{closure}()
#7 D:\projects\gtren\system\View\View.php(246): CodeIgniter\View\View->render('commerce/templa...', Array, true)
#8 D:\projects\gtren\system\Common.php(1250): CodeIgniter\View\View->render('commerce/home', Array, true)
#9 D:\projects\gtren\app\Controllers\Product.php(52): view('commerce/home', Array)
#10 D:\projects\gtren\system\CodeIgniter.php(931): App\Controllers\Product->commerce()
#11 D:\projects\gtren\system\CodeIgniter.php(439): CodeIgniter\CodeIgniter->runController(Object(App\Controllers\Product))
#12 D:\projects\gtren\system\CodeIgniter.php(339): CodeIgniter\CodeIgniter->handleRequest(NULL, Object(Config\Cache), false)
#13 D:\projects\gtren\public\index.php(36): CodeIgniter\CodeIgniter->run()
#14 D:\projects\gtren\system\Commands\Server\rewrite.php(45): require_once('D:\\projects\\gtr...')
#15 {main}
CRITICAL - 2021-06-30 01:17:20 --> Undefined variable: category
#0 D:\projects\gtren\app\Views\commerce\templates\header.php(309): CodeIgniter\Debug\Exceptions->errorHandler(8, 'Undefined varia...', 'D:\\projects\\gtr...', 309, Array)
#1 D:\projects\gtren\system\View\View.php(230): include('D:\\projects\\gtr...')
#2 D:\projects\gtren\system\View\View.php(232): CodeIgniter\View\View->CodeIgniter\View\{closure}()
#3 D:\projects\gtren\system\View\View.php(487): CodeIgniter\View\View->render('commerce/templa...', NULL, true)
#4 D:\projects\gtren\app\Views\commerce\templates\index.php(21): CodeIgniter\View\View->include('commerce/templa...')
#5 D:\projects\gtren\system\View\View.php(230): include('D:\\projects\\gtr...')
#6 D:\projects\gtren\system\View\View.php(232): CodeIgniter\View\View->CodeIgniter\View\{closure}()
#7 D:\projects\gtren\system\View\View.php(246): CodeIgniter\View\View->render('commerce/templa...', Array, true)
#8 D:\projects\gtren\system\Common.php(1250): CodeIgniter\View\View->render('commerce/home', Array, true)
#9 D:\projects\gtren\app\Controllers\Product.php(52): view('commerce/home', Array)
#10 D:\projects\gtren\system\CodeIgniter.php(931): App\Controllers\Product->commerce()
#11 D:\projects\gtren\system\CodeIgniter.php(439): CodeIgniter\CodeIgniter->runController(Object(App\Controllers\Product))
#12 D:\projects\gtren\system\CodeIgniter.php(339): CodeIgniter\CodeIgniter->handleRequest(NULL, Object(Config\Cache), false)
#13 D:\projects\gtren\public\index.php(36): CodeIgniter\CodeIgniter->run()
#14 D:\projects\gtren\system\Commands\Server\rewrite.php(45): require_once('D:\\projects\\gtr...')
#15 {main}
CRITICAL - 2021-06-30 01:20:38 --> Undefined variable: i
#0 D:\projects\gtren\app\Views\commerce\templates\header.php(309): CodeIgniter\Debug\Exceptions->errorHandler(8, 'Undefined varia...', 'D:\\projects\\gtr...', 309, Array)
#1 D:\projects\gtren\system\View\View.php(230): include('D:\\projects\\gtr...')
#2 D:\projects\gtren\system\View\View.php(232): CodeIgniter\View\View->CodeIgniter\View\{closure}()
#3 D:\projects\gtren\system\View\View.php(487): CodeIgniter\View\View->render('commerce/templa...', NULL, true)
#4 D:\projects\gtren\app\Views\commerce\templates\index.php(21): CodeIgniter\View\View->include('commerce/templa...')
#5 D:\projects\gtren\system\View\View.php(230): include('D:\\projects\\gtr...')
#6 D:\projects\gtren\system\View\View.php(232): CodeIgniter\View\View->CodeIgniter\View\{closure}()
#7 D:\projects\gtren\system\View\View.php(246): CodeIgniter\View\View->render('commerce/templa...', Array, true)
#8 D:\projects\gtren\system\Common.php(1250): CodeIgniter\View\View->render('commerce/home', Array, true)
#9 D:\projects\gtren\app\Controllers\Product.php(52): view('commerce/home', Array)
#10 D:\projects\gtren\system\CodeIgniter.php(931): App\Controllers\Product->commerce()
#11 D:\projects\gtren\system\CodeIgniter.php(439): CodeIgniter\CodeIgniter->runController(Object(App\Controllers\Product))
#12 D:\projects\gtren\system\CodeIgniter.php(339): CodeIgniter\CodeIgniter->handleRequest(NULL, Object(Config\Cache), false)
#13 D:\projects\gtren\public\index.php(36): CodeIgniter\CodeIgniter->run()
#14 D:\projects\gtren\system\Commands\Server\rewrite.php(45): require_once('D:\\projects\\gtr...')
#15 {main}
CRITICAL - 2021-06-30 01:21:10 --> Undefined variable: i
#0 D:\projects\gtren\app\Views\commerce\templates\header.php(312): CodeIgniter\Debug\Exceptions->errorHandler(8, 'Undefined varia...', 'D:\\projects\\gtr...', 312, Array)
#1 D:\projects\gtren\system\View\View.php(230): include('D:\\projects\\gtr...')
#2 D:\projects\gtren\system\View\View.php(232): CodeIgniter\View\View->CodeIgniter\View\{closure}()
#3 D:\projects\gtren\system\View\View.php(487): CodeIgniter\View\View->render('commerce/templa...', NULL, true)
#4 D:\projects\gtren\app\Views\commerce\templates\index.php(21): CodeIgniter\View\View->include('commerce/templa...')
#5 D:\projects\gtren\system\View\View.php(230): include('D:\\projects\\gtr...')
#6 D:\projects\gtren\system\View\View.php(232): CodeIgniter\View\View->CodeIgniter\View\{closure}()
#7 D:\projects\gtren\system\View\View.php(246): CodeIgniter\View\View->render('commerce/templa...', Array, true)
#8 D:\projects\gtren\system\Common.php(1250): CodeIgniter\View\View->render('commerce/home', Array, true)
#9 D:\projects\gtren\app\Controllers\Product.php(52): view('commerce/home', Array)
#10 D:\projects\gtren\system\CodeIgniter.php(931): App\Controllers\Product->commerce()
#11 D:\projects\gtren\system\CodeIgniter.php(439): CodeIgniter\CodeIgniter->runController(Object(App\Controllers\Product))
#12 D:\projects\gtren\system\CodeIgniter.php(339): CodeIgniter\CodeIgniter->handleRequest(NULL, Object(Config\Cache), false)
#13 D:\projects\gtren\public\index.php(36): CodeIgniter\CodeIgniter->run()
#14 D:\projects\gtren\system\Commands\Server\rewrite.php(45): require_once('D:\\projects\\gtr...')
#15 {main}
CRITICAL - 2021-06-30 01:32:02 --> Undefined variable: kategori
#0 D:\projects\gtren\app\Views\commerce\templates\header.php(309): CodeIgniter\Debug\Exceptions->errorHandler(8, 'Undefined varia...', 'D:\\projects\\gtr...', 309, Array)
#1 D:\projects\gtren\system\View\View.php(230): include('D:\\projects\\gtr...')
#2 D:\projects\gtren\system\View\View.php(232): CodeIgniter\View\View->CodeIgniter\View\{closure}()
#3 D:\projects\gtren\system\View\View.php(487): CodeIgniter\View\View->render('commerce/templa...', NULL, true)
#4 D:\projects\gtren\app\Views\commerce\templates\index.php(21): CodeIgniter\View\View->include('commerce/templa...')
#5 D:\projects\gtren\system\View\View.php(230): include('D:\\projects\\gtr...')
#6 D:\projects\gtren\system\View\View.php(232): CodeIgniter\View\View->CodeIgniter\View\{closure}()
#7 D:\projects\gtren\system\View\View.php(246): CodeIgniter\View\View->render('commerce/templa...', Array, true)
#8 D:\projects\gtren\system\Common.php(1250): CodeIgniter\View\View->render('App\\Views\\comme...', Array, true)
#9 D:\projects\gtren\app\ThirdParty\myth-auth\src\Controllers\AuthController.php(429): view('App\\Views\\comme...', Array)
#10 D:\projects\gtren\app\ThirdParty\myth-auth\src\Controllers\AuthController.php(59): Myth\Auth\Controllers\AuthController->_render('App\\Views\\comme...', Array)
#11 D:\projects\gtren\system\CodeIgniter.php(931): Myth\Auth\Controllers\AuthController->login()
#12 D:\projects\gtren\system\CodeIgniter.php(439): CodeIgniter\CodeIgniter->runController(Object(Myth\Auth\Controllers\AuthController))
#13 D:\projects\gtren\system\CodeIgniter.php(339): CodeIgniter\CodeIgniter->handleRequest(NULL, Object(Config\Cache), false)
#14 D:\projects\gtren\public\index.php(36): CodeIgniter\CodeIgniter->run()
#15 D:\projects\gtren\system\Commands\Server\rewrite.php(45): require_once('D:\\projects\\gtr...')
#16 {main}
CRITICAL - 2021-06-30 01:33:31 --> Undefined variable: kategori
#0 D:\projects\gtren\app\Views\commerce\templates\header.php(324): CodeIgniter\Debug\Exceptions->errorHandler(8, 'Undefined varia...', 'D:\\projects\\gtr...', 324, Array)
#1 D:\projects\gtren\system\View\View.php(230): include('D:\\projects\\gtr...')
#2 D:\projects\gtren\system\View\View.php(232): CodeIgniter\View\View->CodeIgniter\View\{closure}()
#3 D:\projects\gtren\system\View\View.php(487): CodeIgniter\View\View->render('commerce/templa...', NULL, true)
#4 D:\projects\gtren\app\Views\commerce\templates\index.php(21): CodeIgniter\View\View->include('commerce/templa...')
#5 D:\projects\gtren\system\View\View.php(230): include('D:\\projects\\gtr...')
#6 D:\projects\gtren\system\View\View.php(232): CodeIgniter\View\View->CodeIgniter\View\{closure}()
#7 D:\projects\gtren\system\View\View.php(246): CodeIgniter\View\View->render('commerce/templa...', Array, true)
#8 D:\projects\gtren\system\Common.php(1250): CodeIgniter\View\View->render('App\\Views\\comme...', Array, true)
#9 D:\projects\gtren\app\ThirdParty\myth-auth\src\Controllers\AuthController.php(429): view('App\\Views\\comme...', Array)
#10 D:\projects\gtren\app\ThirdParty\myth-auth\src\Controllers\AuthController.php(59): Myth\Auth\Controllers\AuthController->_render('App\\Views\\comme...', Array)
#11 D:\projects\gtren\system\CodeIgniter.php(931): Myth\Auth\Controllers\AuthController->login()
#12 D:\projects\gtren\system\CodeIgniter.php(439): CodeIgniter\CodeIgniter->runController(Object(Myth\Auth\Controllers\AuthController))
#13 D:\projects\gtren\system\CodeIgniter.php(339): CodeIgniter\CodeIgniter->handleRequest(NULL, Object(Config\Cache), false)
#14 D:\projects\gtren\public\index.php(36): CodeIgniter\CodeIgniter->run()
#15 D:\projects\gtren\system\Commands\Server\rewrite.php(45): require_once('D:\\projects\\gtr...')
#16 {main}
CRITICAL - 2021-06-30 01:34:52 --> Invalid argument supplied for foreach()
#0 D:\projects\gtren\app\Views\commerce\account.php(105): CodeIgniter\Debug\Exceptions->errorHandler(2, 'Invalid argumen...', 'D:\\projects\\gtr...', 105, Array)
#1 D:\projects\gtren\system\View\View.php(230): include('D:\\projects\\gtr...')
#2 D:\projects\gtren\system\View\View.php(232): CodeIgniter\View\View->CodeIgniter\View\{closure}()
#3 D:\projects\gtren\system\Common.php(1250): CodeIgniter\View\View->render('commerce/accoun...', Array, true)
#4 D:\projects\gtren\app\Controllers\User.php(37): view('commerce/accoun...', Array)
#5 D:\projects\gtren\system\CodeIgniter.php(931): App\Controllers\User->tracking()
#6 D:\projects\gtren\system\CodeIgniter.php(439): CodeIgniter\CodeIgniter->runController(Object(App\Controllers\User))
#7 D:\projects\gtren\system\CodeIgniter.php(339): CodeIgniter\CodeIgniter->handleRequest(NULL, Object(Config\Cache), false)
#8 D:\projects\gtren\public\index.php(36): CodeIgniter\CodeIgniter->run()
#9 D:\projects\gtren\system\Commands\Server\rewrite.php(45): require_once('D:\\projects\\gtr...')
#10 {main}
CRITICAL - 2021-06-30 03:06:02 --> unlink(D:\projects\gtren\public/uploads/product_photos/): Is a directory
#0 [internal function]: CodeIgniter\Debug\Exceptions->errorHandler(2, 'unlink(D:\\proje...', 'D:\\projects\\gtr...', 252, Array)
#1 D:\projects\gtren\app\Controllers\Product.php(252): unlink('D:\\projects\\gtr...')
#2 D:\projects\gtren\system\CodeIgniter.php(931): App\Controllers\Product->delete_photo('270', '0')
#3 D:\projects\gtren\system\CodeIgniter.php(439): CodeIgniter\CodeIgniter->runController(Object(App\Controllers\Product))
#4 D:\projects\gtren\system\CodeIgniter.php(339): CodeIgniter\CodeIgniter->handleRequest(NULL, Object(Config\Cache), false)
#5 D:\projects\gtren\public\index.php(36): CodeIgniter\CodeIgniter->run()
#6 D:\projects\gtren\system\Commands\Server\rewrite.php(45): require_once('D:\\projects\\gtr...')
#7 {main}
ERROR - 2021-06-30 03:10:06 --> You have an error in your SQL syntax; check the manual that corresponds to your MariaDB server version for the right syntax to use near ')' at line 3
CRITICAL - 2021-06-30 03:10:06 --> You have an error in your SQL syntax; check the manual that corresponds to your MariaDB server version for the right syntax to use near ')' at line 3
#0 D:\projects\gtren\system\Database\MySQLi\Connection.php(329): mysqli->query('SELECT *\nFROM `...')
#1 D:\projects\gtren\system\Database\BaseConnection.php(732): CodeIgniter\Database\MySQLi\Connection->execute('SELECT *\nFROM `...')
#2 D:\projects\gtren\system\Database\BaseConnection.php(647): CodeIgniter\Database\BaseConnection->simpleQuery('SELECT *\nFROM `...')
#3 D:\projects\gtren\system\Database\BaseBuilder.php(1881): CodeIgniter\Database\BaseConnection->query('SELECT *\nFROM `...', Array, false)
#4 D:\projects\gtren\app\Controllers\Product.php(85): CodeIgniter\Database\BaseBuilder->get()
#5 D:\projects\gtren\system\CodeIgniter.php(931): App\Controllers\Product->edit('272')
#6 D:\projects\gtren\system\CodeIgniter.php(439): CodeIgniter\CodeIgniter->runController(Object(App\Controllers\Product))
#7 D:\projects\gtren\system\CodeIgniter.php(339): CodeIgniter\CodeIgniter->handleRequest(NULL, Object(Config\Cache), false)
#8 D:\projects\gtren\public\index.php(36): CodeIgniter\CodeIgniter->run()
#9 D:\projects\gtren\system\Commands\Server\rewrite.php(45): require_once('D:\\projects\\gtr...')
#10 {main}
ERROR - 2021-06-30 03:10:23 --> You have an error in your SQL syntax; check the manual that corresponds to your MariaDB server version for the right syntax to use near ')' at line 3
CRITICAL - 2021-06-30 03:10:23 --> You have an error in your SQL syntax; check the manual that corresponds to your MariaDB server version for the right syntax to use near ')' at line 3
#0 D:\projects\gtren\system\Database\MySQLi\Connection.php(329): mysqli->query('SELECT *\nFROM `...')
#1 D:\projects\gtren\system\Database\BaseConnection.php(732): CodeIgniter\Database\MySQLi\Connection->execute('SELECT *\nFROM `...')
#2 D:\projects\gtren\system\Database\BaseConnection.php(647): CodeIgniter\Database\BaseConnection->simpleQuery('SELECT *\nFROM `...')
#3 D:\projects\gtren\system\Database\BaseBuilder.php(1881): CodeIgniter\Database\BaseConnection->query('SELECT *\nFROM `...', Array, false)
#4 D:\projects\gtren\app\Controllers\Product.php(85): CodeIgniter\Database\BaseBuilder->get()
#5 D:\projects\gtren\system\CodeIgniter.php(931): App\Controllers\Product->edit('272')
#6 D:\projects\gtren\system\CodeIgniter.php(439): CodeIgniter\CodeIgniter->runController(Object(App\Controllers\Product))
#7 D:\projects\gtren\system\CodeIgniter.php(339): CodeIgniter\CodeIgniter->handleRequest(NULL, Object(Config\Cache), false)
#8 D:\projects\gtren\public\index.php(36): CodeIgniter\CodeIgniter->run()
#9 D:\projects\gtren\system\Commands\Server\rewrite.php(45): require_once('D:\\projects\\gtr...')
#10 {main}
CRITICAL - 2021-06-30 03:12:03 --> Argument 1 passed to CodeIgniter\BaseModel::replace() must be of the type array or null, object given, called in D:\projects\gtren\app\Controllers\Product.php on line 134
#0 D:\projects\gtren\app\Controllers\Product.php(134): CodeIgniter\BaseModel->replace(Object(App\Entities\Product))
#1 D:\projects\gtren\system\CodeIgniter.php(931): App\Controllers\Product->update('273')
#2 D:\projects\gtren\system\CodeIgniter.php(439): CodeIgniter\CodeIgniter->runController(Object(App\Controllers\Product))
#3 D:\projects\gtren\system\CodeIgniter.php(339): CodeIgniter\CodeIgniter->handleRequest(NULL, Object(Config\Cache), false)
#4 D:\projects\gtren\public\index.php(36): CodeIgniter\CodeIgniter->run()
#5 D:\projects\gtren\system\Commands\Server\rewrite.php(45): require_once('D:\\projects\\gtr...')
#6 {main}
CRITICAL - 2021-06-30 03:18:08 --> Argument 1 passed to CodeIgniter\BaseModel::replace() must be of the type array or null, object given, called in D:\projects\gtren\app\Controllers\Product.php on line 133
#0 D:\projects\gtren\app\Controllers\Product.php(133): CodeIgniter\BaseModel->replace(Object(App\Entities\Product))
#1 D:\projects\gtren\system\CodeIgniter.php(931): App\Controllers\Product->update('371')
#2 D:\projects\gtren\system\CodeIgniter.php(439): CodeIgniter\CodeIgniter->runController(Object(App\Controllers\Product))
#3 D:\projects\gtren\system\CodeIgniter.php(339): CodeIgniter\CodeIgniter->handleRequest(NULL, Object(Config\Cache), false)
#4 D:\projects\gtren\public\index.php(36): CodeIgniter\CodeIgniter->run()
#5 D:\projects\gtren\system\Commands\Server\rewrite.php(45): require_once('D:\\projects\\gtr...')
#6 {main}
ERROR - 2021-06-30 03:21:02 --> You have an error in your SQL syntax; check the manual that corresponds to your MariaDB server version for the right syntax to use near ')' at line 3
CRITICAL - 2021-06-30 03:21:02 --> You have an error in your SQL syntax; check the manual that corresponds to your MariaDB server version for the right syntax to use near ')' at line 3
#0 D:\projects\gtren\system\Database\MySQLi\Connection.php(329): mysqli->query('SELECT *\nFROM `...')
#1 D:\projects\gtren\system\Database\BaseConnection.php(732): CodeIgniter\Database\MySQLi\Connection->execute('SELECT *\nFROM `...')
#2 D:\projects\gtren\system\Database\BaseConnection.php(647): CodeIgniter\Database\BaseConnection->simpleQuery('SELECT *\nFROM `...')
#3 D:\projects\gtren\system\Database\BaseBuilder.php(1881): CodeIgniter\Database\BaseConnection->query('SELECT *\nFROM `...', Array, false)
#4 D:\projects\gtren\app\Controllers\Product.php(84): CodeIgniter\Database\BaseBuilder->get()
#5 D:\projects\gtren\system\CodeIgniter.php(931): App\Controllers\Product->edit('371')
#6 D:\projects\gtren\system\CodeIgniter.php(439): CodeIgniter\CodeIgniter->runController(Object(App\Controllers\Product))
#7 D:\projects\gtren\system\CodeIgniter.php(339): CodeIgniter\CodeIgniter->handleRequest(NULL, Object(Config\Cache), false)
#8 D:\projects\gtren\public\index.php(36): CodeIgniter\CodeIgniter->run()
#9 D:\projects\gtren\system\Commands\Server\rewrite.php(45): require_once('D:\\projects\\gtr...')
#10 {main}
ERROR - 2021-06-30 03:21:13 --> You have an error in your SQL syntax; check the manual that corresponds to your MariaDB server version for the right syntax to use near ')' at line 3
CRITICAL - 2021-06-30 03:21:13 --> You have an error in your SQL syntax; check the manual that corresponds to your MariaDB server version for the right syntax to use near ')' at line 3
#0 D:\projects\gtren\system\Database\MySQLi\Connection.php(329): mysqli->query('SELECT *\nFROM `...')
#1 D:\projects\gtren\system\Database\BaseConnection.php(732): CodeIgniter\Database\MySQLi\Connection->execute('SELECT *\nFROM `...')
#2 D:\projects\gtren\system\Database\BaseConnection.php(647): CodeIgniter\Database\BaseConnection->simpleQuery('SELECT *\nFROM `...')
#3 D:\projects\gtren\system\Database\BaseBuilder.php(1881): CodeIgniter\Database\BaseConnection->query('SELECT *\nFROM `...', Array, false)
#4 D:\projects\gtren\app\Controllers\Product.php(84): CodeIgniter\Database\BaseBuilder->get()
#5 D:\projects\gtren\system\CodeIgniter.php(931): App\Controllers\Product->edit('371')
#6 D:\projects\gtren\system\CodeIgniter.php(439): CodeIgniter\CodeIgniter->runController(Object(App\Controllers\Product))
#7 D:\projects\gtren\system\CodeIgniter.php(339): CodeIgniter\CodeIgniter->handleRequest(NULL, Object(Config\Cache), false)
#8 D:\projects\gtren\public\index.php(36): CodeIgniter\CodeIgniter->run()
#9 D:\projects\gtren\system\Commands\Server\rewrite.php(45): require_once('D:\\projects\\gtr...')
#10 {main}
ERROR - 2021-06-30 03:21:31 --> You have an error in your SQL syntax; check the manual that corresponds to your MariaDB server version for the right syntax to use near ')' at line 3
CRITICAL - 2021-06-30 03:21:31 --> You have an error in your SQL syntax; check the manual that corresponds to your MariaDB server version for the right syntax to use near ')' at line 3
#0 D:\projects\gtren\system\Database\MySQLi\Connection.php(329): mysqli->query('SELECT *\nFROM `...')
#1 D:\projects\gtren\system\Database\BaseConnection.php(732): CodeIgniter\Database\MySQLi\Connection->execute('SELECT *\nFROM `...')
#2 D:\projects\gtren\system\Database\BaseConnection.php(647): CodeIgniter\Database\BaseConnection->simpleQuery('SELECT *\nFROM `...')
#3 D:\projects\gtren\system\Database\BaseBuilder.php(1881): CodeIgniter\Database\BaseConnection->query('SELECT *\nFROM `...', Array, false)
#4 D:\projects\gtren\app\Controllers\Product.php(84): CodeIgniter\Database\BaseBuilder->get()
#5 D:\projects\gtren\system\CodeIgniter.php(931): App\Controllers\Product->edit('371')
#6 D:\projects\gtren\system\CodeIgniter.php(439): CodeIgniter\CodeIgniter->runController(Object(App\Controllers\Product))
#7 D:\projects\gtren\system\CodeIgniter.php(339): CodeIgniter\CodeIgniter->handleRequest(NULL, Object(Config\Cache), false)
#8 D:\projects\gtren\public\index.php(36): CodeIgniter\CodeIgniter->run()
#9 D:\projects\gtren\system\Commands\Server\rewrite.php(45): require_once('D:\\projects\\gtr...')
#10 {main}
ERROR - 2021-06-30 03:24:47 --> You have an error in your SQL syntax; check the manual that corresponds to your MariaDB server version for the right syntax to use near ')' at line 3
CRITICAL - 2021-06-30 03:24:47 --> You have an error in your SQL syntax; check the manual that corresponds to your MariaDB server version for the right syntax to use near ')' at line 3
#0 D:\projects\gtren\system\Database\MySQLi\Connection.php(329): mysqli->query('SELECT *\nFROM `...')
#1 D:\projects\gtren\system\Database\BaseConnection.php(732): CodeIgniter\Database\MySQLi\Connection->execute('SELECT *\nFROM `...')
#2 D:\projects\gtren\system\Database\BaseConnection.php(647): CodeIgniter\Database\BaseConnection->simpleQuery('SELECT *\nFROM `...')
#3 D:\projects\gtren\system\Database\BaseBuilder.php(1881): CodeIgniter\Database\BaseConnection->query('SELECT *\nFROM `...', Array, false)
#4 D:\projects\gtren\app\Controllers\Product.php(83): CodeIgniter\Database\BaseBuilder->get()
#5 D:\projects\gtren\system\CodeIgniter.php(931): App\Controllers\Product->edit('371')
#6 D:\projects\gtren\system\CodeIgniter.php(439): CodeIgniter\CodeIgniter->runController(Object(App\Controllers\Product))
#7 D:\projects\gtren\system\CodeIgniter.php(339): CodeIgniter\CodeIgniter->handleRequest(NULL, Object(Config\Cache), false)
#8 D:\projects\gtren\public\index.php(36): CodeIgniter\CodeIgniter->run()
#9 D:\projects\gtren\system\Commands\Server\rewrite.php(45): require_once('D:\\projects\\gtr...')
#10 {main}
CRITICAL - 2021-06-30 03:29:43 --> syntax error, unexpected '!==' (T_IS_NOT_IDENTICAL)
#0 D:\projects\gtren\system\Autoloader\Autoloader.php(282): CodeIgniter\Autoloader\Autoloader->includeFile('D:\\projects\\gtr...')
#1 D:\projects\gtren\system\Autoloader\Autoloader.php(247): CodeIgniter\Autoloader\Autoloader->loadInNamespace('App\\Controllers...')
#2 [internal function]: CodeIgniter\Autoloader\Autoloader->loadClass('App\\Controllers...')
#3 [internal function]: spl_autoload_call('App\\Controllers...')
#4 D:\projects\gtren\system\CodeIgniter.php(888): class_exists('\\App\\Controller...', true)
#5 D:\projects\gtren\system\CodeIgniter.php(424): CodeIgniter\CodeIgniter->startController()
#6 D:\projects\gtren\system\CodeIgniter.php(339): CodeIgniter\CodeIgniter->handleRequest(NULL, Object(Config\Cache), false)
#7 D:\projects\gtren\public\index.php(36): CodeIgniter\CodeIgniter->run()
#8 D:\projects\gtren\system\Commands\Server\rewrite.php(45): require_once('D:\\projects\\gtr...')
#9 {main}
CRITICAL - 2021-06-30 03:39:02 --> syntax error, unexpected 'unset' (T_UNSET)
#0 D:\projects\gtren\system\Autoloader\Autoloader.php(282): CodeIgniter\Autoloader\Autoloader->includeFile('D:\\projects\\gtr...')
#1 D:\projects\gtren\system\Autoloader\Autoloader.php(247): CodeIgniter\Autoloader\Autoloader->loadInNamespace('App\\Controllers...')
#2 [internal function]: CodeIgniter\Autoloader\Autoloader->loadClass('App\\Controllers...')
#3 [internal function]: spl_autoload_call('App\\Controllers...')
#4 D:\projects\gtren\system\CodeIgniter.php(888): class_exists('\\App\\Controller...', true)
#5 D:\projects\gtren\system\CodeIgniter.php(424): CodeIgniter\CodeIgniter->startController()
#6 D:\projects\gtren\system\CodeIgniter.php(339): CodeIgniter\CodeIgniter->handleRequest(NULL, Object(Config\Cache), false)
#7 D:\projects\gtren\public\index.php(36): CodeIgniter\CodeIgniter->run()
#8 D:\projects\gtren\system\Commands\Server\rewrite.php(45): require_once('D:\\projects\\gtr...')
#9 {main}
CRITICAL - 2021-06-30 03:51:42 --> explode() expects parameter 2 to be string, array given
#0 [internal function]: CodeIgniter\Debug\Exceptions->errorHandler(2, 'explode() expec...', 'D:\\projects\\gtr...', 126, Array)
#1 D:\projects\gtren\app\Controllers\Product.php(126): explode(',', Array)
#2 D:\projects\gtren\system\CodeIgniter.php(931): App\Controllers\Product->update('372')
#3 D:\projects\gtren\system\CodeIgniter.php(439): CodeIgniter\CodeIgniter->runController(Object(App\Controllers\Product))
#4 D:\projects\gtren\system\CodeIgniter.php(339): CodeIgniter\CodeIgniter->handleRequest(NULL, Object(Config\Cache), false)
#5 D:\projects\gtren\public\index.php(36): CodeIgniter\CodeIgniter->run()
#6 D:\projects\gtren\system\Commands\Server\rewrite.php(45): require_once('D:\\projects\\gtr...')
#7 {main}
CRITICAL - 2021-06-30 03:52:19 --> Undefined variable: data
#0 D:\projects\gtren\app\Controllers\Product.php(127): CodeIgniter\Debug\Exceptions->errorHandler(8, 'Undefined varia...', 'D:\\projects\\gtr...', 127, Array)
#1 D:\projects\gtren\system\CodeIgniter.php(931): App\Controllers\Product->update('372')
#2 D:\projects\gtren\system\CodeIgniter.php(439): CodeIgniter\CodeIgniter->runController(Object(App\Controllers\Product))
#3 D:\projects\gtren\system\CodeIgniter.php(339): CodeIgniter\CodeIgniter->handleRequest(NULL, Object(Config\Cache), false)
#4 D:\projects\gtren\public\index.php(36): CodeIgniter\CodeIgniter->run()
#5 D:\projects\gtren\system\Commands\Server\rewrite.php(45): require_once('D:\\projects\\gtr...')
#6 {main}
CRITICAL - 2021-06-30 03:58:51 --> array_replace(): Expected parameter 2 to be an array, string given
#0 [internal function]: CodeIgniter\Debug\Exceptions->errorHandler(2, 'array_replace()...', 'D:\\projects\\gtr...', 106, Array)
#1 D:\projects\gtren\app\Controllers\Product.php(106): array_replace(Array, '1,2,3')
#2 D:\projects\gtren\system\CodeIgniter.php(931): App\Controllers\Product->update('372')
#3 D:\projects\gtren\system\CodeIgniter.php(439): CodeIgniter\CodeIgniter->runController(Object(App\Controllers\Product))
#4 D:\projects\gtren\system\CodeIgniter.php(339): CodeIgniter\CodeIgniter->handleRequest(NULL, Object(Config\Cache), false)
#5 D:\projects\gtren\public\index.php(36): CodeIgniter\CodeIgniter->run()
#6 D:\projects\gtren\system\Commands\Server\rewrite.php(45): require_once('D:\\projects\\gtr...')
#7 {main}
CRITICAL - 2021-06-30 04:00:38 --> array_filter() expects parameter 1 to be array, string given
#0 [internal function]: CodeIgniter\Debug\Exceptions->errorHandler(2, 'array_filter() ...', 'D:\\projects\\gtr...', 106, Array)
#1 D:\projects\gtren\app\Controllers\Product.php(106): array_filter('', 'strlen')
#2 D:\projects\gtren\system\CodeIgniter.php(931): App\Controllers\Product->update('372')
#3 D:\projects\gtren\system\CodeIgniter.php(439): CodeIgniter\CodeIgniter->runController(Object(App\Controllers\Product))
#4 D:\projects\gtren\system\CodeIgniter.php(339): CodeIgniter\CodeIgniter->handleRequest(NULL, Object(Config\Cache), false)
#5 D:\projects\gtren\public\index.php(36): CodeIgniter\CodeIgniter->run()
#6 D:\projects\gtren\system\Commands\Server\rewrite.php(45): require_once('D:\\projects\\gtr...')
#7 {main}
CRITICAL - 2021-06-30 04:13:21 --> array_push() expects parameter 1 to be array, null given
#0 [internal function]: CodeIgniter\Debug\Exceptions->errorHandler(2, 'array_push() ex...', 'D:\\projects\\gtr...', 111, Array)
#1 D:\projects\gtren\app\Controllers\Product.php(111): array_push(NULL, '2,4,8,9')
#2 D:\projects\gtren\system\CodeIgniter.php(931): App\Controllers\Product->update('372')
#3 D:\projects\gtren\system\CodeIgniter.php(439): CodeIgniter\CodeIgniter->runController(Object(App\Controllers\Product))
#4 D:\projects\gtren\system\CodeIgniter.php(339): CodeIgniter\CodeIgniter->handleRequest(NULL, Object(Config\Cache), false)
#5 D:\projects\gtren\public\index.php(36): CodeIgniter\CodeIgniter->run()
#6 D:\projects\gtren\system\Commands\Server\rewrite.php(45): require_once('D:\\projects\\gtr...')
#7 {main}
CRITICAL - 2021-06-30 14:26:05 --> Call to a member function getCategory() on null
#0 D:\projects\gtren\system\View\View.php(230): include()
#1 D:\projects\gtren\system\View\View.php(232): CodeIgniter\View\View->CodeIgniter\View\{closure}()
#2 D:\projects\gtren\system\Common.php(1250): CodeIgniter\View\View->render('commerce/produc...', Array, true)
#3 D:\projects\gtren\app\Controllers\Product.php(61): view('commerce/produc...', Array)
#4 D:\projects\gtren\system\CodeIgniter.php(931): App\Controllers\Product->detail('1625001783_33ed...')
#5 D:\projects\gtren\system\CodeIgniter.php(439): CodeIgniter\CodeIgniter->runController(Object(App\Controllers\Product))
#6 D:\projects\gtren\system\CodeIgniter.php(339): CodeIgniter\CodeIgniter->handleRequest(NULL, Object(Config\Cache), false)
#7 D:\projects\gtren\public\index.php(36): CodeIgniter\CodeIgniter->run()
#8 D:\projects\gtren\system\Commands\Server\rewrite.php(45): require_once('D:\\projects\\gtr...')
#9 {main}
CRITICAL - 2021-06-30 14:26:06 --> Call to a member function getCategory() on null
#0 D:\projects\gtren\system\View\View.php(230): include()
#1 D:\projects\gtren\system\View\View.php(232): CodeIgniter\View\View->CodeIgniter\View\{closure}()
#2 D:\projects\gtren\system\Common.php(1250): CodeIgniter\View\View->render('commerce/produc...', Array, true)
#3 D:\projects\gtren\app\Controllers\Product.php(61): view('commerce/produc...', Array)
#4 D:\projects\gtren\system\CodeIgniter.php(931): App\Controllers\Product->detail('1625001783_8928...')
#5 D:\projects\gtren\system\CodeIgniter.php(439): CodeIgniter\CodeIgniter->runController(Object(App\Controllers\Product))
#6 D:\projects\gtren\system\CodeIgniter.php(339): CodeIgniter\CodeIgniter->handleRequest(NULL, Object(Config\Cache), false)
#7 D:\projects\gtren\public\index.php(36): CodeIgniter\CodeIgniter->run()
#8 D:\projects\gtren\system\Commands\Server\rewrite.php(45): require_once('D:\\projects\\gtr...')
#9 {main}
CRITICAL - 2021-06-30 14:26:06 --> Call to a member function getCategory() on null
#0 D:\projects\gtren\system\View\View.php(230): include()
#1 D:\projects\gtren\system\View\View.php(232): CodeIgniter\View\View->CodeIgniter\View\{closure}()
#2 D:\projects\gtren\system\Common.php(1250): CodeIgniter\View\View->render('commerce/produc...', Array, true)
#3 D:\projects\gtren\app\Controllers\Product.php(61): view('commerce/produc...', Array)
#4 D:\projects\gtren\system\CodeIgniter.php(931): App\Controllers\Product->detail('1625001783_3390...')
#5 D:\projects\gtren\system\CodeIgniter.php(439): CodeIgniter\CodeIgniter->runController(Object(App\Controllers\Product))
#6 D:\projects\gtren\system\CodeIgniter.php(339): CodeIgniter\CodeIgniter->handleRequest(NULL, Object(Config\Cache), false)
#7 D:\projects\gtren\public\index.php(36): CodeIgniter\CodeIgniter->run()
#8 D:\projects\gtren\system\Commands\Server\rewrite.php(45): require_once('D:\\projects\\gtr...')
#9 {main}
CRITICAL - 2021-06-30 14:26:06 --> Call to a member function getCategory() on null
#0 D:\projects\gtren\system\View\View.php(230): include()
#1 D:\projects\gtren\system\View\View.php(232): CodeIgniter\View\View->CodeIgniter\View\{closure}()
#2 D:\projects\gtren\system\Common.php(1250): CodeIgniter\View\View->render('commerce/produc...', Array, true)
#3 D:\projects\gtren\app\Controllers\Product.php(61): view('commerce/produc...', Array)
#4 D:\projects\gtren\system\CodeIgniter.php(931): App\Controllers\Product->detail('1625001783_91c9...')
#5 D:\projects\gtren\system\CodeIgniter.php(439): CodeIgniter\CodeIgniter->runController(Object(App\Controllers\Product))
#6 D:\projects\gtren\system\CodeIgniter.php(339): CodeIgniter\CodeIgniter->handleRequest(NULL, Object(Config\Cache), false)
#7 D:\projects\gtren\public\index.php(36): CodeIgniter\CodeIgniter->run()
#8 D:\projects\gtren\system\Commands\Server\rewrite.php(45): require_once('D:\\projects\\gtr...')
#9 {main}
CRITICAL - 2021-06-30 14:26:10 --> Call to a member function getCategory() on null
#0 D:\projects\gtren\system\View\View.php(230): include()
#1 D:\projects\gtren\system\View\View.php(232): CodeIgniter\View\View->CodeIgniter\View\{closure}()
#2 D:\projects\gtren\system\Common.php(1250): CodeIgniter\View\View->render('commerce/produc...', Array, true)
#3 D:\projects\gtren\app\Controllers\Product.php(61): view('commerce/produc...', Array)
#4 D:\projects\gtren\system\CodeIgniter.php(931): App\Controllers\Product->detail('1625001783_33ed...')
#5 D:\projects\gtren\system\CodeIgniter.php(439): CodeIgniter\CodeIgniter->runController(Object(App\Controllers\Product))
#6 D:\projects\gtren\system\CodeIgniter.php(339): CodeIgniter\CodeIgniter->handleRequest(NULL, Object(Config\Cache), false)
#7 D:\projects\gtren\public\index.php(36): CodeIgniter\CodeIgniter->run()
#8 D:\projects\gtren\system\Commands\Server\rewrite.php(45): require_once('D:\\projects\\gtr...')
#9 {main}
CRITICAL - 2021-06-30 14:26:12 --> Call to a member function getCategory() on null
#0 D:\projects\gtren\system\View\View.php(230): include()
#1 D:\projects\gtren\system\View\View.php(232): CodeIgniter\View\View->CodeIgniter\View\{closure}()
#2 D:\projects\gtren\system\Common.php(1250): CodeIgniter\View\View->render('commerce/produc...', Array, true)
#3 D:\projects\gtren\app\Controllers\Product.php(61): view('commerce/produc...', Array)
#4 D:\projects\gtren\system\CodeIgniter.php(931): App\Controllers\Product->detail('1625001783_91c9...')
#5 D:\projects\gtren\system\CodeIgniter.php(439): CodeIgniter\CodeIgniter->runController(Object(App\Controllers\Product))
#6 D:\projects\gtren\system\CodeIgniter.php(339): CodeIgniter\CodeIgniter->handleRequest(NULL, Object(Config\Cache), false)
#7 D:\projects\gtren\public\index.php(36): CodeIgniter\CodeIgniter->run()
#8 D:\projects\gtren\system\Commands\Server\rewrite.php(45): require_once('D:\\projects\\gtr...')
#9 {main}
CRITICAL - 2021-06-30 14:26:12 --> Call to a member function getCategory() on null
#0 D:\projects\gtren\system\View\View.php(230): include()
#1 D:\projects\gtren\system\View\View.php(232): CodeIgniter\View\View->CodeIgniter\View\{closure}()
#2 D:\projects\gtren\system\Common.php(1250): CodeIgniter\View\View->render('commerce/produc...', Array, true)
#3 D:\projects\gtren\app\Controllers\Product.php(61): view('commerce/produc...', Array)
#4 D:\projects\gtren\system\CodeIgniter.php(931): App\Controllers\Product->detail('1625001783_3390...')
#5 D:\projects\gtren\system\CodeIgniter.php(439): CodeIgniter\CodeIgniter->runController(Object(App\Controllers\Product))
#6 D:\projects\gtren\system\CodeIgniter.php(339): CodeIgniter\CodeIgniter->handleRequest(NULL, Object(Config\Cache), false)
#7 D:\projects\gtren\public\index.php(36): CodeIgniter\CodeIgniter->run()
#8 D:\projects\gtren\system\Commands\Server\rewrite.php(45): require_once('D:\\projects\\gtr...')
#9 {main}
CRITICAL - 2021-06-30 14:26:13 --> Call to a member function getCategory() on null
#0 D:\projects\gtren\system\View\View.php(230): include()
#1 D:\projects\gtren\system\View\View.php(232): CodeIgniter\View\View->CodeIgniter\View\{closure}()
#2 D:\projects\gtren\system\Common.php(1250): CodeIgniter\View\View->render('commerce/produc...', Array, true)
#3 D:\projects\gtren\app\Controllers\Product.php(61): view('commerce/produc...', Array)
#4 D:\projects\gtren\system\CodeIgniter.php(931): App\Controllers\Product->detail('1625001783_8928...')
#5 D:\projects\gtren\system\CodeIgniter.php(439): CodeIgniter\CodeIgniter->runController(Object(App\Controllers\Product))
#6 D:\projects\gtren\system\CodeIgniter.php(339): CodeIgniter\CodeIgniter->handleRequest(NULL, Object(Config\Cache), false)
#7 D:\projects\gtren\public\index.php(36): CodeIgniter\CodeIgniter->run()
#8 D:\projects\gtren\system\Commands\Server\rewrite.php(45): require_once('D:\\projects\\gtr...')
#9 {main}
CRITICAL - 2021-06-30 14:26:22 --> Call to a member function getCategory() on null
#0 D:\projects\gtren\system\View\View.php(230): include()
#1 D:\projects\gtren\system\View\View.php(232): CodeIgniter\View\View->CodeIgniter\View\{closure}()
#2 D:\projects\gtren\system\Common.php(1250): CodeIgniter\View\View->render('commerce/produc...', Array, true)
#3 D:\projects\gtren\app\Controllers\Product.php(61): view('commerce/produc...', Array)
#4 D:\projects\gtren\system\CodeIgniter.php(931): App\Controllers\Product->detail('1625001783_91c9...')
#5 D:\projects\gtren\system\CodeIgniter.php(439): CodeIgniter\CodeIgniter->runController(Object(App\Controllers\Product))
#6 D:\projects\gtren\system\CodeIgniter.php(339): CodeIgniter\CodeIgniter->handleRequest(NULL, Object(Config\Cache), false)
#7 D:\projects\gtren\public\index.php(36): CodeIgniter\CodeIgniter->run()
#8 D:\projects\gtren\system\Commands\Server\rewrite.php(45): require_once('D:\\projects\\gtr...')
#9 {main}
CRITICAL - 2021-06-30 14:26:23 --> Call to a member function getCategory() on null
#0 D:\projects\gtren\system\View\View.php(230): include()
#1 D:\projects\gtren\system\View\View.php(232): CodeIgniter\View\View->CodeIgniter\View\{closure}()
#2 D:\projects\gtren\system\Common.php(1250): CodeIgniter\View\View->render('commerce/produc...', Array, true)
#3 D:\projects\gtren\app\Controllers\Product.php(61): view('commerce/produc...', Array)
#4 D:\projects\gtren\system\CodeIgniter.php(931): App\Controllers\Product->detail('1625001783_3390...')
#5 D:\projects\gtren\system\CodeIgniter.php(439): CodeIgniter\CodeIgniter->runController(Object(App\Controllers\Product))
#6 D:\projects\gtren\system\CodeIgniter.php(339): CodeIgniter\CodeIgniter->handleRequest(NULL, Object(Config\Cache), false)
#7 D:\projects\gtren\public\index.php(36): CodeIgniter\CodeIgniter->run()
#8 D:\projects\gtren\system\Commands\Server\rewrite.php(45): require_once('D:\\projects\\gtr...')
#9 {main}
CRITICAL - 2021-06-30 14:26:23 --> Call to a member function getCategory() on null
#0 D:\projects\gtren\system\View\View.php(230): include()
#1 D:\projects\gtren\system\View\View.php(232): CodeIgniter\View\View->CodeIgniter\View\{closure}()
#2 D:\projects\gtren\system\Common.php(1250): CodeIgniter\View\View->render('commerce/produc...', Array, true)
#3 D:\projects\gtren\app\Controllers\Product.php(61): view('commerce/produc...', Array)
#4 D:\projects\gtren\system\CodeIgniter.php(931): App\Controllers\Product->detail('1625001783_8928...')
#5 D:\projects\gtren\system\CodeIgniter.php(439): CodeIgniter\CodeIgniter->runController(Object(App\Controllers\Product))
#6 D:\projects\gtren\system\CodeIgniter.php(339): CodeIgniter\CodeIgniter->handleRequest(NULL, Object(Config\Cache), false)
#7 D:\projects\gtren\public\index.php(36): CodeIgniter\CodeIgniter->run()
#8 D:\projects\gtren\system\Commands\Server\rewrite.php(45): require_once('D:\\projects\\gtr...')
#9 {main}
CRITICAL - 2021-06-30 14:26:23 --> Call to a member function getCategory() on null
#0 D:\projects\gtren\system\View\View.php(230): include()
#1 D:\projects\gtren\system\View\View.php(232): CodeIgniter\View\View->CodeIgniter\View\{closure}()
#2 D:\projects\gtren\system\Common.php(1250): CodeIgniter\View\View->render('commerce/produc...', Array, true)
#3 D:\projects\gtren\app\Controllers\Product.php(61): view('commerce/produc...', Array)
#4 D:\projects\gtren\system\CodeIgniter.php(931): App\Controllers\Product->detail('1625001783_33ed...')
#5 D:\projects\gtren\system\CodeIgniter.php(439): CodeIgniter\CodeIgniter->runController(Object(App\Controllers\Product))
#6 D:\projects\gtren\system\CodeIgniter.php(339): CodeIgniter\CodeIgniter->handleRequest(NULL, Object(Config\Cache), false)
#7 D:\projects\gtren\public\index.php(36): CodeIgniter\CodeIgniter->run()
#8 D:\projects\gtren\system\Commands\Server\rewrite.php(45): require_once('D:\\projects\\gtr...')
#9 {main}
CRITICAL - 2021-06-30 14:26:33 --> Call to a member function getCategory() on null
#0 D:\projects\gtren\system\View\View.php(230): include()
#1 D:\projects\gtren\system\View\View.php(232): CodeIgniter\View\View->CodeIgniter\View\{closure}()
#2 D:\projects\gtren\system\Common.php(1250): CodeIgniter\View\View->render('commerce/produc...', Array, true)
#3 D:\projects\gtren\app\Controllers\Product.php(61): view('commerce/produc...', Array)
#4 D:\projects\gtren\system\CodeIgniter.php(931): App\Controllers\Product->detail('1625001783_33ed...')
#5 D:\projects\gtren\system\CodeIgniter.php(439): CodeIgniter\CodeIgniter->runController(Object(App\Controllers\Product))
#6 D:\projects\gtren\system\CodeIgniter.php(339): CodeIgniter\CodeIgniter->handleRequest(NULL, Object(Config\Cache), false)
#7 D:\projects\gtren\public\index.php(36): CodeIgniter\CodeIgniter->run()
#8 D:\projects\gtren\system\Commands\Server\rewrite.php(45): require_once('D:\\projects\\gtr...')
#9 {main}
CRITICAL - 2021-06-30 14:26:34 --> Call to a member function getCategory() on null
#0 D:\projects\gtren\system\View\View.php(230): include()
#1 D:\projects\gtren\system\View\View.php(232): CodeIgniter\View\View->CodeIgniter\View\{closure}()
#2 D:\projects\gtren\system\Common.php(1250): CodeIgniter\View\View->render('commerce/produc...', Array, true)
#3 D:\projects\gtren\app\Controllers\Product.php(61): view('commerce/produc...', Array)
#4 D:\projects\gtren\system\CodeIgniter.php(931): App\Controllers\Product->detail('1625001783_91c9...')
#5 D:\projects\gtren\system\CodeIgniter.php(439): CodeIgniter\CodeIgniter->runController(Object(App\Controllers\Product))
#6 D:\projects\gtren\system\CodeIgniter.php(339): CodeIgniter\CodeIgniter->handleRequest(NULL, Object(Config\Cache), false)
#7 D:\projects\gtren\public\index.php(36): CodeIgniter\CodeIgniter->run()
#8 D:\projects\gtren\system\Commands\Server\rewrite.php(45): require_once('D:\\projects\\gtr...')
#9 {main}
CRITICAL - 2021-06-30 14:26:35 --> Call to a member function getCategory() on null
#0 D:\projects\gtren\system\View\View.php(230): include()
#1 D:\projects\gtren\system\View\View.php(232): CodeIgniter\View\View->CodeIgniter\View\{closure}()
#2 D:\projects\gtren\system\Common.php(1250): CodeIgniter\View\View->render('commerce/produc...', Array, true)
#3 D:\projects\gtren\app\Controllers\Product.php(61): view('commerce/produc...', Array)
#4 D:\projects\gtren\system\CodeIgniter.php(931): App\Controllers\Product->detail('1625001783_3390...')
#5 D:\projects\gtren\system\CodeIgniter.php(439): CodeIgniter\CodeIgniter->runController(Object(App\Controllers\Product))
#6 D:\projects\gtren\system\CodeIgniter.php(339): CodeIgniter\CodeIgniter->handleRequest(NULL, Object(Config\Cache), false)
#7 D:\projects\gtren\public\index.php(36): CodeIgniter\CodeIgniter->run()
#8 D:\projects\gtren\system\Commands\Server\rewrite.php(45): require_once('D:\\projects\\gtr...')
#9 {main}
CRITICAL - 2021-06-30 14:26:35 --> Call to a member function getCategory() on null
#0 D:\projects\gtren\system\View\View.php(230): include()
#1 D:\projects\gtren\system\View\View.php(232): CodeIgniter\View\View->CodeIgniter\View\{closure}()
#2 D:\projects\gtren\system\Common.php(1250): CodeIgniter\View\View->render('commerce/produc...', Array, true)
#3 D:\projects\gtren\app\Controllers\Product.php(61): view('commerce/produc...', Array)
#4 D:\projects\gtren\system\CodeIgniter.php(931): App\Controllers\Product->detail('1625001783_8928...')
#5 D:\projects\gtren\system\CodeIgniter.php(439): CodeIgniter\CodeIgniter->runController(Object(App\Controllers\Product))
#6 D:\projects\gtren\system\CodeIgniter.php(339): CodeIgniter\CodeIgniter->handleRequest(NULL, Object(Config\Cache), false)
#7 D:\projects\gtren\public\index.php(36): CodeIgniter\CodeIgniter->run()
#8 D:\projects\gtren\system\Commands\Server\rewrite.php(45): require_once('D:\\projects\\gtr...')
#9 {main}
CRITICAL - 2021-06-30 14:26:53 --> Call to a member function getCategory() on null
#0 D:\projects\gtren\system\View\View.php(230): include()
#1 D:\projects\gtren\system\View\View.php(232): CodeIgniter\View\View->CodeIgniter\View\{closure}()
#2 D:\projects\gtren\system\Common.php(1250): CodeIgniter\View\View->render('commerce/produc...', Array, true)
#3 D:\projects\gtren\app\Controllers\Product.php(61): view('commerce/produc...', Array)
#4 D:\projects\gtren\system\CodeIgniter.php(931): App\Controllers\Product->detail('1624999514_e301...')
#5 D:\projects\gtren\system\CodeIgniter.php(439): CodeIgniter\CodeIgniter->runController(Object(App\Controllers\Product))
#6 D:\projects\gtren\system\CodeIgniter.php(339): CodeIgniter\CodeIgniter->handleRequest(NULL, Object(Config\Cache), false)
#7 D:\projects\gtren\public\index.php(36): CodeIgniter\CodeIgniter->run()
#8 D:\projects\gtren\system\Commands\Server\rewrite.php(45): require_once('D:\\projects\\gtr...')
#9 {main}
CRITICAL - 2021-06-30 14:26:53 --> Call to a member function getCategory() on null
#0 D:\projects\gtren\system\View\View.php(230): include()
#1 D:\projects\gtren\system\View\View.php(232): CodeIgniter\View\View->CodeIgniter\View\{closure}()
#2 D:\projects\gtren\system\Common.php(1250): CodeIgniter\View\View->render('commerce/produc...', Array, true)
#3 D:\projects\gtren\app\Controllers\Product.php(61): view('commerce/produc...', Array)
#4 D:\projects\gtren\system\CodeIgniter.php(931): App\Controllers\Product->detail('1624999514_919b...')
#5 D:\projects\gtren\system\CodeIgniter.php(439): CodeIgniter\CodeIgniter->runController(Object(App\Controllers\Product))
#6 D:\projects\gtren\system\CodeIgniter.php(339): CodeIgniter\CodeIgniter->handleRequest(NULL, Object(Config\Cache), false)
#7 D:\projects\gtren\public\index.php(36): CodeIgniter\CodeIgniter->run()
#8 D:\projects\gtren\system\Commands\Server\rewrite.php(45): require_once('D:\\projects\\gtr...')
#9 {main}
CRITICAL - 2021-06-30 14:26:54 --> Call to a member function getCategory() on null
#0 D:\projects\gtren\system\View\View.php(230): include()
#1 D:\projects\gtren\system\View\View.php(232): CodeIgniter\View\View->CodeIgniter\View\{closure}()
#2 D:\projects\gtren\system\Common.php(1250): CodeIgniter\View\View->render('commerce/produc...', Array, true)
#3 D:\projects\gtren\app\Controllers\Product.php(61): view('commerce/produc...', Array)
#4 D:\projects\gtren\system\CodeIgniter.php(931): App\Controllers\Product->detail('1624999514_c512...')
#5 D:\projects\gtren\system\CodeIgniter.php(439): CodeIgniter\CodeIgniter->runController(Object(App\Controllers\Product))
#6 D:\projects\gtren\system\CodeIgniter.php(339): CodeIgniter\CodeIgniter->handleRequest(NULL, Object(Config\Cache), false)
#7 D:\projects\gtren\public\index.php(36): CodeIgniter\CodeIgniter->run()
#8 D:\projects\gtren\system\Commands\Server\rewrite.php(45): require_once('D:\\projects\\gtr...')
#9 {main}
CRITICAL - 2021-06-30 14:26:55 --> Call to a member function getCategory() on null
#0 D:\projects\gtren\system\View\View.php(230): include()
#1 D:\projects\gtren\system\View\View.php(232): CodeIgniter\View\View->CodeIgniter\View\{closure}()
#2 D:\projects\gtren\system\Common.php(1250): CodeIgniter\View\View->render('commerce/produc...', Array, true)
#3 D:\projects\gtren\app\Controllers\Product.php(61): view('commerce/produc...', Array)
#4 D:\projects\gtren\system\CodeIgniter.php(931): App\Controllers\Product->detail('1624999514_bdee...')
#5 D:\projects\gtren\system\CodeIgniter.php(439): CodeIgniter\CodeIgniter->runController(Object(App\Controllers\Product))
#6 D:\projects\gtren\system\CodeIgniter.php(339): CodeIgniter\CodeIgniter->handleRequest(NULL, Object(Config\Cache), false)
#7 D:\projects\gtren\public\index.php(36): CodeIgniter\CodeIgniter->run()
#8 D:\projects\gtren\system\Commands\Server\rewrite.php(45): require_once('D:\\projects\\gtr...')
#9 {main}
CRITICAL - 2021-06-30 14:26:57 --> Call to a member function getCategory() on null
#0 D:\projects\gtren\system\View\View.php(230): include()
#1 D:\projects\gtren\system\View\View.php(232): CodeIgniter\View\View->CodeIgniter\View\{closure}()
#2 D:\projects\gtren\system\Common.php(1250): CodeIgniter\View\View->render('commerce/produc...', Array, true)
#3 D:\projects\gtren\app\Controllers\Product.php(61): view('commerce/produc...', Array)
#4 D:\projects\gtren\system\CodeIgniter.php(931): App\Controllers\Product->detail('1624999514_e301...')
#5 D:\projects\gtren\system\CodeIgniter.php(439): CodeIgniter\CodeIgniter->runController(Object(App\Controllers\Product))
#6 D:\projects\gtren\system\CodeIgniter.php(339): CodeIgniter\CodeIgniter->handleRequest(NULL, Object(Config\Cache), false)
#7 D:\projects\gtren\public\index.php(36): CodeIgniter\CodeIgniter->run()
#8 D:\projects\gtren\system\Commands\Server\rewrite.php(45): require_once('D:\\projects\\gtr...')
#9 {main}
