CRITICAL - 2021-07-03 15:49:19 --> Undefined variable: addresses
#0 D:\projects\gtren\app\Views\commerce\account.php(265): CodeIgniter\Debug\Exceptions->errorHandler(8, 'Undefined varia...', 'D:\\projects\\gtr...', 265, Array)
#1 D:\projects\gtren\system\View\View.php(230): include('D:\\projects\\gtr...')
#2 D:\projects\gtren\system\View\View.php(232): CodeIgniter\View\View->CodeIgniter\View\{closure}()
#3 D:\projects\gtren\system\Common.php(1250): CodeIgniter\View\View->render('commerce/accoun...', Array, true)
#4 D:\projects\gtren\app\Controllers\User.php(106): view('commerce/accoun...', Array)
#5 D:\projects\gtren\system\CodeIgniter.php(931): App\Controllers\User->address()
#6 D:\projects\gtren\system\CodeIgniter.php(439): CodeIgniter\CodeIgniter->runController(Object(App\Controllers\User))
#7 D:\projects\gtren\system\CodeIgniter.php(339): CodeIgniter\CodeIgniter->handleRequest(NULL, Object(Config\Cache), false)
#8 D:\projects\gtren\public\index.php(36): CodeIgniter\CodeIgniter->run()
#9 D:\projects\gtren\system\Commands\Server\rewrite.php(45): require_once('D:\\projects\\gtr...')
#10 {main}
CRITICAL - 2021-07-03 16:14:24 --> count(): Parameter must be an array or an object that implements Countable
#0 D:\projects\gtren\app\Views\commerce\home.php(41): CodeIgniter\Debug\Exceptions->errorHandler(2, 'count(): Parame...', 'D:\\projects\\gtr...', 41, Array)
#1 D:\projects\gtren\system\View\View.php(230): include('D:\\projects\\gtr...')
#2 D:\projects\gtren\system\View\View.php(232): CodeIgniter\View\View->CodeIgniter\View\{closure}()
#3 D:\projects\gtren\system\Common.php(1250): CodeIgniter\View\View->render('commerce/home', Array, true)
#4 D:\projects\gtren\app\Controllers\Product.php(52): view('commerce/home', Array)
#5 D:\projects\gtren\system\CodeIgniter.php(931): App\Controllers\Product->commerce()
#6 D:\projects\gtren\system\CodeIgniter.php(439): CodeIgniter\CodeIgniter->runController(Object(App\Controllers\Product))
#7 D:\projects\gtren\system\CodeIgniter.php(339): CodeIgniter\CodeIgniter->handleRequest(NULL, Object(Config\Cache), false)
#8 D:\projects\gtren\public\index.php(36): CodeIgniter\CodeIgniter->run()
#9 D:\projects\gtren\system\Commands\Server\rewrite.php(45): require_once('D:\\projects\\gtr...')
#10 {main}
CRITICAL - 2021-07-03 16:32:01 --> Argument 2 passed to CodeIgniter\Router\RouteCollection::resource() must be of the type array or null, string given, called in D:\projects\gtren\app\Config\Routes.php on line 122
#0 D:\projects\gtren\app\Config\Routes.php(122): CodeIgniter\Router\RouteCollection->resource('kategori', 'Category')
#1 D:\projects\gtren\system\Router\RouteCollection.php(749): CodeIgniter\CodeIgniter->Config\{closure}(Object(CodeIgniter\Router\RouteCollection))
#2 D:\projects\gtren\app\Config\Routes.php(144): CodeIgniter\Router\RouteCollection->group('', Object(Closure))
#3 D:\projects\gtren\system\CodeIgniter.php(799): require('D:\\projects\\gtr...')
#4 D:\projects\gtren\system\CodeIgniter.php(392): CodeIgniter\CodeIgniter->tryToRouteIt(Object(CodeIgniter\Router\RouteCollection))
#5 D:\projects\gtren\system\CodeIgniter.php(339): CodeIgniter\CodeIgniter->handleRequest(NULL, Object(Config\Cache), false)
#6 D:\projects\gtren\public\index.php(36): CodeIgniter\CodeIgniter->run()
#7 D:\projects\gtren\system\Commands\Server\rewrite.php(45): require_once('D:\\projects\\gtr...')
#8 {main}
CRITICAL - 2021-07-03 16:32:51 --> Argument 2 passed to CodeIgniter\Router\RouteCollection::resource() must be of the type array or null, string given, called in D:\projects\gtren\app\Config\Routes.php on line 122
#0 D:\projects\gtren\app\Config\Routes.php(122): CodeIgniter\Router\RouteCollection->resource('kategori', 'Category')
#1 D:\projects\gtren\system\Router\RouteCollection.php(749): CodeIgniter\CodeIgniter->Config\{closure}(Object(CodeIgniter\Router\RouteCollection))
#2 D:\projects\gtren\app\Config\Routes.php(144): CodeIgniter\Router\RouteCollection->group('', Object(Closure))
#3 D:\projects\gtren\system\CodeIgniter.php(799): require('D:\\projects\\gtr...')
#4 D:\projects\gtren\system\CodeIgniter.php(392): CodeIgniter\CodeIgniter->tryToRouteIt(Object(CodeIgniter\Router\RouteCollection))
#5 D:\projects\gtren\system\CodeIgniter.php(339): CodeIgniter\CodeIgniter->handleRequest(NULL, Object(Config\Cache), false)
#6 D:\projects\gtren\public\index.php(36): CodeIgniter\CodeIgniter->run()
#7 D:\projects\gtren\system\Commands\Server\rewrite.php(45): require_once('D:\\projects\\gtr...')
#8 {main}
CRITICAL - 2021-07-03 17:30:22 --> Undefined variable: segment
#0 D:\projects\gtren\app\Views\dashboard.php(47): CodeIgniter\Debug\Exceptions->errorHandler(8, 'Undefined varia...', 'D:\\projects\\gtr...', 47, Array)
#1 D:\projects\gtren\system\View\View.php(230): include('D:\\projects\\gtr...')
#2 D:\projects\gtren\system\View\View.php(232): CodeIgniter\View\View->CodeIgniter\View\{closure}()
#3 D:\projects\gtren\system\Common.php(1250): CodeIgniter\View\View->render('dashboard', Array, true)
#4 D:\projects\gtren\app\Controllers\Dashboard.php(10): view('dashboard')
#5 D:\projects\gtren\system\CodeIgniter.php(931): App\Controllers\Dashboard->index()
#6 D:\projects\gtren\system\CodeIgniter.php(439): CodeIgniter\CodeIgniter->runController(Object(App\Controllers\Dashboard))
#7 D:\projects\gtren\system\CodeIgniter.php(339): CodeIgniter\CodeIgniter->handleRequest(NULL, Object(Config\Cache), false)
#8 D:\projects\gtren\public\index.php(36): CodeIgniter\CodeIgniter->run()
#9 D:\projects\gtren\system\Commands\Server\rewrite.php(45): require_once('D:\\projects\\gtr...')
#10 {main}
CRITICAL - 2021-07-03 17:30:37 --> Undefined variable: segment
#0 D:\projects\gtren\app\Views\dashboard.php(47): CodeIgniter\Debug\Exceptions->errorHandler(8, 'Undefined varia...', 'D:\\projects\\gtr...', 47, Array)
#1 D:\projects\gtren\system\View\View.php(230): include('D:\\projects\\gtr...')
#2 D:\projects\gtren\system\View\View.php(232): CodeIgniter\View\View->CodeIgniter\View\{closure}()
#3 D:\projects\gtren\system\Common.php(1250): CodeIgniter\View\View->render('dashboard', Array, true)
#4 D:\projects\gtren\app\Controllers\Dashboard.php(10): view('dashboard', Array)
#5 D:\projects\gtren\system\CodeIgniter.php(931): App\Controllers\Dashboard->index()
#6 D:\projects\gtren\system\CodeIgniter.php(439): CodeIgniter\CodeIgniter->runController(Object(App\Controllers\Dashboard))
#7 D:\projects\gtren\system\CodeIgniter.php(339): CodeIgniter\CodeIgniter->handleRequest(NULL, Object(Config\Cache), false)
#8 D:\projects\gtren\public\index.php(36): CodeIgniter\CodeIgniter->run()
#9 D:\projects\gtren\system\Commands\Server\rewrite.php(45): require_once('D:\\projects\\gtr...')
#10 {main}
CRITICAL - 2021-07-03 17:30:41 --> Undefined variable: segment
#0 D:\projects\gtren\app\Views\dashboard.php(47): CodeIgniter\Debug\Exceptions->errorHandler(8, 'Undefined varia...', 'D:\\projects\\gtr...', 47, Array)
#1 D:\projects\gtren\system\View\View.php(230): include('D:\\projects\\gtr...')
#2 D:\projects\gtren\system\View\View.php(232): CodeIgniter\View\View->CodeIgniter\View\{closure}()
#3 D:\projects\gtren\system\Common.php(1250): CodeIgniter\View\View->render('dashboard', Array, true)
#4 D:\projects\gtren\app\Controllers\Dashboard.php(10): view('dashboard', Array)
#5 D:\projects\gtren\system\CodeIgniter.php(931): App\Controllers\Dashboard->index()
#6 D:\projects\gtren\system\CodeIgniter.php(439): CodeIgniter\CodeIgniter->runController(Object(App\Controllers\Dashboard))
#7 D:\projects\gtren\system\CodeIgniter.php(339): CodeIgniter\CodeIgniter->handleRequest(NULL, Object(Config\Cache), false)
#8 D:\projects\gtren\public\index.php(36): CodeIgniter\CodeIgniter->run()
#9 D:\projects\gtren\system\Commands\Server\rewrite.php(45): require_once('D:\\projects\\gtr...')
#10 {main}
CRITICAL - 2021-07-03 17:31:51 --> Undefined variable: segments
#0 D:\projects\gtren\app\Views\dashboard.php(47): CodeIgniter\Debug\Exceptions->errorHandler(8, 'Undefined varia...', 'D:\\projects\\gtr...', 47, Array)
#1 D:\projects\gtren\system\View\View.php(230): include('D:\\projects\\gtr...')
#2 D:\projects\gtren\system\View\View.php(232): CodeIgniter\View\View->CodeIgniter\View\{closure}()
#3 D:\projects\gtren\system\View\View.php(246): CodeIgniter\View\View->render('dashboard', Array, true)
#4 D:\projects\gtren\system\Common.php(1250): CodeIgniter\View\View->render('db_admin/produk...', Array, true)
#5 D:\projects\gtren\app\Controllers\Category.php(21): view('db_admin/produk...', Array)
#6 D:\projects\gtren\system\CodeIgniter.php(931): App\Controllers\Category->index()
#7 D:\projects\gtren\system\CodeIgniter.php(439): CodeIgniter\CodeIgniter->runController(Object(App\Controllers\Category))
#8 D:\projects\gtren\system\CodeIgniter.php(339): CodeIgniter\CodeIgniter->handleRequest(NULL, Object(Config\Cache), false)
#9 D:\projects\gtren\public\index.php(36): CodeIgniter\CodeIgniter->run()
#10 D:\projects\gtren\system\Commands\Server\rewrite.php(45): require_once('D:\\projects\\gtr...')
#11 {main}
CRITICAL - 2021-07-03 17:32:21 --> Undefined variable: segments
#0 D:\projects\gtren\app\Views\dashboard.php(47): CodeIgniter\Debug\Exceptions->errorHandler(8, 'Undefined varia...', 'D:\\projects\\gtr...', 47, Array)
#1 D:\projects\gtren\system\View\View.php(230): include('D:\\projects\\gtr...')
#2 D:\projects\gtren\system\View\View.php(232): CodeIgniter\View\View->CodeIgniter\View\{closure}()
#3 D:\projects\gtren\system\View\View.php(246): CodeIgniter\View\View->render('dashboard', Array, true)
#4 D:\projects\gtren\system\Common.php(1250): CodeIgniter\View\View->render('db_admin/produk...', Array, true)
#5 D:\projects\gtren\app\Controllers\Category.php(21): view('db_admin/produk...', Array)
#6 D:\projects\gtren\system\CodeIgniter.php(931): App\Controllers\Category->index()
#7 D:\projects\gtren\system\CodeIgniter.php(439): CodeIgniter\CodeIgniter->runController(Object(App\Controllers\Category))
#8 D:\projects\gtren\system\CodeIgniter.php(339): CodeIgniter\CodeIgniter->handleRequest(NULL, Object(Config\Cache), false)
#9 D:\projects\gtren\public\index.php(36): CodeIgniter\CodeIgniter->run()
#10 D:\projects\gtren\system\Commands\Server\rewrite.php(45): require_once('D:\\projects\\gtr...')
#11 {main}
CRITICAL - 2021-07-03 17:32:35 --> Undefined variable: segments
#0 D:\projects\gtren\app\Views\dashboard.php(47): CodeIgniter\Debug\Exceptions->errorHandler(8, 'Undefined varia...', 'D:\\projects\\gtr...', 47, Array)
#1 D:\projects\gtren\system\View\View.php(230): include('D:\\projects\\gtr...')
#2 D:\projects\gtren\system\View\View.php(232): CodeIgniter\View\View->CodeIgniter\View\{closure}()
#3 D:\projects\gtren\system\View\View.php(246): CodeIgniter\View\View->render('dashboard', Array, true)
#4 D:\projects\gtren\system\Common.php(1250): CodeIgniter\View\View->render('db_admin/produk...', Array, true)
#5 D:\projects\gtren\app\Controllers\Category.php(21): view('db_admin/produk...', Array)
#6 D:\projects\gtren\system\CodeIgniter.php(931): App\Controllers\Category->index()
#7 D:\projects\gtren\system\CodeIgniter.php(439): CodeIgniter\CodeIgniter->runController(Object(App\Controllers\Category))
#8 D:\projects\gtren\system\CodeIgniter.php(339): CodeIgniter\CodeIgniter->handleRequest(NULL, Object(Config\Cache), false)
#9 D:\projects\gtren\public\index.php(36): CodeIgniter\CodeIgniter->run()
#10 D:\projects\gtren\system\Commands\Server\rewrite.php(45): require_once('D:\\projects\\gtr...')
#11 {main}
CRITICAL - 2021-07-03 17:33:17 --> syntax error, unexpected '&&' (T_BOOLEAN_AND)
#0 D:\projects\gtren\system\View\View.php(232): CodeIgniter\View\View->CodeIgniter\View\{closure}()
#1 D:\projects\gtren\system\View\View.php(246): CodeIgniter\View\View->render('dashboard', Array, true)
#2 D:\projects\gtren\system\Common.php(1250): CodeIgniter\View\View->render('db_admin/produk...', Array, true)
#3 D:\projects\gtren\app\Controllers\Category.php(21): view('db_admin/produk...', Array)
#4 D:\projects\gtren\system\CodeIgniter.php(931): App\Controllers\Category->index()
#5 D:\projects\gtren\system\CodeIgniter.php(439): CodeIgniter\CodeIgniter->runController(Object(App\Controllers\Category))
#6 D:\projects\gtren\system\CodeIgniter.php(339): CodeIgniter\CodeIgniter->handleRequest(NULL, Object(Config\Cache), false)
#7 D:\projects\gtren\public\index.php(36): CodeIgniter\CodeIgniter->run()
#8 D:\projects\gtren\system\Commands\Server\rewrite.php(45): require_once('D:\\projects\\gtr...')
#9 {main}
CRITICAL - 2021-07-03 17:33:33 --> syntax error, unexpected ':'
#0 D:\projects\gtren\system\View\View.php(232): CodeIgniter\View\View->CodeIgniter\View\{closure}()
#1 D:\projects\gtren\system\View\View.php(246): CodeIgniter\View\View->render('dashboard', Array, true)
#2 D:\projects\gtren\system\Common.php(1250): CodeIgniter\View\View->render('db_admin/produk...', Array, true)
#3 D:\projects\gtren\app\Controllers\Category.php(21): view('db_admin/produk...', Array)
#4 D:\projects\gtren\system\CodeIgniter.php(931): App\Controllers\Category->index()
#5 D:\projects\gtren\system\CodeIgniter.php(439): CodeIgniter\CodeIgniter->runController(Object(App\Controllers\Category))
#6 D:\projects\gtren\system\CodeIgniter.php(339): CodeIgniter\CodeIgniter->handleRequest(NULL, Object(Config\Cache), false)
#7 D:\projects\gtren\public\index.php(36): CodeIgniter\CodeIgniter->run()
#8 D:\projects\gtren\system\Commands\Server\rewrite.php(45): require_once('D:\\projects\\gtr...')
#9 {main}
CRITICAL - 2021-07-03 17:33:41 --> Undefined variable: segments
#0 D:\projects\gtren\app\Views\dashboard.php(47): CodeIgniter\Debug\Exceptions->errorHandler(8, 'Undefined varia...', 'D:\\projects\\gtr...', 47, Array)
#1 D:\projects\gtren\system\View\View.php(230): include('D:\\projects\\gtr...')
#2 D:\projects\gtren\system\View\View.php(232): CodeIgniter\View\View->CodeIgniter\View\{closure}()
#3 D:\projects\gtren\system\View\View.php(246): CodeIgniter\View\View->render('dashboard', Array, true)
#4 D:\projects\gtren\system\Common.php(1250): CodeIgniter\View\View->render('db_admin/produk...', Array, true)
#5 D:\projects\gtren\app\Controllers\Category.php(21): view('db_admin/produk...', Array)
#6 D:\projects\gtren\system\CodeIgniter.php(931): App\Controllers\Category->index()
#7 D:\projects\gtren\system\CodeIgniter.php(439): CodeIgniter\CodeIgniter->runController(Object(App\Controllers\Category))
#8 D:\projects\gtren\system\CodeIgniter.php(339): CodeIgniter\CodeIgniter->handleRequest(NULL, Object(Config\Cache), false)
#9 D:\projects\gtren\public\index.php(36): CodeIgniter\CodeIgniter->run()
#10 D:\projects\gtren\system\Commands\Server\rewrite.php(45): require_once('D:\\projects\\gtr...')
#11 {main}
CRITICAL - 2021-07-03 17:54:30 --> Class 'Myth\Models\UserModel' not found
#0 D:\projects\gtren\system\CodeIgniter.php(903): App\Controllers\User->__construct()
#1 D:\projects\gtren\system\CodeIgniter.php(429): CodeIgniter\CodeIgniter->createController()
#2 D:\projects\gtren\system\CodeIgniter.php(339): CodeIgniter\CodeIgniter->handleRequest(NULL, Object(Config\Cache), false)
#3 D:\projects\gtren\public\index.php(36): CodeIgniter\CodeIgniter->run()
#4 D:\projects\gtren\system\Commands\Server\rewrite.php(45): require_once('D:\\projects\\gtr...')
#5 {main}
CRITICAL - 2021-07-03 17:54:59 --> Class 'App\ThirdParty\Myth\Models\UserModel' not found
#0 D:\projects\gtren\system\CodeIgniter.php(903): App\Controllers\User->__construct()
#1 D:\projects\gtren\system\CodeIgniter.php(429): CodeIgniter\CodeIgniter->createController()
#2 D:\projects\gtren\system\CodeIgniter.php(339): CodeIgniter\CodeIgniter->handleRequest(NULL, Object(Config\Cache), false)
#3 D:\projects\gtren\public\index.php(36): CodeIgniter\CodeIgniter->run()
#4 D:\projects\gtren\system\Commands\Server\rewrite.php(45): require_once('D:\\projects\\gtr...')
#5 {main}
CRITICAL - 2021-07-03 18:00:06 --> Cannot declare class App\Controllers\User because the name is already in use
#0 [internal function]: CodeIgniter\Debug\Exceptions->shutdownHandler()
#1 {main}
CRITICAL - 2021-07-03 18:02:11 --> Call to undefined function App\Controllers\setProfile()
#0 D:\projects\gtren\system\CodeIgniter.php(931): App\Controllers\User->account()
#1 D:\projects\gtren\system\CodeIgniter.php(439): CodeIgniter\CodeIgniter->runController(Object(App\Controllers\User))
#2 D:\projects\gtren\system\CodeIgniter.php(339): CodeIgniter\CodeIgniter->handleRequest(NULL, Object(Config\Cache), false)
#3 D:\projects\gtren\public\index.php(36): CodeIgniter\CodeIgniter->run()
#4 D:\projects\gtren\system\Commands\Server\rewrite.php(45): require_once('D:\\projects\\gtr...')
#5 {main}
CRITICAL - 2021-07-03 18:02:41 --> Call to undefined function App\Controllers\setProfile()
#0 D:\projects\gtren\system\CodeIgniter.php(931): App\Controllers\User->account()
#1 D:\projects\gtren\system\CodeIgniter.php(439): CodeIgniter\CodeIgniter->runController(Object(App\Controllers\User))
#2 D:\projects\gtren\system\CodeIgniter.php(339): CodeIgniter\CodeIgniter->handleRequest(NULL, Object(Config\Cache), false)
#3 D:\projects\gtren\public\index.php(36): CodeIgniter\CodeIgniter->run()
#4 D:\projects\gtren\system\Commands\Server\rewrite.php(45): require_once('D:\\projects\\gtr...')
#5 {main}
CRITICAL - 2021-07-03 18:12:33 --> syntax error, unexpected 'user' (T_STRING)
#0 D:\projects\gtren\system\Autoloader\Autoloader.php(282): CodeIgniter\Autoloader\Autoloader->includeFile('D:\\projects\\gtr...')
#1 D:\projects\gtren\system\Autoloader\Autoloader.php(247): CodeIgniter\Autoloader\Autoloader->loadInNamespace('App\\Controllers...')
#2 [internal function]: CodeIgniter\Autoloader\Autoloader->loadClass('App\\Controllers...')
#3 [internal function]: spl_autoload_call('App\\Controllers...')
#4 D:\projects\gtren\system\CodeIgniter.php(888): class_exists('\\App\\Controller...', true)
#5 D:\projects\gtren\system\CodeIgniter.php(424): CodeIgniter\CodeIgniter->startController()
#6 D:\projects\gtren\system\CodeIgniter.php(339): CodeIgniter\CodeIgniter->handleRequest(NULL, Object(Config\Cache), false)
#7 D:\projects\gtren\public\index.php(36): CodeIgniter\CodeIgniter->run()
#8 D:\projects\gtren\system\Commands\Server\rewrite.php(45): require_once('D:\\projects\\gtr...')
#9 {main}
CRITICAL - 2021-07-03 18:13:13 --> syntax error, unexpected 'user' (T_STRING)
#0 D:\projects\gtren\system\Autoloader\Autoloader.php(282): CodeIgniter\Autoloader\Autoloader->includeFile('D:\\projects\\gtr...')
#1 D:\projects\gtren\system\Autoloader\Autoloader.php(247): CodeIgniter\Autoloader\Autoloader->loadInNamespace('App\\Controllers...')
#2 [internal function]: CodeIgniter\Autoloader\Autoloader->loadClass('App\\Controllers...')
#3 [internal function]: spl_autoload_call('App\\Controllers...')
#4 D:\projects\gtren\system\CodeIgniter.php(888): class_exists('\\App\\Controller...', true)
#5 D:\projects\gtren\system\CodeIgniter.php(424): CodeIgniter\CodeIgniter->startController()
#6 D:\projects\gtren\system\CodeIgniter.php(339): CodeIgniter\CodeIgniter->handleRequest(NULL, Object(Config\Cache), false)
#7 D:\projects\gtren\public\index.php(36): CodeIgniter\CodeIgniter->run()
#8 D:\projects\gtren\system\Commands\Server\rewrite.php(45): require_once('D:\\projects\\gtr...')
#9 {main}
CRITICAL - 2021-07-03 18:18:41 --> Trying to get property 'password' of non-object
#0 D:\projects\gtren\app\ThirdParty\myth-auth\src\Entities\User.php(80): CodeIgniter\Debug\Exceptions->errorHandler(8, 'Trying to get p...', 'D:\\projects\\gtr...', 80, Array)
#1 D:\projects\gtren\app\Controllers\User.php(130): Myth\Auth\Entities\User->setProfile(Array)
#2 D:\projects\gtren\system\CodeIgniter.php(931): App\Controllers\User->set_profile()
#3 D:\projects\gtren\system\CodeIgniter.php(439): CodeIgniter\CodeIgniter->runController(Object(App\Controllers\User))
#4 D:\projects\gtren\system\CodeIgniter.php(339): CodeIgniter\CodeIgniter->handleRequest(NULL, Object(Config\Cache), false)
#5 D:\projects\gtren\public\index.php(36): CodeIgniter\CodeIgniter->run()
#6 D:\projects\gtren\system\Commands\Server\rewrite.php(45): require_once('D:\\projects\\gtr...')
#7 {main}
