CRITICAL - 2021-06-19 13:27:31 --> Maximum execution time of 60 seconds exceeded
#0 [internal function]: CodeIgniter\Debug\Exceptions->shutdownHandler()
#1 {main}
CRITICAL - 2021-06-19 13:29:16 --> number_format() expects parameter 1 to be float, string given
#0 [internal function]: CodeIgniter\Debug\Exceptions->errorHandler(2, 'number_format()...', 'D:\\projects\\gtr...', 69, Array)
#1 D:\projects\gtren\app\Views\db_admin\produk\produk_list.php(69): number_format('kj')
#2 D:\projects\gtren\system\View\View.php(230): include('D:\\projects\\gtr...')
#3 D:\projects\gtren\system\View\View.php(232): CodeIgniter\View\View->CodeIgniter\View\{closure}()
#4 D:\projects\gtren\system\Common.php(1250): CodeIgniter\View\View->render('db_admin/produk...', Array, true)
#5 D:\projects\gtren\app\Controllers\Product.php(34): view('db_admin/produk...', Array)
#6 D:\projects\gtren\system\CodeIgniter.php(931): App\Controllers\Product->index()
#7 D:\projects\gtren\system\CodeIgniter.php(439): CodeIgniter\CodeIgniter->runController(Object(App\Controllers\Product))
#8 D:\projects\gtren\system\CodeIgniter.php(339): CodeIgniter\CodeIgniter->handleRequest(NULL, Object(Config\Cache), false)
#9 D:\projects\gtren\public\index.php(36): CodeIgniter\CodeIgniter->run()
#10 D:\projects\gtren\system\Commands\Server\rewrite.php(45): require_once('D:\\projects\\gtr...')
#11 {main}
CRITICAL - 2021-06-19 13:29:32 --> number_format() expects parameter 1 to be float, string given
#0 [internal function]: CodeIgniter\Debug\Exceptions->errorHandler(2, 'number_format()...', 'D:\\projects\\gtr...', 69, Array)
#1 D:\projects\gtren\app\Views\db_admin\produk\produk_list.php(69): number_format('kj')
#2 D:\projects\gtren\system\View\View.php(230): include('D:\\projects\\gtr...')
#3 D:\projects\gtren\system\View\View.php(232): CodeIgniter\View\View->CodeIgniter\View\{closure}()
#4 D:\projects\gtren\system\Common.php(1250): CodeIgniter\View\View->render('db_admin/produk...', Array, true)
#5 D:\projects\gtren\app\Controllers\Product.php(34): view('db_admin/produk...', Array)
#6 D:\projects\gtren\system\CodeIgniter.php(931): App\Controllers\Product->index()
#7 D:\projects\gtren\system\CodeIgniter.php(439): CodeIgniter\CodeIgniter->runController(Object(App\Controllers\Product))
#8 D:\projects\gtren\system\CodeIgniter.php(339): CodeIgniter\CodeIgniter->handleRequest(NULL, Object(Config\Cache), false)
#9 D:\projects\gtren\public\index.php(36): CodeIgniter\CodeIgniter->run()
#10 D:\projects\gtren\system\Commands\Server\rewrite.php(45): require_once('D:\\projects\\gtr...')
#11 {main}
CRITICAL - 2021-06-19 13:29:37 --> number_format() expects parameter 1 to be float, string given
#0 [internal function]: CodeIgniter\Debug\Exceptions->errorHandler(2, 'number_format()...', 'D:\\projects\\gtr...', 69, Array)
#1 D:\projects\gtren\app\Views\db_admin\produk\produk_list.php(69): number_format('kj')
#2 D:\projects\gtren\system\View\View.php(230): include('D:\\projects\\gtr...')
#3 D:\projects\gtren\system\View\View.php(232): CodeIgniter\View\View->CodeIgniter\View\{closure}()
#4 D:\projects\gtren\system\Common.php(1250): CodeIgniter\View\View->render('db_admin/produk...', Array, true)
#5 D:\projects\gtren\app\Controllers\Product.php(34): view('db_admin/produk...', Array)
#6 D:\projects\gtren\system\CodeIgniter.php(931): App\Controllers\Product->index()
#7 D:\projects\gtren\system\CodeIgniter.php(439): CodeIgniter\CodeIgniter->runController(Object(App\Controllers\Product))
#8 D:\projects\gtren\system\CodeIgniter.php(339): CodeIgniter\CodeIgniter->handleRequest(NULL, Object(Config\Cache), false)
#9 D:\projects\gtren\public\index.php(36): CodeIgniter\CodeIgniter->run()
#10 D:\projects\gtren\system\Commands\Server\rewrite.php(45): require_once('D:\\projects\\gtr...')
#11 {main}
CRITICAL - 2021-06-19 13:29:44 --> number_format() expects parameter 1 to be float, string given
#0 [internal function]: CodeIgniter\Debug\Exceptions->errorHandler(2, 'number_format()...', 'D:\\projects\\gtr...', 69, Array)
#1 D:\projects\gtren\app\Views\db_admin\produk\produk_list.php(69): number_format('kj')
#2 D:\projects\gtren\system\View\View.php(230): include('D:\\projects\\gtr...')
#3 D:\projects\gtren\system\View\View.php(232): CodeIgniter\View\View->CodeIgniter\View\{closure}()
#4 D:\projects\gtren\system\Common.php(1250): CodeIgniter\View\View->render('db_admin/produk...', Array, true)
#5 D:\projects\gtren\app\Controllers\Product.php(34): view('db_admin/produk...', Array)
#6 D:\projects\gtren\system\CodeIgniter.php(931): App\Controllers\Product->index()
#7 D:\projects\gtren\system\CodeIgniter.php(439): CodeIgniter\CodeIgniter->runController(Object(App\Controllers\Product))
#8 D:\projects\gtren\system\CodeIgniter.php(339): CodeIgniter\CodeIgniter->handleRequest(NULL, Object(Config\Cache), false)
#9 D:\projects\gtren\public\index.php(36): CodeIgniter\CodeIgniter->run()
#10 D:\projects\gtren\system\Commands\Server\rewrite.php(45): require_once('D:\\projects\\gtr...')
#11 {main}
CRITICAL - 2021-06-19 13:40:54 --> Undefined property: stdClass::$photo
#0 D:\projects\gtren\app\Views\db_admin\produk\produk_list.php(62): CodeIgniter\Debug\Exceptions->errorHandler(8, 'Undefined prope...', 'D:\\projects\\gtr...', 62, Array)
#1 D:\projects\gtren\system\View\View.php(230): include('D:\\projects\\gtr...')
#2 D:\projects\gtren\system\View\View.php(232): CodeIgniter\View\View->CodeIgniter\View\{closure}()
#3 D:\projects\gtren\system\Common.php(1250): CodeIgniter\View\View->render('db_admin/produk...', Array, true)
#4 D:\projects\gtren\app\Controllers\Product.php(34): view('db_admin/produk...', Array)
#5 D:\projects\gtren\system\CodeIgniter.php(931): App\Controllers\Product->index()
#6 D:\projects\gtren\system\CodeIgniter.php(439): CodeIgniter\CodeIgniter->runController(Object(App\Controllers\Product))
#7 D:\projects\gtren\system\CodeIgniter.php(339): CodeIgniter\CodeIgniter->handleRequest(NULL, Object(Config\Cache), false)
#8 D:\projects\gtren\public\index.php(36): CodeIgniter\CodeIgniter->run()
#9 D:\projects\gtren\system\Commands\Server\rewrite.php(45): require_once('D:\\projects\\gtr...')
#10 {main}
CRITICAL - 2021-06-19 13:41:42 --> Undefined property: stdClass::$photo
#0 D:\projects\gtren\app\Views\db_admin\produk\produk_list.php(65): CodeIgniter\Debug\Exceptions->errorHandler(8, 'Undefined prope...', 'D:\\projects\\gtr...', 65, Array)
#1 D:\projects\gtren\system\View\View.php(230): include('D:\\projects\\gtr...')
#2 D:\projects\gtren\system\View\View.php(232): CodeIgniter\View\View->CodeIgniter\View\{closure}()
#3 D:\projects\gtren\system\Common.php(1250): CodeIgniter\View\View->render('db_admin/produk...', Array, true)
#4 D:\projects\gtren\app\Controllers\Product.php(34): view('db_admin/produk...', Array)
#5 D:\projects\gtren\system\CodeIgniter.php(931): App\Controllers\Product->index()
#6 D:\projects\gtren\system\CodeIgniter.php(439): CodeIgniter\CodeIgniter->runController(Object(App\Controllers\Product))
#7 D:\projects\gtren\system\CodeIgniter.php(339): CodeIgniter\CodeIgniter->handleRequest(NULL, Object(Config\Cache), false)
#8 D:\projects\gtren\public\index.php(36): CodeIgniter\CodeIgniter->run()
#9 D:\projects\gtren\system\Commands\Server\rewrite.php(45): require_once('D:\\projects\\gtr...')
#10 {main}
CRITICAL - 2021-06-19 13:42:16 --> Undefined property: stdClass::$photo
#0 D:\projects\gtren\app\Views\db_admin\produk\produk_list.php(65): CodeIgniter\Debug\Exceptions->errorHandler(8, 'Undefined prope...', 'D:\\projects\\gtr...', 65, Array)
#1 D:\projects\gtren\system\View\View.php(230): include('D:\\projects\\gtr...')
#2 D:\projects\gtren\system\View\View.php(232): CodeIgniter\View\View->CodeIgniter\View\{closure}()
#3 D:\projects\gtren\system\Common.php(1250): CodeIgniter\View\View->render('db_admin/produk...', Array, true)
#4 D:\projects\gtren\app\Controllers\Product.php(34): view('db_admin/produk...', Array)
#5 D:\projects\gtren\system\CodeIgniter.php(931): App\Controllers\Product->index()
#6 D:\projects\gtren\system\CodeIgniter.php(439): CodeIgniter\CodeIgniter->runController(Object(App\Controllers\Product))
#7 D:\projects\gtren\system\CodeIgniter.php(339): CodeIgniter\CodeIgniter->handleRequest(NULL, Object(Config\Cache), false)
#8 D:\projects\gtren\public\index.php(36): CodeIgniter\CodeIgniter->run()
#9 D:\projects\gtren\system\Commands\Server\rewrite.php(45): require_once('D:\\projects\\gtr...')
#10 {main}
CRITICAL - 2021-06-19 14:11:05 --> Undefined variable: delete_product
#0 D:\projects\gtren\app\Controllers\Product.php(48): CodeIgniter\Debug\Exceptions->errorHandler(8, 'Undefined varia...', 'D:\\projects\\gtr...', 48, Array)
#1 D:\projects\gtren\system\CodeIgniter.php(931): App\Controllers\Product->delete('1')
#2 D:\projects\gtren\system\CodeIgniter.php(439): CodeIgniter\CodeIgniter->runController(Object(App\Controllers\Product))
#3 D:\projects\gtren\system\CodeIgniter.php(339): CodeIgniter\CodeIgniter->handleRequest(NULL, Object(Config\Cache), false)
#4 D:\projects\gtren\public\index.php(36): CodeIgniter\CodeIgniter->run()
#5 D:\projects\gtren\system\Commands\Server\rewrite.php(45): require_once('D:\\projects\\gtr...')
#6 {main}
ERROR - 2021-06-19 14:27:09 --> You have an error in your SQL syntax; check the manual that corresponds to your MariaDB server version for the right syntax to use near 'as `category_id`
WHERE `products`.`deleted_at` IS NULL' at line 3
CRITICAL - 2021-06-19 14:27:09 --> You have an error in your SQL syntax; check the manual that corresponds to your MariaDB server version for the right syntax to use near 'as `category_id`
WHERE `products`.`deleted_at` IS NULL' at line 3
#0 D:\projects\gtren\system\Database\MySQLi\Connection.php(329): mysqli->query('SELECT COUNT(*)...')
#1 D:\projects\gtren\system\Database\BaseConnection.php(732): CodeIgniter\Database\MySQLi\Connection->execute('SELECT COUNT(*)...')
#2 D:\projects\gtren\system\Database\BaseConnection.php(647): CodeIgniter\Database\BaseConnection->simpleQuery('SELECT COUNT(*)...')
#3 D:\projects\gtren\system\Database\BaseBuilder.php(1981): CodeIgniter\Database\BaseConnection->query('SELECT COUNT(*)...', Array, false)
#4 D:\projects\gtren\system\Model.php(561): CodeIgniter\Database\BaseBuilder->countAllResults(false)
#5 D:\projects\gtren\system\BaseModel.php(1147): CodeIgniter\Model->countAllResults(false)
#6 D:\projects\gtren\app\Controllers\Product.php(29): CodeIgniter\BaseModel->paginate(15, 'products')
#7 D:\projects\gtren\system\CodeIgniter.php(931): App\Controllers\Product->index()
#8 D:\projects\gtren\system\CodeIgniter.php(439): CodeIgniter\CodeIgniter->runController(Object(App\Controllers\Product))
#9 D:\projects\gtren\system\CodeIgniter.php(339): CodeIgniter\CodeIgniter->handleRequest(NULL, Object(Config\Cache), false)
#10 D:\projects\gtren\public\index.php(36): CodeIgniter\CodeIgniter->run()
#11 D:\projects\gtren\system\Commands\Server\rewrite.php(45): require_once('D:\\projects\\gtr...')
#12 {main}
ERROR - 2021-06-19 14:28:05 --> Unknown column 'product_categories.id' in 'on clause'
CRITICAL - 2021-06-19 14:28:05 --> Unknown column 'product_categories.id' in 'on clause'
#0 D:\projects\gtren\system\Database\MySQLi\Connection.php(329): mysqli->query('SELECT COUNT(*)...')
#1 D:\projects\gtren\system\Database\BaseConnection.php(732): CodeIgniter\Database\MySQLi\Connection->execute('SELECT COUNT(*)...')
#2 D:\projects\gtren\system\Database\BaseConnection.php(647): CodeIgniter\Database\BaseConnection->simpleQuery('SELECT COUNT(*)...')
#3 D:\projects\gtren\system\Database\BaseBuilder.php(1981): CodeIgniter\Database\BaseConnection->query('SELECT COUNT(*)...', Array, false)
#4 D:\projects\gtren\system\Model.php(561): CodeIgniter\Database\BaseBuilder->countAllResults(false)
#5 D:\projects\gtren\system\BaseModel.php(1147): CodeIgniter\Model->countAllResults(false)
#6 D:\projects\gtren\app\Controllers\Product.php(29): CodeIgniter\BaseModel->paginate(15, 'products')
#7 D:\projects\gtren\system\CodeIgniter.php(931): App\Controllers\Product->index()
#8 D:\projects\gtren\system\CodeIgniter.php(439): CodeIgniter\CodeIgniter->runController(Object(App\Controllers\Product))
#9 D:\projects\gtren\system\CodeIgniter.php(339): CodeIgniter\CodeIgniter->handleRequest(NULL, Object(Config\Cache), false)
#10 D:\projects\gtren\public\index.php(36): CodeIgniter\CodeIgniter->run()
#11 D:\projects\gtren\system\Commands\Server\rewrite.php(45): require_once('D:\\projects\\gtr...')
#12 {main}
ERROR - 2021-06-19 14:29:00 --> You have an error in your SQL syntax; check the manual that corresponds to your MariaDB server version for the right syntax to use near '`left`
WHERE `products`.`deleted_at` IS NULL' at line 3
CRITICAL - 2021-06-19 14:29:00 --> You have an error in your SQL syntax; check the manual that corresponds to your MariaDB server version for the right syntax to use near '`left`
WHERE `products`.`deleted_at` IS NULL' at line 3
#0 D:\projects\gtren\system\Database\MySQLi\Connection.php(329): mysqli->query('SELECT COUNT(*)...')
#1 D:\projects\gtren\system\Database\BaseConnection.php(732): CodeIgniter\Database\MySQLi\Connection->execute('SELECT COUNT(*)...')
#2 D:\projects\gtren\system\Database\BaseConnection.php(647): CodeIgniter\Database\BaseConnection->simpleQuery('SELECT COUNT(*)...')
#3 D:\projects\gtren\system\Database\BaseBuilder.php(1981): CodeIgniter\Database\BaseConnection->query('SELECT COUNT(*)...', Array, false)
#4 D:\projects\gtren\system\Model.php(561): CodeIgniter\Database\BaseBuilder->countAllResults(false)
#5 D:\projects\gtren\system\BaseModel.php(1147): CodeIgniter\Model->countAllResults(false)
#6 D:\projects\gtren\app\Controllers\Product.php(29): CodeIgniter\BaseModel->paginate(15, 'products')
#7 D:\projects\gtren\system\CodeIgniter.php(931): App\Controllers\Product->index()
#8 D:\projects\gtren\system\CodeIgniter.php(439): CodeIgniter\CodeIgniter->runController(Object(App\Controllers\Product))
#9 D:\projects\gtren\system\CodeIgniter.php(339): CodeIgniter\CodeIgniter->handleRequest(NULL, Object(Config\Cache), false)
#10 D:\projects\gtren\public\index.php(36): CodeIgniter\CodeIgniter->run()
#11 D:\projects\gtren\system\Commands\Server\rewrite.php(45): require_once('D:\\projects\\gtr...')
#12 {main}
CRITICAL - 2021-06-19 15:08:31 --> syntax error, unexpected '}'
#0 D:\projects\gtren\system\Autoloader\Autoloader.php(282): CodeIgniter\Autoloader\Autoloader->includeFile('D:\\projects\\gtr...')
#1 D:\projects\gtren\system\Autoloader\Autoloader.php(247): CodeIgniter\Autoloader\Autoloader->loadInNamespace('App\\Controllers...')
#2 [internal function]: CodeIgniter\Autoloader\Autoloader->loadClass('App\\Controllers...')
#3 [internal function]: spl_autoload_call('App\\Controllers...')
#4 D:\projects\gtren\system\CodeIgniter.php(888): class_exists('\\App\\Controller...', true)
#5 D:\projects\gtren\system\CodeIgniter.php(424): CodeIgniter\CodeIgniter->startController()
#6 D:\projects\gtren\system\CodeIgniter.php(339): CodeIgniter\CodeIgniter->handleRequest(NULL, Object(Config\Cache), false)
#7 D:\projects\gtren\public\index.php(36): CodeIgniter\CodeIgniter->run()
#8 D:\projects\gtren\system\Commands\Server\rewrite.php(45): require_once('D:\\projects\\gtr...')
#9 {main}
CRITICAL - 2021-06-19 15:08:36 --> Undefined property: App\Controllers\Product::$db
#0 D:\projects\gtren\app\Controllers\Product.php(41): CodeIgniter\Debug\Exceptions->errorHandler(8, 'Undefined prope...', 'D:\\projects\\gtr...', 41, Array)
#1 D:\projects\gtren\system\CodeIgniter.php(931): App\Controllers\Product->index()
#2 D:\projects\gtren\system\CodeIgniter.php(439): CodeIgniter\CodeIgniter->runController(Object(App\Controllers\Product))
#3 D:\projects\gtren\system\CodeIgniter.php(339): CodeIgniter\CodeIgniter->handleRequest(NULL, Object(Config\Cache), false)
#4 D:\projects\gtren\public\index.php(36): CodeIgniter\CodeIgniter->run()
#5 D:\projects\gtren\system\Commands\Server\rewrite.php(45): require_once('D:\\projects\\gtr...')
#6 {main}
ERROR - 2021-06-19 15:08:50 --> Table 'ci4.category' doesn't exist
CRITICAL - 2021-06-19 15:08:50 --> Table 'ci4.category' doesn't exist
#0 D:\projects\gtren\system\Database\MySQLi\Connection.php(329): mysqli->query('SELECT DISTINCT...')
#1 D:\projects\gtren\system\Database\BaseConnection.php(732): CodeIgniter\Database\MySQLi\Connection->execute('SELECT DISTINCT...')
#2 D:\projects\gtren\system\Database\BaseConnection.php(647): CodeIgniter\Database\BaseConnection->simpleQuery('SELECT DISTINCT...')
#3 D:\projects\gtren\app\Controllers\Product.php(41): CodeIgniter\Database\BaseConnection->query('SELECT DISTINCT...')
#4 D:\projects\gtren\system\CodeIgniter.php(931): App\Controllers\Product->index()
#5 D:\projects\gtren\system\CodeIgniter.php(439): CodeIgniter\CodeIgniter->runController(Object(App\Controllers\Product))
#6 D:\projects\gtren\system\CodeIgniter.php(339): CodeIgniter\CodeIgniter->handleRequest(NULL, Object(Config\Cache), false)
#7 D:\projects\gtren\public\index.php(36): CodeIgniter\CodeIgniter->run()
#8 D:\projects\gtren\system\Commands\Server\rewrite.php(45): require_once('D:\\projects\\gtr...')
#9 {main}
ERROR - 2021-06-19 15:09:23 --> Unknown column 'product_categories.name' in 'field list'
CRITICAL - 2021-06-19 15:09:23 --> Unknown column 'product_categories.name' in 'field list'
#0 D:\projects\gtren\system\Database\MySQLi\Connection.php(329): mysqli->query('SELECT DISTINCT...')
#1 D:\projects\gtren\system\Database\BaseConnection.php(732): CodeIgniter\Database\MySQLi\Connection->execute('SELECT DISTINCT...')
#2 D:\projects\gtren\system\Database\BaseConnection.php(647): CodeIgniter\Database\BaseConnection->simpleQuery('SELECT DISTINCT...')
#3 D:\projects\gtren\app\Controllers\Product.php(41): CodeIgniter\Database\BaseConnection->query('SELECT DISTINCT...')
#4 D:\projects\gtren\system\CodeIgniter.php(931): App\Controllers\Product->index()
#5 D:\projects\gtren\system\CodeIgniter.php(439): CodeIgniter\CodeIgniter->runController(Object(App\Controllers\Product))
#6 D:\projects\gtren\system\CodeIgniter.php(339): CodeIgniter\CodeIgniter->handleRequest(NULL, Object(Config\Cache), false)
#7 D:\projects\gtren\public\index.php(36): CodeIgniter\CodeIgniter->run()
#8 D:\projects\gtren\system\Commands\Server\rewrite.php(45): require_once('D:\\projects\\gtr...')
#9 {main}
CRITICAL - 2021-06-19 15:11:20 --> Array to string conversion
#0 D:\projects\gtren\app\Controllers\Product.php(42): CodeIgniter\Debug\Exceptions->errorHandler(8, 'Array to string...', 'D:\\projects\\gtr...', 42, Array)
#1 D:\projects\gtren\system\CodeIgniter.php(931): App\Controllers\Product->index()
#2 D:\projects\gtren\system\CodeIgniter.php(439): CodeIgniter\CodeIgniter->runController(Object(App\Controllers\Product))
#3 D:\projects\gtren\system\CodeIgniter.php(339): CodeIgniter\CodeIgniter->handleRequest(NULL, Object(Config\Cache), false)
#4 D:\projects\gtren\public\index.php(36): CodeIgniter\CodeIgniter->run()
#5 D:\projects\gtren\system\Commands\Server\rewrite.php(45): require_once('D:\\projects\\gtr...')
#6 {main}
CRITICAL - 2021-06-19 15:29:50 --> syntax error, unexpected '}'
#0 D:\projects\gtren\system\Autoloader\Autoloader.php(282): CodeIgniter\Autoloader\Autoloader->includeFile('D:\\projects\\gtr...')
#1 D:\projects\gtren\system\Autoloader\Autoloader.php(247): CodeIgniter\Autoloader\Autoloader->loadInNamespace('App\\Controllers...')
#2 [internal function]: CodeIgniter\Autoloader\Autoloader->loadClass('App\\Controllers...')
#3 [internal function]: spl_autoload_call('App\\Controllers...')
#4 D:\projects\gtren\system\CodeIgniter.php(888): class_exists('\\App\\Controller...', true)
#5 D:\projects\gtren\system\CodeIgniter.php(424): CodeIgniter\CodeIgniter->startController()
#6 D:\projects\gtren\system\CodeIgniter.php(339): CodeIgniter\CodeIgniter->handleRequest(NULL, Object(Config\Cache), false)
#7 D:\projects\gtren\public\index.php(36): CodeIgniter\CodeIgniter->run()
#8 D:\projects\gtren\system\Commands\Server\rewrite.php(45): require_once('D:\\projects\\gtr...')
#9 {main}
ERROR - 2021-06-19 15:40:12 --> Unknown column 'products.slug' in 'field list'
CRITICAL - 2021-06-19 15:40:12 --> Unknown column 'products.slug' in 'field list'
#0 D:\projects\gtren\system\Database\MySQLi\Connection.php(329): mysqli->query('SELECT `product...')
#1 D:\projects\gtren\system\Database\BaseConnection.php(732): CodeIgniter\Database\MySQLi\Connection->execute('SELECT `product...')
#2 D:\projects\gtren\system\Database\BaseConnection.php(647): CodeIgniter\Database\BaseConnection->simpleQuery('SELECT `product...')
#3 D:\projects\gtren\system\Database\BaseBuilder.php(1881): CodeIgniter\Database\BaseConnection->query('SELECT `product...', Array, false)
#4 D:\projects\gtren\system\Model.php(197): CodeIgniter\Database\BaseBuilder->get()
#5 D:\projects\gtren\system\BaseModel.php(603): CodeIgniter\Model->doFindAll(15, 0)
#6 D:\projects\gtren\system\BaseModel.php(1151): CodeIgniter\BaseModel->findAll(15, 0)
#7 D:\projects\gtren\app\Controllers\Product.php(30): CodeIgniter\BaseModel->paginate(15, 'products')
#8 D:\projects\gtren\system\CodeIgniter.php(931): App\Controllers\Product->index()
#9 D:\projects\gtren\system\CodeIgniter.php(439): CodeIgniter\CodeIgniter->runController(Object(App\Controllers\Product))
#10 D:\projects\gtren\system\CodeIgniter.php(339): CodeIgniter\CodeIgniter->handleRequest(NULL, Object(Config\Cache), false)
#11 D:\projects\gtren\public\index.php(36): CodeIgniter\CodeIgniter->run()
#12 D:\projects\gtren\system\Commands\Server\rewrite.php(45): require_once('D:\\projects\\gtr...')
#13 {main}
CRITICAL - 2021-06-19 15:49:14 --> syntax error, unexpected 'dd' (T_STRING)
#0 D:\projects\gtren\system\Autoloader\Autoloader.php(282): CodeIgniter\Autoloader\Autoloader->includeFile('D:\\projects\\gtr...')
#1 D:\projects\gtren\system\Autoloader\Autoloader.php(247): CodeIgniter\Autoloader\Autoloader->loadInNamespace('App\\Controllers...')
#2 [internal function]: CodeIgniter\Autoloader\Autoloader->loadClass('App\\Controllers...')
#3 [internal function]: spl_autoload_call('App\\Controllers...')
#4 D:\projects\gtren\system\CodeIgniter.php(888): class_exists('\\App\\Controller...', true)
#5 D:\projects\gtren\system\CodeIgniter.php(424): CodeIgniter\CodeIgniter->startController()
#6 D:\projects\gtren\system\CodeIgniter.php(339): CodeIgniter\CodeIgniter->handleRequest(NULL, Object(Config\Cache), false)
#7 D:\projects\gtren\public\index.php(36): CodeIgniter\CodeIgniter->run()
#8 D:\projects\gtren\system\Commands\Server\rewrite.php(45): require_once('D:\\projects\\gtr...')
#9 {main}
CRITICAL - 2021-06-19 15:54:13 --> syntax error, unexpected 'foreach' (T_FOREACH)
#0 D:\projects\gtren\system\Autoloader\Autoloader.php(282): CodeIgniter\Autoloader\Autoloader->includeFile('D:\\projects\\gtr...')
#1 D:\projects\gtren\system\Autoloader\Autoloader.php(247): CodeIgniter\Autoloader\Autoloader->loadInNamespace('App\\Controllers...')
#2 [internal function]: CodeIgniter\Autoloader\Autoloader->loadClass('App\\Controllers...')
#3 [internal function]: spl_autoload_call('App\\Controllers...')
#4 D:\projects\gtren\system\CodeIgniter.php(888): class_exists('\\App\\Controller...', true)
#5 D:\projects\gtren\system\CodeIgniter.php(424): CodeIgniter\CodeIgniter->startController()
#6 D:\projects\gtren\system\CodeIgniter.php(339): CodeIgniter\CodeIgniter->handleRequest(NULL, Object(Config\Cache), false)
#7 D:\projects\gtren\public\index.php(36): CodeIgniter\CodeIgniter->run()
#8 D:\projects\gtren\system\Commands\Server\rewrite.php(45): require_once('D:\\projects\\gtr...')
#9 {main}
CRITICAL - 2021-06-19 15:59:20 --> number_format() expects parameter 1 to be float, string given
#0 [internal function]: CodeIgniter\Debug\Exceptions->errorHandler(2, 'number_format()...', 'D:\\projects\\gtr...', 69, Array)
#1 D:\projects\gtren\app\Views\db_admin\produk\produk_list.php(69): number_format('l')
#2 D:\projects\gtren\system\View\View.php(230): include('D:\\projects\\gtr...')
#3 D:\projects\gtren\system\View\View.php(232): CodeIgniter\View\View->CodeIgniter\View\{closure}()
#4 D:\projects\gtren\system\Common.php(1250): CodeIgniter\View\View->render('db_admin/produk...', Array, true)
#5 D:\projects\gtren\app\Controllers\Product.php(35): view('db_admin/produk...', Array)
#6 D:\projects\gtren\system\CodeIgniter.php(931): App\Controllers\Product->index()
#7 D:\projects\gtren\system\CodeIgniter.php(439): CodeIgniter\CodeIgniter->runController(Object(App\Controllers\Product))
#8 D:\projects\gtren\system\CodeIgniter.php(339): CodeIgniter\CodeIgniter->handleRequest(NULL, Object(Config\Cache), false)
#9 D:\projects\gtren\public\index.php(36): CodeIgniter\CodeIgniter->run()
#10 D:\projects\gtren\system\Commands\Server\rewrite.php(45): require_once('D:\\projects\\gtr...')
#11 {main}
CRITICAL - 2021-06-19 15:59:28 --> number_format() expects parameter 1 to be float, string given
#0 [internal function]: CodeIgniter\Debug\Exceptions->errorHandler(2, 'number_format()...', 'D:\\projects\\gtr...', 69, Array)
#1 D:\projects\gtren\app\Views\db_admin\produk\produk_list.php(69): number_format('l')
#2 D:\projects\gtren\system\View\View.php(230): include('D:\\projects\\gtr...')
#3 D:\projects\gtren\system\View\View.php(232): CodeIgniter\View\View->CodeIgniter\View\{closure}()
#4 D:\projects\gtren\system\Common.php(1250): CodeIgniter\View\View->render('db_admin/produk...', Array, true)
#5 D:\projects\gtren\app\Controllers\Product.php(35): view('db_admin/produk...', Array)
#6 D:\projects\gtren\system\CodeIgniter.php(931): App\Controllers\Product->index()
#7 D:\projects\gtren\system\CodeIgniter.php(439): CodeIgniter\CodeIgniter->runController(Object(App\Controllers\Product))
#8 D:\projects\gtren\system\CodeIgniter.php(339): CodeIgniter\CodeIgniter->handleRequest(NULL, Object(Config\Cache), false)
#9 D:\projects\gtren\public\index.php(36): CodeIgniter\CodeIgniter->run()
#10 D:\projects\gtren\system\Commands\Server\rewrite.php(45): require_once('D:\\projects\\gtr...')
#11 {main}
CRITICAL - 2021-06-19 16:04:52 --> number_format() expects parameter 1 to be float, string given
#0 [internal function]: CodeIgniter\Debug\Exceptions->errorHandler(2, 'number_format()...', 'D:\\projects\\gtr...', 69, Array)
#1 D:\projects\gtren\app\Views\db_admin\produk\produk_list.php(69): number_format('l')
#2 D:\projects\gtren\system\View\View.php(230): include('D:\\projects\\gtr...')
#3 D:\projects\gtren\system\View\View.php(232): CodeIgniter\View\View->CodeIgniter\View\{closure}()
#4 D:\projects\gtren\system\Common.php(1250): CodeIgniter\View\View->render('db_admin/produk...', Array, true)
#5 D:\projects\gtren\app\Controllers\Product.php(35): view('db_admin/produk...', Array)
#6 D:\projects\gtren\system\CodeIgniter.php(931): App\Controllers\Product->index()
#7 D:\projects\gtren\system\CodeIgniter.php(439): CodeIgniter\CodeIgniter->runController(Object(App\Controllers\Product))
#8 D:\projects\gtren\system\CodeIgniter.php(339): CodeIgniter\CodeIgniter->handleRequest(NULL, Object(Config\Cache), false)
#9 D:\projects\gtren\public\index.php(36): CodeIgniter\CodeIgniter->run()
#10 D:\projects\gtren\system\Commands\Server\rewrite.php(45): require_once('D:\\projects\\gtr...')
#11 {main}
CRITICAL - 2021-06-19 16:06:31 --> syntax error, unexpected 'dd' (T_STRING), expecting ';' or ','
#0 D:\projects\gtren\system\View\View.php(232): CodeIgniter\View\View->CodeIgniter\View\{closure}()
#1 D:\projects\gtren\system\Common.php(1250): CodeIgniter\View\View->render('db_admin/produk...', Array, true)
#2 D:\projects\gtren\app\Controllers\Product.php(35): view('db_admin/produk...', Array)
#3 D:\projects\gtren\system\CodeIgniter.php(931): App\Controllers\Product->index()
#4 D:\projects\gtren\system\CodeIgniter.php(439): CodeIgniter\CodeIgniter->runController(Object(App\Controllers\Product))
#5 D:\projects\gtren\system\CodeIgniter.php(339): CodeIgniter\CodeIgniter->handleRequest(NULL, Object(Config\Cache), false)
#6 D:\projects\gtren\public\index.php(36): CodeIgniter\CodeIgniter->run()
#7 D:\projects\gtren\system\Commands\Server\rewrite.php(45): require_once('D:\\projects\\gtr...')
#8 {main}
CRITICAL - 2021-06-19 16:06:37 --> syntax error, unexpected 'dd' (T_STRING), expecting ';' or ','
#0 D:\projects\gtren\system\View\View.php(232): CodeIgniter\View\View->CodeIgniter\View\{closure}()
#1 D:\projects\gtren\system\Common.php(1250): CodeIgniter\View\View->render('db_admin/produk...', Array, true)
#2 D:\projects\gtren\app\Controllers\Product.php(35): view('db_admin/produk...', Array)
#3 D:\projects\gtren\system\CodeIgniter.php(931): App\Controllers\Product->index()
#4 D:\projects\gtren\system\CodeIgniter.php(439): CodeIgniter\CodeIgniter->runController(Object(App\Controllers\Product))
#5 D:\projects\gtren\system\CodeIgniter.php(339): CodeIgniter\CodeIgniter->handleRequest(NULL, Object(Config\Cache), false)
#6 D:\projects\gtren\public\index.php(36): CodeIgniter\CodeIgniter->run()
#7 D:\projects\gtren\system\Commands\Server\rewrite.php(45): require_once('D:\\projects\\gtr...')
#8 {main}
CRITICAL - 2021-06-19 16:06:44 --> syntax error, unexpected 'var_dump' (T_STRING), expecting ';' or ','
#0 D:\projects\gtren\system\View\View.php(232): CodeIgniter\View\View->CodeIgniter\View\{closure}()
#1 D:\projects\gtren\system\Common.php(1250): CodeIgniter\View\View->render('db_admin/produk...', Array, true)
#2 D:\projects\gtren\app\Controllers\Product.php(35): view('db_admin/produk...', Array)
#3 D:\projects\gtren\system\CodeIgniter.php(931): App\Controllers\Product->index()
#4 D:\projects\gtren\system\CodeIgniter.php(439): CodeIgniter\CodeIgniter->runController(Object(App\Controllers\Product))
#5 D:\projects\gtren\system\CodeIgniter.php(339): CodeIgniter\CodeIgniter->handleRequest(NULL, Object(Config\Cache), false)
#6 D:\projects\gtren\public\index.php(36): CodeIgniter\CodeIgniter->run()
#7 D:\projects\gtren\system\Commands\Server\rewrite.php(45): require_once('D:\\projects\\gtr...')
#8 {main}
CRITICAL - 2021-06-19 16:57:38 --> syntax error, unexpected '$delete_photo' (T_VARIABLE)
#0 D:\projects\gtren\system\Autoloader\Autoloader.php(282): CodeIgniter\Autoloader\Autoloader->includeFile('D:\\projects\\gtr...')
#1 D:\projects\gtren\system\Autoloader\Autoloader.php(247): CodeIgniter\Autoloader\Autoloader->loadInNamespace('App\\Controllers...')
#2 [internal function]: CodeIgniter\Autoloader\Autoloader->loadClass('App\\Controllers...')
#3 [internal function]: spl_autoload_call('App\\Controllers...')
#4 D:\projects\gtren\system\CodeIgniter.php(888): class_exists('\\App\\Controller...', true)
#5 D:\projects\gtren\system\CodeIgniter.php(424): CodeIgniter\CodeIgniter->startController()
#6 D:\projects\gtren\system\CodeIgniter.php(339): CodeIgniter\CodeIgniter->handleRequest(NULL, Object(Config\Cache), false)
#7 D:\projects\gtren\public\index.php(36): CodeIgniter\CodeIgniter->run()
#8 D:\projects\gtren\system\Commands\Server\rewrite.php(45): require_once('D:\\projects\\gtr...')
#9 {main}
CRITICAL - 2021-06-19 17:01:30 --> Call to undefined method App\Models\ProductPhoto::where_in
#0 D:\projects\gtren\app\Controllers\Product.php(57): CodeIgniter\Model->__call('where_in', Array)
#1 D:\projects\gtren\system\CodeIgniter.php(931): App\Controllers\Product->delete('249')
#2 D:\projects\gtren\system\CodeIgniter.php(439): CodeIgniter\CodeIgniter->runController(Object(App\Controllers\Product))
#3 D:\projects\gtren\system\CodeIgniter.php(339): CodeIgniter\CodeIgniter->handleRequest(NULL, Object(Config\Cache), false)
#4 D:\projects\gtren\public\index.php(36): CodeIgniter\CodeIgniter->run()
#5 D:\projects\gtren\system\Commands\Server\rewrite.php(45): require_once('D:\\projects\\gtr...')
#6 {main}
CRITICAL - 2021-06-19 17:05:17 --> syntax error, unexpected 'foreach' (T_FOREACH)
#0 D:\projects\gtren\system\Autoloader\Autoloader.php(282): CodeIgniter\Autoloader\Autoloader->includeFile('D:\\projects\\gtr...')
#1 D:\projects\gtren\system\Autoloader\Autoloader.php(247): CodeIgniter\Autoloader\Autoloader->loadInNamespace('App\\Controllers...')
#2 [internal function]: CodeIgniter\Autoloader\Autoloader->loadClass('App\\Controllers...')
#3 [internal function]: spl_autoload_call('App\\Controllers...')
#4 D:\projects\gtren\system\CodeIgniter.php(888): class_exists('\\App\\Controller...', true)
#5 D:\projects\gtren\system\CodeIgniter.php(424): CodeIgniter\CodeIgniter->startController()
#6 D:\projects\gtren\system\CodeIgniter.php(339): CodeIgniter\CodeIgniter->handleRequest(NULL, Object(Config\Cache), false)
#7 D:\projects\gtren\public\index.php(36): CodeIgniter\CodeIgniter->run()
#8 D:\projects\gtren\system\Commands\Server\rewrite.php(45): require_once('D:\\projects\\gtr...')
#9 {main}
CRITICAL - 2021-06-19 17:08:46 --> syntax error, unexpected '}'
#0 D:\projects\gtren\system\Autoloader\Autoloader.php(282): CodeIgniter\Autoloader\Autoloader->includeFile('D:\\projects\\gtr...')
#1 D:\projects\gtren\system\Autoloader\Autoloader.php(247): CodeIgniter\Autoloader\Autoloader->loadInNamespace('App\\Controllers...')
#2 [internal function]: CodeIgniter\Autoloader\Autoloader->loadClass('App\\Controllers...')
#3 [internal function]: spl_autoload_call('App\\Controllers...')
#4 D:\projects\gtren\system\CodeIgniter.php(888): class_exists('\\App\\Controller...', true)
#5 D:\projects\gtren\system\CodeIgniter.php(424): CodeIgniter\CodeIgniter->startController()
#6 D:\projects\gtren\system\CodeIgniter.php(339): CodeIgniter\CodeIgniter->handleRequest(NULL, Object(Config\Cache), false)
#7 D:\projects\gtren\public\index.php(36): CodeIgniter\CodeIgniter->run()
#8 D:\projects\gtren\system\Commands\Server\rewrite.php(45): require_once('D:\\projects\\gtr...')
#9 {main}
CRITICAL - 2021-06-19 17:09:09 --> Undefined index: id
#0 D:\projects\gtren\app\Controllers\Product.php(52): CodeIgniter\Debug\Exceptions->errorHandler(8, 'Undefined index...', 'D:\\projects\\gtr...', 52, Array)
#1 D:\projects\gtren\system\CodeIgniter.php(931): App\Controllers\Product->delete('252')
#2 D:\projects\gtren\system\CodeIgniter.php(439): CodeIgniter\CodeIgniter->runController(Object(App\Controllers\Product))
#3 D:\projects\gtren\system\CodeIgniter.php(339): CodeIgniter\CodeIgniter->handleRequest(NULL, Object(Config\Cache), false)
#4 D:\projects\gtren\public\index.php(36): CodeIgniter\CodeIgniter->run()
#5 D:\projects\gtren\system\Commands\Server\rewrite.php(45): require_once('D:\\projects\\gtr...')
#6 {main}
CRITICAL - 2021-06-19 17:09:34 --> Trying to get property 'id' of non-object
#0 D:\projects\gtren\app\Controllers\Product.php(52): CodeIgniter\Debug\Exceptions->errorHandler(8, 'Trying to get p...', 'D:\\projects\\gtr...', 52, Array)
#1 D:\projects\gtren\system\CodeIgniter.php(931): App\Controllers\Product->delete('252')
#2 D:\projects\gtren\system\CodeIgniter.php(439): CodeIgniter\CodeIgniter->runController(Object(App\Controllers\Product))
#3 D:\projects\gtren\system\CodeIgniter.php(339): CodeIgniter\CodeIgniter->handleRequest(NULL, Object(Config\Cache), false)
#4 D:\projects\gtren\public\index.php(36): CodeIgniter\CodeIgniter->run()
#5 D:\projects\gtren\system\Commands\Server\rewrite.php(45): require_once('D:\\projects\\gtr...')
#6 {main}
CRITICAL - 2021-06-19 17:13:20 --> syntax error, unexpected '$delete_photo' (T_VARIABLE)
#0 D:\projects\gtren\system\Autoloader\Autoloader.php(282): CodeIgniter\Autoloader\Autoloader->includeFile('D:\\projects\\gtr...')
#1 D:\projects\gtren\system\Autoloader\Autoloader.php(247): CodeIgniter\Autoloader\Autoloader->loadInNamespace('App\\Controllers...')
#2 [internal function]: CodeIgniter\Autoloader\Autoloader->loadClass('App\\Controllers...')
#3 [internal function]: spl_autoload_call('App\\Controllers...')
#4 D:\projects\gtren\system\CodeIgniter.php(888): class_exists('\\App\\Controller...', true)
#5 D:\projects\gtren\system\CodeIgniter.php(424): CodeIgniter\CodeIgniter->startController()
#6 D:\projects\gtren\system\CodeIgniter.php(339): CodeIgniter\CodeIgniter->handleRequest(NULL, Object(Config\Cache), false)
#7 D:\projects\gtren\public\index.php(36): CodeIgniter\CodeIgniter->run()
#8 D:\projects\gtren\system\Commands\Server\rewrite.php(45): require_once('D:\\projects\\gtr...')
#9 {main}
CRITICAL - 2021-06-19 17:20:59 --> syntax error, unexpected '}'
#0 D:\projects\gtren\system\Autoloader\Autoloader.php(282): CodeIgniter\Autoloader\Autoloader->includeFile('D:\\projects\\gtr...')
#1 D:\projects\gtren\system\Autoloader\Autoloader.php(247): CodeIgniter\Autoloader\Autoloader->loadInNamespace('App\\Controllers...')
#2 [internal function]: CodeIgniter\Autoloader\Autoloader->loadClass('App\\Controllers...')
#3 [internal function]: spl_autoload_call('App\\Controllers...')
#4 D:\projects\gtren\system\CodeIgniter.php(888): class_exists('\\App\\Controller...', true)
#5 D:\projects\gtren\system\CodeIgniter.php(424): CodeIgniter\CodeIgniter->startController()
#6 D:\projects\gtren\system\CodeIgniter.php(339): CodeIgniter\CodeIgniter->handleRequest(NULL, Object(Config\Cache), false)
#7 D:\projects\gtren\public\index.php(36): CodeIgniter\CodeIgniter->run()
#8 D:\projects\gtren\system\Commands\Server\rewrite.php(45): require_once('D:\\projects\\gtr...')
#9 {main}
CRITICAL - 2021-06-19 17:21:02 --> syntax error, unexpected '}'
#0 D:\projects\gtren\system\Autoloader\Autoloader.php(282): CodeIgniter\Autoloader\Autoloader->includeFile('D:\\projects\\gtr...')
#1 D:\projects\gtren\system\Autoloader\Autoloader.php(247): CodeIgniter\Autoloader\Autoloader->loadInNamespace('App\\Controllers...')
#2 [internal function]: CodeIgniter\Autoloader\Autoloader->loadClass('App\\Controllers...')
#3 [internal function]: spl_autoload_call('App\\Controllers...')
#4 D:\projects\gtren\system\CodeIgniter.php(888): class_exists('\\App\\Controller...', true)
#5 D:\projects\gtren\system\CodeIgniter.php(424): CodeIgniter\CodeIgniter->startController()
#6 D:\projects\gtren\system\CodeIgniter.php(339): CodeIgniter\CodeIgniter->handleRequest(NULL, Object(Config\Cache), false)
#7 D:\projects\gtren\public\index.php(36): CodeIgniter\CodeIgniter->run()
#8 D:\projects\gtren\system\Commands\Server\rewrite.php(45): require_once('D:\\projects\\gtr...')
#9 {main}
CRITICAL - 2021-06-19 17:22:53 --> syntax error, unexpected '$files' (T_VARIABLE)
#0 D:\projects\gtren\system\Autoloader\Autoloader.php(282): CodeIgniter\Autoloader\Autoloader->includeFile('D:\\projects\\gtr...')
#1 D:\projects\gtren\system\Autoloader\Autoloader.php(247): CodeIgniter\Autoloader\Autoloader->loadInNamespace('App\\Controllers...')
#2 [internal function]: CodeIgniter\Autoloader\Autoloader->loadClass('App\\Controllers...')
#3 [internal function]: spl_autoload_call('App\\Controllers...')
#4 D:\projects\gtren\system\CodeIgniter.php(888): class_exists('\\App\\Controller...', true)
#5 D:\projects\gtren\system\CodeIgniter.php(424): CodeIgniter\CodeIgniter->startController()
#6 D:\projects\gtren\system\CodeIgniter.php(339): CodeIgniter\CodeIgniter->handleRequest(NULL, Object(Config\Cache), false)
#7 D:\projects\gtren\public\index.php(36): CodeIgniter\CodeIgniter->run()
#8 D:\projects\gtren\system\Commands\Server\rewrite.php(45): require_once('D:\\projects\\gtr...')
#9 {main}
CRITICAL - 2021-06-19 17:25:21 --> syntax error, unexpected '$files' (T_VARIABLE)
#0 D:\projects\gtren\system\Autoloader\Autoloader.php(282): CodeIgniter\Autoloader\Autoloader->includeFile('D:\\projects\\gtr...')
#1 D:\projects\gtren\system\Autoloader\Autoloader.php(247): CodeIgniter\Autoloader\Autoloader->loadInNamespace('App\\Controllers...')
#2 [internal function]: CodeIgniter\Autoloader\Autoloader->loadClass('App\\Controllers...')
#3 [internal function]: spl_autoload_call('App\\Controllers...')
#4 D:\projects\gtren\system\CodeIgniter.php(888): class_exists('\\App\\Controller...', true)
#5 D:\projects\gtren\system\CodeIgniter.php(424): CodeIgniter\CodeIgniter->startController()
#6 D:\projects\gtren\system\CodeIgniter.php(339): CodeIgniter\CodeIgniter->handleRequest(NULL, Object(Config\Cache), false)
#7 D:\projects\gtren\public\index.php(36): CodeIgniter\CodeIgniter->run()
#8 D:\projects\gtren\system\Commands\Server\rewrite.php(45): require_once('D:\\projects\\gtr...')
#9 {main}
CRITICAL - 2021-06-19 17:26:47 --> syntax error, unexpected 'dd' (T_STRING)
#0 D:\projects\gtren\system\Autoloader\Autoloader.php(282): CodeIgniter\Autoloader\Autoloader->includeFile('D:\\projects\\gtr...')
#1 D:\projects\gtren\system\Autoloader\Autoloader.php(247): CodeIgniter\Autoloader\Autoloader->loadInNamespace('App\\Controllers...')
#2 [internal function]: CodeIgniter\Autoloader\Autoloader->loadClass('App\\Controllers...')
#3 [internal function]: spl_autoload_call('App\\Controllers...')
#4 D:\projects\gtren\system\CodeIgniter.php(888): class_exists('\\App\\Controller...', true)
#5 D:\projects\gtren\system\CodeIgniter.php(424): CodeIgniter\CodeIgniter->startController()
#6 D:\projects\gtren\system\CodeIgniter.php(339): CodeIgniter\CodeIgniter->handleRequest(NULL, Object(Config\Cache), false)
#7 D:\projects\gtren\public\index.php(36): CodeIgniter\CodeIgniter->run()
#8 D:\projects\gtren\system\Commands\Server\rewrite.php(45): require_once('D:\\projects\\gtr...')
#9 {main}
CRITICAL - 2021-06-19 17:26:53 --> syntax error, unexpected 'dd' (T_STRING)
#0 D:\projects\gtren\system\Autoloader\Autoloader.php(282): CodeIgniter\Autoloader\Autoloader->includeFile('D:\\projects\\gtr...')
#1 D:\projects\gtren\system\Autoloader\Autoloader.php(247): CodeIgniter\Autoloader\Autoloader->loadInNamespace('App\\Controllers...')
#2 [internal function]: CodeIgniter\Autoloader\Autoloader->loadClass('App\\Controllers...')
#3 [internal function]: spl_autoload_call('App\\Controllers...')
#4 D:\projects\gtren\system\CodeIgniter.php(888): class_exists('\\App\\Controller...', true)
#5 D:\projects\gtren\system\CodeIgniter.php(424): CodeIgniter\CodeIgniter->startController()
#6 D:\projects\gtren\system\CodeIgniter.php(339): CodeIgniter\CodeIgniter->handleRequest(NULL, Object(Config\Cache), false)
#7 D:\projects\gtren\public\index.php(36): CodeIgniter\CodeIgniter->run()
#8 D:\projects\gtren\system\Commands\Server\rewrite.php(45): require_once('D:\\projects\\gtr...')
#9 {main}
CRITICAL - 2021-06-19 17:27:05 --> syntax error, unexpected 'dd' (T_STRING)
#0 D:\projects\gtren\system\Autoloader\Autoloader.php(282): CodeIgniter\Autoloader\Autoloader->includeFile('D:\\projects\\gtr...')
#1 D:\projects\gtren\system\Autoloader\Autoloader.php(247): CodeIgniter\Autoloader\Autoloader->loadInNamespace('App\\Controllers...')
#2 [internal function]: CodeIgniter\Autoloader\Autoloader->loadClass('App\\Controllers...')
#3 [internal function]: spl_autoload_call('App\\Controllers...')
#4 D:\projects\gtren\system\CodeIgniter.php(888): class_exists('\\App\\Controller...', true)
#5 D:\projects\gtren\system\CodeIgniter.php(424): CodeIgniter\CodeIgniter->startController()
#6 D:\projects\gtren\system\CodeIgniter.php(339): CodeIgniter\CodeIgniter->handleRequest(NULL, Object(Config\Cache), false)
#7 D:\projects\gtren\public\index.php(36): CodeIgniter\CodeIgniter->run()
#8 D:\projects\gtren\system\Commands\Server\rewrite.php(45): require_once('D:\\projects\\gtr...')
#9 {main}
CRITICAL - 2021-06-19 17:27:14 --> syntax error, unexpected '$files' (T_VARIABLE)
#0 D:\projects\gtren\system\Autoloader\Autoloader.php(282): CodeIgniter\Autoloader\Autoloader->includeFile('D:\\projects\\gtr...')
#1 D:\projects\gtren\system\Autoloader\Autoloader.php(247): CodeIgniter\Autoloader\Autoloader->loadInNamespace('App\\Controllers...')
#2 [internal function]: CodeIgniter\Autoloader\Autoloader->loadClass('App\\Controllers...')
#3 [internal function]: spl_autoload_call('App\\Controllers...')
#4 D:\projects\gtren\system\CodeIgniter.php(888): class_exists('\\App\\Controller...', true)
#5 D:\projects\gtren\system\CodeIgniter.php(424): CodeIgniter\CodeIgniter->startController()
#6 D:\projects\gtren\system\CodeIgniter.php(339): CodeIgniter\CodeIgniter->handleRequest(NULL, Object(Config\Cache), false)
#7 D:\projects\gtren\public\index.php(36): CodeIgniter\CodeIgniter->run()
#8 D:\projects\gtren\system\Commands\Server\rewrite.php(45): require_once('D:\\projects\\gtr...')
#9 {main}
ERROR - 2021-06-19 19:04:48 --> Unknown column 'products' in 'where clause'
CRITICAL - 2021-06-19 19:04:48 --> Unknown column 'products' in 'where clause'
#0 D:\projects\gtren\system\Database\MySQLi\Connection.php(329): mysqli->query('SELECT *\nFROM `...')
#1 D:\projects\gtren\system\Database\BaseConnection.php(732): CodeIgniter\Database\MySQLi\Connection->execute('SELECT *\nFROM `...')
#2 D:\projects\gtren\system\Database\BaseConnection.php(647): CodeIgniter\Database\BaseConnection->simpleQuery('SELECT *\nFROM `...')
#3 D:\projects\gtren\system\Database\BaseBuilder.php(1881): CodeIgniter\Database\BaseConnection->query('SELECT *\nFROM `...', Array, false)
#4 D:\projects\gtren\system\Model.php(197): CodeIgniter\Database\BaseBuilder->get()
#5 D:\projects\gtren\system\BaseModel.php(603): CodeIgniter\Model->doFindAll(0, 0)
#6 D:\projects\gtren\app\Controllers\Product.php(148): CodeIgniter\BaseModel->findAll()
#7 D:\projects\gtren\system\CodeIgniter.php(931): App\Controllers\Product->search()
#8 D:\projects\gtren\system\CodeIgniter.php(439): CodeIgniter\CodeIgniter->runController(Object(App\Controllers\Product))
#9 D:\projects\gtren\system\CodeIgniter.php(339): CodeIgniter\CodeIgniter->handleRequest(NULL, Object(Config\Cache), false)
#10 D:\projects\gtren\public\index.php(36): CodeIgniter\CodeIgniter->run()
#11 D:\projects\gtren\system\Commands\Server\rewrite.php(45): require_once('D:\\projects\\gtr...')
#12 {main}
CRITICAL - 2021-06-19 19:05:24 --> Undefined variable: categories
#0 D:\projects\gtren\app\Views\db_admin\produk\produk_list.php(37): CodeIgniter\Debug\Exceptions->errorHandler(8, 'Undefined varia...', 'D:\\projects\\gtr...', 37, Array)
#1 D:\projects\gtren\system\View\View.php(230): include('D:\\projects\\gtr...')
#2 D:\projects\gtren\system\View\View.php(232): CodeIgniter\View\View->CodeIgniter\View\{closure}()
#3 D:\projects\gtren\system\Common.php(1250): CodeIgniter\View\View->render('db_admin/produk...', Array, true)
#4 D:\projects\gtren\app\Controllers\Product.php(149): view('db_admin/produk...', Array)
#5 D:\projects\gtren\system\CodeIgniter.php(931): App\Controllers\Product->search()
#6 D:\projects\gtren\system\CodeIgniter.php(439): CodeIgniter\CodeIgniter->runController(Object(App\Controllers\Product))
#7 D:\projects\gtren\system\CodeIgniter.php(339): CodeIgniter\CodeIgniter->handleRequest(NULL, Object(Config\Cache), false)
#8 D:\projects\gtren\public\index.php(36): CodeIgniter\CodeIgniter->run()
#9 D:\projects\gtren\system\Commands\Server\rewrite.php(45): require_once('D:\\projects\\gtr...')
#10 {main}
